2018-09-13 17:30:00.386 demo [restartedMain] INFO  o.s.b.w.e.tomcat.TomcatWebServer - Tomcat initialized with port(s): 80 (http)
2018-09-13 17:30:00.420 demo [restartedMain] INFO  o.a.catalina.core.StandardService - Starting service [Tomcat]
2018-09-13 17:30:00.420 demo [restartedMain] INFO  o.a.catalina.core.StandardEngine - Starting Servlet Engine: Apache Tomcat/8.5.32
2018-09-13 17:30:00.438 demo [localhost-startStop-1] INFO  o.a.c.core.AprLifecycleListener - The APR based Apache Tomcat Native library which allows optimal performance in production environments was not found on the java.library.path: [E:\Program Files\Java\jdk1.8.0_144\bin;C:\Windows\Sun\Java\bin;C:\Windows\system32;C:\Windows;E:/Program Files/Java/jdk1.8.0_144/bin/../jre/bin/server;E:/Program Files/Java/jdk1.8.0_144/bin/../jre/bin;E:/Program Files/Java/jdk1.8.0_144/bin/../jre/lib/amd64;E:\Program Files\Java\jdk1.8.0_144\bin;C:\Program Files (x86)\Intel\iCLS Client\;C:\Program Files\Intel\iCLS Client\;C:\Windows\system32;C:\Windows;C:\Windows\System32\Wbem;C:\Windows\System32\WindowsPowerShell\v1.0\;C:\Program Files (x86)\Intel\Intel(R) Management Engine Components\DAL;C:\Program Files\Intel\Intel(R) Management Engine Components\DAL;C:\Program Files (x86)\Intel\Intel(R) Management Engine Components\IPT;C:\Program Files\Intel\Intel(R) Management Engine Components\IPT;D:\Program Files\TortoiseSVN\bin;E:\apache-maven-3.5.0\bin;C:\Program Files (x86)\Microsoft SQL Server\100\Tools\Binn\;C:\Program Files\Microsoft SQL Server\100\Tools\Binn\;C:\Program Files\Microsoft SQL Server\100\DTS\Binn\;C:\Program Files (x86)\Microsoft SQL Server\100\Tools\Binn\VSShell\Common7\IDE\;C:\Program Files (x86)\Microsoft Visual Studio 9.0\Common7\IDE\PrivateAssemblies\;C:\Program Files (x86)\Microsoft SQL Server\100\DTS\Binn\;E:\eclipse;;.]
2018-09-13 17:30:00.624 demo [localhost-startStop-1] INFO  o.a.c.c.C.[Tomcat].[localhost].[/] - Initializing Spring embedded WebApplicationContext
2018-09-13 17:30:00.624 demo [localhost-startStop-1] INFO  o.s.web.context.ContextLoader - Root WebApplicationContext: initialization completed in 2945 ms
2018-09-13 17:30:00.749 demo [localhost-startStop-1] INFO  o.s.b.w.s.ServletRegistrationBean - Servlet dispatcherServlet mapped to [/]
2018-09-13 17:30:00.753 demo [localhost-startStop-1] INFO  o.s.b.w.s.FilterRegistrationBean - Mapping filter: 'characterEncodingFilter' to: [/*]
2018-09-13 17:30:00.753 demo [localhost-startStop-1] INFO  o.s.b.w.s.FilterRegistrationBean - Mapping filter: 'hiddenHttpMethodFilter' to: [/*]
2018-09-13 17:30:00.754 demo [localhost-startStop-1] INFO  o.s.b.w.s.FilterRegistrationBean - Mapping filter: 'httpPutFormContentFilter' to: [/*]
2018-09-13 17:30:00.754 demo [localhost-startStop-1] INFO  o.s.b.w.s.FilterRegistrationBean - Mapping filter: 'requestContextFilter' to: [/*]
2018-09-13 17:30:00.754 demo [localhost-startStop-1] INFO  o.s.b.w.s.FilterRegistrationBean - Mapping filter: 'myFilter' to: [/*]
2018-09-13 17:30:00.754 demo [localhost-startStop-1] INFO  o.s.b.w.s.FilterRegistrationBean - Mapping filter: 'shirFilter' to: [/*]
2018-09-13 17:30:00.815 demo [restartedMain] INFO  c.leap.demo.common.redis.RedisConfig - ==>初始化jedis连接池
2018-09-13 17:30:00.866 demo [restartedMain] INFO  c.l.d.c.s.ShiroConfig$$EnhancerBySpringCGLIB$$2e0fdd34 - 自定义CacheManager
2018-09-13 17:30:00.871 demo [restartedMain] INFO  c.l.d.c.s.ShiroConfig$$EnhancerBySpringCGLIB$$2e0fdd34 - 自定义sessionDao
2018-09-13 17:30:01.022 demo [restartedMain] INFO  o.s.w.s.h.SimpleUrlHandlerMapping - Mapped URL path [/**/favicon.ico] onto handler of type [class org.springframework.web.servlet.resource.ResourceHttpRequestHandler]
2018-09-13 17:30:01.357 demo [restartedMain] INFO  o.s.w.s.m.m.a.RequestMappingHandlerAdapter - Looking for @ControllerAdvice: org.springframework.boot.web.servlet.context.AnnotationConfigServletWebServerApplicationContext@7ffcf117: startup date [Thu Sep 13 17:29:57 CST 2018]; root of context hierarchy
2018-09-13 17:30:01.432 demo [restartedMain] INFO  o.s.w.s.m.m.a.RequestMappingHandlerMapping - Mapped "{[/hello]}" onto public java.lang.String cn.leap.demo.modules.system.controller.HelloApplication.hello()
2018-09-13 17:30:01.437 demo [restartedMain] INFO  o.s.w.s.m.m.a.RequestMappingHandlerMapping - Mapped "{[/user/register]}" onto public java.lang.String cn.leap.demo.modules.system.controller.UserController.register()
2018-09-13 17:30:01.438 demo [restartedMain] INFO  o.s.w.s.m.m.a.RequestMappingHandlerMapping - Mapped "{[/user/get]}" onto public cn.leap.demo.modules.system.model.User cn.leap.demo.modules.system.controller.UserController.getUser()
2018-09-13 17:30:01.438 demo [restartedMain] INFO  o.s.w.s.m.m.a.RequestMappingHandlerMapping - Mapped "{[/user/getList]}" onto public cn.leap.demo.common.utils.EasyPage<cn.leap.demo.modules.system.model.User> cn.leap.demo.modules.system.controller.UserController.getUserList()
2018-09-13 17:30:01.438 demo [restartedMain] INFO  o.s.w.s.m.m.a.RequestMappingHandlerMapping - Mapped "{[/user/doLogin]}" onto public cn.leap.demo.modules.system.model.User cn.leap.demo.modules.system.controller.UserController.doLogin(cn.leap.demo.modules.system.model.User)
2018-09-13 17:30:01.440 demo [restartedMain] INFO  o.s.w.s.m.m.a.RequestMappingHandlerMapping - Mapped "{[/error]}" onto public org.springframework.http.ResponseEntity<java.util.Map<java.lang.String, java.lang.Object>> org.springframework.boot.autoconfigure.web.servlet.error.BasicErrorController.error(javax.servlet.http.HttpServletRequest)
2018-09-13 17:30:01.441 demo [restartedMain] INFO  o.s.w.s.m.m.a.RequestMappingHandlerMapping - Mapped "{[/error],produces=[text/html]}" onto public org.springframework.web.servlet.ModelAndView org.springframework.boot.autoconfigure.web.servlet.error.BasicErrorController.errorHtml(javax.servlet.http.HttpServletRequest,javax.servlet.http.HttpServletResponse)
2018-09-13 17:30:01.495 demo [restartedMain] INFO  o.s.w.s.h.SimpleUrlHandlerMapping - Mapped URL path [/webjars/**] onto handler of type [class org.springframework.web.servlet.resource.ResourceHttpRequestHandler]
2018-09-13 17:30:01.495 demo [restartedMain] INFO  o.s.w.s.h.SimpleUrlHandlerMapping - Mapped URL path [/**] onto handler of type [class org.springframework.web.servlet.resource.ResourceHttpRequestHandler]
2018-09-13 17:30:01.996 demo [restartedMain] INFO  o.s.b.d.a.OptionalLiveReloadServer - LiveReload server is running on port 35729
2018-09-13 17:30:02.022 demo [restartedMain] INFO  o.s.j.e.a.AnnotationMBeanExporter - Registering beans for JMX exposure on startup
2018-09-13 17:30:02.024 demo [restartedMain] INFO  o.s.j.e.a.AnnotationMBeanExporter - Bean with name 'dataSource' has been autodetected for JMX exposure
2018-09-13 17:30:02.028 demo [restartedMain] INFO  o.s.j.e.a.AnnotationMBeanExporter - Located MBean 'dataSource': registering with JMX server as MBean [com.zaxxer.hikari:name=dataSource,type=HikariDataSource]
2018-09-13 17:30:02.063 demo [restartedMain] INFO  o.s.b.w.e.tomcat.TomcatWebServer - Tomcat started on port(s): 80 (http) with context path ''
2018-09-13 17:30:02.082 demo [restartedMain] INFO  cn.leap.demo.Application - Started Application in 4.864 seconds (JVM running for 5.273)
2018-09-13 17:30:09.718 demo [http-nio-80-exec-1] INFO  o.a.c.c.C.[Tomcat].[localhost].[/] - Initializing Spring FrameworkServlet 'dispatcherServlet'
2018-09-13 17:30:09.719 demo [http-nio-80-exec-1] INFO  o.s.web.servlet.DispatcherServlet - FrameworkServlet 'dispatcherServlet': initialization started
2018-09-13 17:30:09.742 demo [http-nio-80-exec-1] INFO  o.s.web.servlet.DispatcherServlet - FrameworkServlet 'dispatcherServlet': initialization completed in 23 ms
2018-09-13 17:30:09.773 demo [http-nio-80-exec-1] WARN  o.a.s.mgt.AbstractRememberMeManager - There was a failure while trying to retrieve remembered principals.  This could be due to a configuration problem or corrupted principals.  This could also be due to a recently changed encryption key, if you are using a shiro.ini file, this property would be 'securityManager.rememberMeManager.cipherKey' see: http://shiro.apache.org/web.html#Web-RememberMeServices. The remembered identity will be forgotten and not used for this request.
2018-09-13 17:30:09.775 demo [http-nio-80-exec-1] WARN  o.a.shiro.mgt.DefaultSecurityManager - Delegate RememberMeManager instance of type [org.apache.shiro.web.mgt.CookieRememberMeManager] threw an exception during getRememberedPrincipals().
org.apache.shiro.crypto.CryptoException: Unable to execute 'doFinal' with cipher instance [javax.crypto.Cipher@701e6a41].
	at org.apache.shiro.crypto.JcaCipherService.crypt(JcaCipherService.java:462)
	at org.apache.shiro.crypto.JcaCipherService.crypt(JcaCipherService.java:445)
	at org.apache.shiro.crypto.JcaCipherService.decrypt(JcaCipherService.java:390)
	at org.apache.shiro.crypto.JcaCipherService.decrypt(JcaCipherService.java:382)
	at org.apache.shiro.mgt.AbstractRememberMeManager.decrypt(AbstractRememberMeManager.java:482)
	at org.apache.shiro.mgt.AbstractRememberMeManager.convertBytesToPrincipals(AbstractRememberMeManager.java:419)
	at org.apache.shiro.mgt.AbstractRememberMeManager.getRememberedPrincipals(AbstractRememberMeManager.java:386)
	at org.apache.shiro.mgt.DefaultSecurityManager.getRememberedIdentity(DefaultSecurityManager.java:604)
	at org.apache.shiro.mgt.DefaultSecurityManager.resolvePrincipals(DefaultSecurityManager.java:492)
	at org.apache.shiro.mgt.DefaultSecurityManager.createSubject(DefaultSecurityManager.java:342)
	at org.apache.shiro.subject.Subject$Builder.buildSubject(Subject.java:846)
	at org.apache.shiro.web.subject.WebSubject$Builder.buildWebSubject(WebSubject.java:148)
	at org.apache.shiro.web.servlet.AbstractShiroFilter.createSubject(AbstractShiroFilter.java:292)
	at org.apache.shiro.web.servlet.AbstractShiroFilter.doFilterInternal(AbstractShiroFilter.java:359)
	at org.apache.shiro.web.servlet.OncePerRequestFilter.doFilter(OncePerRequestFilter.java:125)
	at org.apache.catalina.core.ApplicationFilterChain.internalDoFilter(ApplicationFilterChain.java:193)
	at org.apache.catalina.core.ApplicationFilterChain.doFilter(ApplicationFilterChain.java:166)
	at cn.leap.demo.common.filter.MyFilter.doFilter(MyFilter.java:39)
	at org.apache.catalina.core.ApplicationFilterChain.internalDoFilter(ApplicationFilterChain.java:193)
	at org.apache.catalina.core.ApplicationFilterChain.doFilter(ApplicationFilterChain.java:166)
	at org.springframework.web.filter.RequestContextFilter.doFilterInternal(RequestContextFilter.java:99)
	at org.springframework.web.filter.OncePerRequestFilter.doFilter(OncePerRequestFilter.java:107)
	at org.apache.catalina.core.ApplicationFilterChain.internalDoFilter(ApplicationFilterChain.java:193)
	at org.apache.catalina.core.ApplicationFilterChain.doFilter(ApplicationFilterChain.java:166)
	at org.springframework.web.filter.HttpPutFormContentFilter.doFilterInternal(HttpPutFormContentFilter.java:109)
	at org.springframework.web.filter.OncePerRequestFilter.doFilter(OncePerRequestFilter.java:107)
	at org.apache.catalina.core.ApplicationFilterChain.internalDoFilter(ApplicationFilterChain.java:193)
	at org.apache.catalina.core.ApplicationFilterChain.doFilter(ApplicationFilterChain.java:166)
	at org.springframework.web.filter.HiddenHttpMethodFilter.doFilterInternal(HiddenHttpMethodFilter.java:93)
	at org.springframework.web.filter.OncePerRequestFilter.doFilter(OncePerRequestFilter.java:107)
	at org.apache.catalina.core.ApplicationFilterChain.internalDoFilter(ApplicationFilterChain.java:193)
	at org.apache.catalina.core.ApplicationFilterChain.doFilter(ApplicationFilterChain.java:166)
	at org.springframework.web.filter.CharacterEncodingFilter.doFilterInternal(CharacterEncodingFilter.java:200)
	at org.springframework.web.filter.OncePerRequestFilter.doFilter(OncePerRequestFilter.java:107)
	at org.apache.catalina.core.ApplicationFilterChain.internalDoFilter(ApplicationFilterChain.java:193)
	at org.apache.catalina.core.ApplicationFilterChain.doFilter(ApplicationFilterChain.java:166)
	at org.apache.catalina.core.StandardWrapperValve.invoke(StandardWrapperValve.java:198)
	at org.apache.catalina.core.StandardContextValve.invoke(StandardContextValve.java:96)
	at org.apache.catalina.authenticator.AuthenticatorBase.invoke(AuthenticatorBase.java:493)
	at org.apache.catalina.core.StandardHostValve.invoke(StandardHostValve.java:140)
	at org.apache.catalina.valves.ErrorReportValve.invoke(ErrorReportValve.java:81)
	at org.apache.catalina.core.StandardEngineValve.invoke(StandardEngineValve.java:87)
	at org.apache.catalina.connector.CoyoteAdapter.service(CoyoteAdapter.java:342)
	at org.apache.coyote.http11.Http11Processor.service(Http11Processor.java:800)
	at org.apache.coyote.AbstractProcessorLight.process(AbstractProcessorLight.java:66)
	at org.apache.coyote.AbstractProtocol$ConnectionHandler.process(AbstractProtocol.java:800)
	at org.apache.tomcat.util.net.NioEndpoint$SocketProcessor.doRun(NioEndpoint.java:1471)
	at org.apache.tomcat.util.net.SocketProcessorBase.run(SocketProcessorBase.java:49)
	at java.util.concurrent.ThreadPoolExecutor.runWorker(ThreadPoolExecutor.java:1149)
	at java.util.concurrent.ThreadPoolExecutor$Worker.run(ThreadPoolExecutor.java:624)
	at org.apache.tomcat.util.threads.TaskThread$WrappingRunnable.run(TaskThread.java:61)
	at java.lang.Thread.run(Thread.java:748)
Caused by: javax.crypto.BadPaddingException: Given final block not properly padded
	at com.sun.crypto.provider.CipherCore.doFinal(CipherCore.java:989)
	at com.sun.crypto.provider.CipherCore.doFinal(CipherCore.java:845)
	at com.sun.crypto.provider.AESCipher.engineDoFinal(AESCipher.java:446)
	at javax.crypto.Cipher.doFinal(Cipher.java:2165)
	at org.apache.shiro.crypto.JcaCipherService.crypt(JcaCipherService.java:459)
	... 51 common frames omitted
2018-09-13 17:30:09.817 demo [http-nio-80-exec-1] INFO  c.l.d.m.system.service.UserService - zwb{UserService.doLogin}==>进入函数
2018-09-13 17:30:09.818 demo [http-nio-80-exec-1] INFO  c.l.d.m.system.service.UserService - zwb{UserService.doLogin}==>用户未通过认证，准备进行认证
2018-09-13 17:30:09.882 demo [http-nio-80-exec-1] INFO  com.zaxxer.hikari.HikariDataSource - HikariPool-1 - Starting...
2018-09-13 17:30:10.077 demo [http-nio-80-exec-1] INFO  com.zaxxer.hikari.HikariDataSource - HikariPool-1 - Start completed.
2018-09-13 17:30:10.131 demo [http-nio-80-exec-1] INFO  c.l.d.m.system.service.UserService - zwb{UserService.doLogin}==>用户认证完成
2018-09-13 17:30:10.131 demo [http-nio-80-exec-1] INFO  c.l.d.m.system.service.UserService - zwb{UserService.doLogin}==>认证完成后获取用户信息
