2018-09-17 17:33:19.439 demo [main] INFO  cn.leap.demo.Application - Starting Application on jxnxt-PC with PID 1664 (F:\Users\jxnxt\workspace\demo\target\classes started by jxnxt in F:\Users\jxnxt\workspace\demo)
2018-09-17 17:33:19.452 demo [main] INFO  cn.leap.demo.Application - The following profiles are active: prod
2018-09-17 17:33:19.507 demo [main] INFO  o.s.b.w.s.c.AnnotationConfigServletWebServerApplicationContext - Refreshing org.springframework.boot.web.servlet.context.AnnotationConfigServletWebServerApplicationContext@3700ec9c: startup date [Mon Sep 17 17:33:19 CST 2018]; root of context hierarchy
2018-09-17 17:33:20.607 demo [main] INFO  o.s.d.r.c.RepositoryConfigurationDelegate - Multiple Spring Data modules found, entering strict repository configuration mode!
2018-09-17 17:33:21.145 demo [main] INFO  o.s.c.s.PostProcessorRegistrationDelegate$BeanPostProcessorChecker - Bean 'org.springframework.transaction.annotation.ProxyTransactionManagementConfiguration' of type [org.springframework.transaction.annotation.ProxyTransactionManagementConfiguration$$EnhancerBySpringCGLIB$$c34d2657] is not eligible for getting processed by all BeanPostProcessors (for example: not eligible for auto-proxying)
2018-09-17 17:33:21.387 demo [main] INFO  o.s.c.s.PostProcessorRegistrationDelegate$BeanPostProcessorChecker - Bean 'redisConfig' of type [cn.leap.demo.common.redis.RedisConfig$$EnhancerBySpringCGLIB$$280e99eb] is not eligible for getting processed by all BeanPostProcessors (for example: not eligible for auto-proxying)
2018-09-17 17:33:21.444 demo [main] INFO  o.s.c.s.PostProcessorRegistrationDelegate$BeanPostProcessorChecker - Bean 'shiroConfig' of type [cn.leap.demo.common.shiro.ShiroConfig$$EnhancerBySpringCGLIB$$b125aad7] is not eligible for getting processed by all BeanPostProcessors (for example: not eligible for auto-proxying)
2018-09-17 17:33:22.121 demo [main] INFO  o.s.c.s.PostProcessorRegistrationDelegate$BeanPostProcessorChecker - Bean 'org.springframework.boot.context.properties.ConversionServiceDeducer$Factory' of type [org.springframework.boot.context.properties.ConversionServiceDeducer$Factory] is not eligible for getting processed by all BeanPostProcessors (for example: not eligible for auto-proxying)
2018-09-17 17:33:22.148 demo [main] INFO  o.s.c.s.PostProcessorRegistrationDelegate$BeanPostProcessorChecker - Bean 'mybatis-org.mybatis.spring.boot.autoconfigure.MybatisProperties' of type [org.mybatis.spring.boot.autoconfigure.MybatisProperties] is not eligible for getting processed by all BeanPostProcessors (for example: not eligible for auto-proxying)
2018-09-17 17:33:22.176 demo [main] INFO  o.s.c.s.PostProcessorRegistrationDelegate$BeanPostProcessorChecker - Bean 'org.mybatis.spring.boot.autoconfigure.MybatisAutoConfiguration' of type [org.mybatis.spring.boot.autoconfigure.MybatisAutoConfiguration$$EnhancerBySpringCGLIB$$f6217787] is not eligible for getting processed by all BeanPostProcessors (for example: not eligible for auto-proxying)
2018-09-17 17:33:22.190 demo [main] INFO  o.s.c.s.PostProcessorRegistrationDelegate$BeanPostProcessorChecker - Bean 'org.springframework.boot.autoconfigure.jdbc.DataSourceConfiguration$Hikari' of type [org.springframework.boot.autoconfigure.jdbc.DataSourceConfiguration$Hikari] is not eligible for getting processed by all BeanPostProcessors (for example: not eligible for auto-proxying)
2018-09-17 17:33:22.209 demo [main] INFO  o.s.c.s.PostProcessorRegistrationDelegate$BeanPostProcessorChecker - Bean 'spring.datasource-org.springframework.boot.autoconfigure.jdbc.DataSourceProperties' of type [org.springframework.boot.autoconfigure.jdbc.DataSourceProperties] is not eligible for getting processed by all BeanPostProcessors (for example: not eligible for auto-proxying)
2018-09-17 17:33:22.302 demo [main] INFO  o.s.c.s.PostProcessorRegistrationDelegate$BeanPostProcessorChecker - Bean 'dataSource' of type [com.zaxxer.hikari.HikariDataSource] is not eligible for getting processed by all BeanPostProcessors (for example: not eligible for auto-proxying)
2018-09-17 17:33:22.358 demo [main] INFO  o.s.c.s.PostProcessorRegistrationDelegate$BeanPostProcessorChecker - Bean 'org.springframework.boot.autoconfigure.jdbc.DataSourceInitializerInvoker' of type [org.springframework.boot.autoconfigure.jdbc.DataSourceInitializerInvoker] is not eligible for getting processed by all BeanPostProcessors (for example: not eligible for auto-proxying)
2018-09-17 17:33:22.540 demo [main] INFO  o.s.c.s.PostProcessorRegistrationDelegate$BeanPostProcessorChecker - Bean 'sqlSessionFactory' of type [org.apache.ibatis.session.defaults.DefaultSqlSessionFactory] is not eligible for getting processed by all BeanPostProcessors (for example: not eligible for auto-proxying)
2018-09-17 17:33:22.556 demo [main] INFO  o.s.c.s.PostProcessorRegistrationDelegate$BeanPostProcessorChecker - Bean 'sqlSessionTemplate' of type [org.mybatis.spring.SqlSessionTemplate] is not eligible for getting processed by all BeanPostProcessors (for example: not eligible for auto-proxying)
2018-09-17 17:33:22.575 demo [main] INFO  o.s.c.s.PostProcessorRegistrationDelegate$BeanPostProcessorChecker - Bean 'userDao' of type [org.mybatis.spring.mapper.MapperFactoryBean] is not eligible for getting processed by all BeanPostProcessors (for example: not eligible for auto-proxying)
2018-09-17 17:33:22.582 demo [main] INFO  o.s.c.s.PostProcessorRegistrationDelegate$BeanPostProcessorChecker - Bean 'userDao' of type [com.sun.proxy.$Proxy96] is not eligible for getting processed by all BeanPostProcessors (for example: not eligible for auto-proxying)
2018-09-17 17:33:22.587 demo [main] INFO  o.s.c.s.PostProcessorRegistrationDelegate$BeanPostProcessorChecker - Bean 'userService' of type [cn.leap.demo.modules.system.service.UserService] is not eligible for getting processed by all BeanPostProcessors (for example: not eligible for auto-proxying)
2018-09-17 17:33:22.614 demo [main] INFO  o.s.c.s.PostProcessorRegistrationDelegate$BeanPostProcessorChecker - Bean 'createMyRealm' of type [cn.leap.demo.common.shiro.ShiroRealm] is not eligible for getting processed by all BeanPostProcessors (for example: not eligible for auto-proxying)
2018-09-17 17:33:22.651 demo [main] INFO  c.l.d.c.s.ShiroConfig$$EnhancerBySpringCGLIB$$b125aad7 - 自定义CacheManager
2018-09-17 17:33:22.677 demo [main] INFO  o.s.c.s.PostProcessorRegistrationDelegate$BeanPostProcessorChecker - Bean 'spring.redis-org.springframework.boot.autoconfigure.data.redis.RedisProperties' of type [org.springframework.boot.autoconfigure.data.redis.RedisProperties] is not eligible for getting processed by all BeanPostProcessors (for example: not eligible for auto-proxying)
2018-09-17 17:33:22.694 demo [main] INFO  o.s.c.s.PostProcessorRegistrationDelegate$BeanPostProcessorChecker - Bean 'org.springframework.boot.autoconfigure.data.redis.LettuceConnectionConfiguration' of type [org.springframework.boot.autoconfigure.data.redis.LettuceConnectionConfiguration$$EnhancerBySpringCGLIB$$d866e4a1] is not eligible for getting processed by all BeanPostProcessors (for example: not eligible for auto-proxying)
2018-09-17 17:33:22.900 demo [main] INFO  o.s.c.s.PostProcessorRegistrationDelegate$BeanPostProcessorChecker - Bean 'lettuceClientResources' of type [io.lettuce.core.resource.DefaultClientResources] is not eligible for getting processed by all BeanPostProcessors (for example: not eligible for auto-proxying)
2018-09-17 17:33:23.021 demo [main] INFO  o.s.c.s.PostProcessorRegistrationDelegate$BeanPostProcessorChecker - Bean 'redisConnectionFactory' of type [org.springframework.data.redis.connection.lettuce.LettuceConnectionFactory] is not eligible for getting processed by all BeanPostProcessors (for example: not eligible for auto-proxying)
2018-09-17 17:33:23.067 demo [main] INFO  o.s.c.s.PostProcessorRegistrationDelegate$BeanPostProcessorChecker - Bean 'redisTemplate' of type [org.springframework.data.redis.core.RedisTemplate] is not eligible for getting processed by all BeanPostProcessors (for example: not eligible for auto-proxying)
2018-09-17 17:33:23.149 demo [main] INFO  o.s.c.s.PostProcessorRegistrationDelegate$BeanPostProcessorChecker - Bean 'createCacheManager' of type [cn.leap.demo.common.shiro.RedisCacheManager] is not eligible for getting processed by all BeanPostProcessors (for example: not eligible for auto-proxying)
2018-09-17 17:33:23.151 demo [main] INFO  c.l.d.c.s.ShiroConfig$$EnhancerBySpringCGLIB$$b125aad7 - 自定义sessionDao
2018-09-17 17:33:23.155 demo [main] INFO  o.s.c.s.PostProcessorRegistrationDelegate$BeanPostProcessorChecker - Bean 'createRedisShiroSessionDao' of type [cn.leap.demo.common.shiro.RedisSessionDAO] is not eligible for getting processed by all BeanPostProcessors (for example: not eligible for auto-proxying)
2018-09-17 17:33:23.162 demo [main] INFO  c.l.d.c.s.ShiroConfig$$EnhancerBySpringCGLIB$$b125aad7 - 自定义SessionIdCookie
2018-09-17 17:33:23.166 demo [main] INFO  o.s.c.s.PostProcessorRegistrationDelegate$BeanPostProcessorChecker - Bean 'createSessionIdCookie' of type [org.apache.shiro.web.servlet.SimpleCookie] is not eligible for getting processed by all BeanPostProcessors (for example: not eligible for auto-proxying)
2018-09-17 17:33:23.171 demo [main] INFO  c.l.d.c.s.ShiroConfig$$EnhancerBySpringCGLIB$$b125aad7 - 配置sessionManager
2018-09-17 17:33:23.183 demo [main] INFO  o.s.c.s.PostProcessorRegistrationDelegate$BeanPostProcessorChecker - Bean 'createMySessionManager' of type [org.apache.shiro.web.session.mgt.DefaultWebSessionManager] is not eligible for getting processed by all BeanPostProcessors (for example: not eligible for auto-proxying)
2018-09-17 17:33:23.203 demo [main] INFO  c.l.d.c.s.ShiroConfig$$EnhancerBySpringCGLIB$$b125aad7 - 自定义RemeberMeCookie
2018-09-17 17:33:23.204 demo [main] INFO  c.l.d.c.s.ShiroConfig$$EnhancerBySpringCGLIB$$b125aad7 - 配置RemeberMeManager
2018-09-17 17:33:23.205 demo [main] INFO  c.l.d.c.s.ShiroConfig$$EnhancerBySpringCGLIB$$b125aad7 - 配置rsecurityManager
2018-09-17 17:33:23.222 demo [main] INFO  o.s.c.s.PostProcessorRegistrationDelegate$BeanPostProcessorChecker - Bean 'createSecurityManager' of type [org.apache.shiro.web.mgt.DefaultWebSecurityManager] is not eligible for getting processed by all BeanPostProcessors (for example: not eligible for auto-proxying)
2018-09-17 17:33:23.266 demo [main] INFO  c.l.d.c.s.ShiroConfig$$EnhancerBySpringCGLIB$$b125aad7 - Shiro拦截器工厂类注入成功
2018-09-17 17:33:23.864 demo [main] INFO  o.s.b.w.e.tomcat.TomcatWebServer - Tomcat initialized with port(s): 80 (http)
2018-09-17 17:33:23.901 demo [main] INFO  o.a.catalina.core.StandardService - Starting service [Tomcat]
2018-09-17 17:33:23.903 demo [main] INFO  o.a.catalina.core.StandardEngine - Starting Servlet Engine: Apache Tomcat/8.5.32
2018-09-17 17:33:23.939 demo [localhost-startStop-1] INFO  o.a.c.core.AprLifecycleListener - The APR based Apache Tomcat Native library which allows optimal performance in production environments was not found on the java.library.path: [E:\Program Files\Java\jdk1.8.0_144\bin;C:\Windows\Sun\Java\bin;C:\Windows\system32;C:\Windows;E:\Program Files\Java\jdk1.8.0_144\jre\bin;E:/Program Files/Java/jdk1.8.0_144/bin/../jre/bin/server;E:/Program Files/Java/jdk1.8.0_144/bin/../jre/bin;E:/Program Files/Java/jdk1.8.0_144/bin/../jre/lib/amd64;E:\Program Files\Java\jdk1.8.0_144\bin;C:\Program Files (x86)\Intel\iCLS Client\;C:\Program Files\Intel\iCLS Client\;C:\Windows\system32;C:\Windows;C:\Windows\System32\Wbem;C:\Windows\System32\WindowsPowerShell\v1.0\;C:\Program Files (x86)\Intel\Intel(R) Management Engine Components\DAL;C:\Program Files\Intel\Intel(R) Management Engine Components\DAL;C:\Program Files (x86)\Intel\Intel(R) Management Engine Components\IPT;C:\Program Files\Intel\Intel(R) Management Engine Components\IPT;D:\Program Files\TortoiseSVN\bin;E:\apache-maven-3.5.0\bin;C:\Program Files (x86)\Microsoft SQL Server\100\Tools\Binn\;C:\Program Files\Microsoft SQL Server\100\Tools\Binn\;C:\Program Files\Microsoft SQL Server\100\DTS\Binn\;C:\Program Files (x86)\Microsoft SQL Server\100\Tools\Binn\VSShell\Common7\IDE\;C:\Program Files (x86)\Microsoft Visual Studio 9.0\Common7\IDE\PrivateAssemblies\;C:\Program Files (x86)\Microsoft SQL Server\100\DTS\Binn\;E:\eclipse;;.]
2018-09-17 17:33:24.111 demo [localhost-startStop-1] INFO  o.a.c.c.C.[Tomcat].[localhost].[/] - Initializing Spring embedded WebApplicationContext
2018-09-17 17:33:24.111 demo [localhost-startStop-1] INFO  o.s.web.context.ContextLoader - Root WebApplicationContext: initialization completed in 4604 ms
2018-09-17 17:33:24.236 demo [localhost-startStop-1] INFO  o.s.b.w.s.ServletRegistrationBean - Servlet dispatcherServlet mapped to [/]
2018-09-17 17:33:24.243 demo [localhost-startStop-1] INFO  o.s.b.w.s.FilterRegistrationBean - Mapping filter: 'characterEncodingFilter' to: [/*]
2018-09-17 17:33:24.244 demo [localhost-startStop-1] INFO  o.s.b.w.s.FilterRegistrationBean - Mapping filter: 'hiddenHttpMethodFilter' to: [/*]
2018-09-17 17:33:24.244 demo [localhost-startStop-1] INFO  o.s.b.w.s.FilterRegistrationBean - Mapping filter: 'httpPutFormContentFilter' to: [/*]
2018-09-17 17:33:24.244 demo [localhost-startStop-1] INFO  o.s.b.w.s.FilterRegistrationBean - Mapping filter: 'requestContextFilter' to: [/*]
2018-09-17 17:33:24.244 demo [localhost-startStop-1] INFO  o.s.b.w.s.FilterRegistrationBean - Mapping filter: 'myFilter' to: [/*]
2018-09-17 17:33:24.244 demo [localhost-startStop-1] INFO  o.s.b.w.s.FilterRegistrationBean - Mapping filter: 'shirFilter' to: [/*]
2018-09-17 17:33:25.096 demo [main] INFO  o.s.w.s.m.m.a.RequestMappingHandlerMapping - Mapped "{[/hello],methods=[GET]}" onto public java.lang.String cn.leap.demo.modules.system.controller.HelloApplication.hello()
2018-09-17 17:33:25.100 demo [main] INFO  o.s.w.s.m.m.a.RequestMappingHandlerMapping - Mapped "{[/user/register]}" onto public java.lang.String cn.leap.demo.modules.system.controller.UserController.register()
2018-09-17 17:33:25.100 demo [main] INFO  o.s.w.s.m.m.a.RequestMappingHandlerMapping - Mapped "{[/user/getList],methods=[GET]}" onto public cn.leap.demo.common.utils.EasyPage<cn.leap.demo.modules.system.model.User> cn.leap.demo.modules.system.controller.UserController.getUserList(java.lang.String)
2018-09-17 17:33:25.101 demo [main] INFO  o.s.w.s.m.m.a.RequestMappingHandlerMapping - Mapped "{[/user/get],methods=[GET]}" onto public cn.leap.demo.modules.system.model.User cn.leap.demo.modules.system.controller.UserController.getUser(java.lang.String)
2018-09-17 17:33:25.101 demo [main] INFO  o.s.w.s.m.m.a.RequestMappingHandlerMapping - Mapped "{[/user/doLogin]}" onto public cn.leap.demo.modules.system.model.User cn.leap.demo.modules.system.controller.UserController.doLogin(cn.leap.demo.modules.system.model.User)
2018-09-17 17:33:25.105 demo [main] INFO  o.s.w.s.m.m.a.RequestMappingHandlerMapping - Mapped "{[/swagger-resources/configuration/security]}" onto public org.springframework.http.ResponseEntity<springfox.documentation.swagger.web.SecurityConfiguration> springfox.documentation.swagger.web.ApiResourceController.securityConfiguration()
2018-09-17 17:33:25.106 demo [main] INFO  o.s.w.s.m.m.a.RequestMappingHandlerMapping - Mapped "{[/swagger-resources]}" onto public org.springframework.http.ResponseEntity<java.util.List<springfox.documentation.swagger.web.SwaggerResource>> springfox.documentation.swagger.web.ApiResourceController.swaggerResources()
2018-09-17 17:33:25.107 demo [main] INFO  o.s.w.s.m.m.a.RequestMappingHandlerMapping - Mapped "{[/swagger-resources/configuration/ui]}" onto public org.springframework.http.ResponseEntity<springfox.documentation.swagger.web.UiConfiguration> springfox.documentation.swagger.web.ApiResourceController.uiConfiguration()
2018-09-17 17:33:25.110 demo [main] INFO  o.s.w.s.m.m.a.RequestMappingHandlerMapping - Mapped "{[/error]}" onto public org.springframework.http.ResponseEntity<java.util.Map<java.lang.String, java.lang.Object>> org.springframework.boot.autoconfigure.web.servlet.error.BasicErrorController.error(javax.servlet.http.HttpServletRequest)
2018-09-17 17:33:25.110 demo [main] INFO  o.s.w.s.m.m.a.RequestMappingHandlerMapping - Mapped "{[/error],produces=[text/html]}" onto public org.springframework.web.servlet.ModelAndView org.springframework.boot.autoconfigure.web.servlet.error.BasicErrorController.errorHtml(javax.servlet.http.HttpServletRequest,javax.servlet.http.HttpServletResponse)
2018-09-17 17:33:25.355 demo [main] INFO  s.d.s.w.PropertySourcedRequestMappingHandlerMapping - Mapped URL path [/v2/api-docs] onto method [public org.springframework.http.ResponseEntity<springfox.documentation.spring.web.json.Json> springfox.documentation.swagger2.web.Swagger2Controller.getDocumentation(java.lang.String,javax.servlet.http.HttpServletRequest)]
2018-09-17 17:33:25.550 demo [main] INFO  o.s.w.s.h.SimpleUrlHandlerMapping - Mapped URL path [/**/favicon.ico] onto handler of type [class org.springframework.web.servlet.resource.ResourceHttpRequestHandler]
2018-09-17 17:33:26.111 demo [main] INFO  o.s.w.s.m.m.a.RequestMappingHandlerAdapter - Looking for @ControllerAdvice: org.springframework.boot.web.servlet.context.AnnotationConfigServletWebServerApplicationContext@3700ec9c: startup date [Mon Sep 17 17:33:19 CST 2018]; root of context hierarchy
2018-09-17 17:33:26.208 demo [main] INFO  o.s.w.s.h.SimpleUrlHandlerMapping - Mapped URL path [/webjars/**] onto handler of type [class org.springframework.web.servlet.resource.ResourceHttpRequestHandler]
2018-09-17 17:33:26.209 demo [main] INFO  o.s.w.s.h.SimpleUrlHandlerMapping - Mapped URL path [/**] onto handler of type [class org.springframework.web.servlet.resource.ResourceHttpRequestHandler]
2018-09-17 17:33:27.220 demo [main] INFO  o.s.j.e.a.AnnotationMBeanExporter - Registering beans for JMX exposure on startup
2018-09-17 17:33:27.224 demo [main] INFO  o.s.j.e.a.AnnotationMBeanExporter - Bean with name 'dataSource' has been autodetected for JMX exposure
2018-09-17 17:33:27.231 demo [main] INFO  o.s.j.e.a.AnnotationMBeanExporter - Located MBean 'dataSource': registering with JMX server as MBean [com.zaxxer.hikari:name=dataSource,type=HikariDataSource]
2018-09-17 17:33:27.239 demo [main] INFO  o.s.c.s.DefaultLifecycleProcessor - Starting beans in phase 2147483647
2018-09-17 17:33:27.239 demo [main] INFO  s.d.s.w.p.DocumentationPluginsBootstrapper - Context refreshed
2018-09-17 17:33:27.266 demo [main] INFO  s.d.s.w.p.DocumentationPluginsBootstrapper - Found 1 custom documentation plugin(s)
2018-09-17 17:33:27.299 demo [main] INFO  s.d.s.w.s.ApiListingReferenceScanner - Scanning for api listing references
2018-09-17 17:33:27.606 demo [main] INFO  o.s.b.w.e.tomcat.TomcatWebServer - Tomcat started on port(s): 80 (http) with context path ''
2018-09-17 17:33:27.611 demo [main] INFO  cn.leap.demo.Application - Started Application in 8.72 seconds (JVM running for 9.23)
2018-09-17 17:33:43.917 demo [http-nio-80-exec-2] INFO  o.a.c.c.C.[Tomcat].[localhost].[/] - Initializing Spring FrameworkServlet 'dispatcherServlet'
2018-09-17 17:33:43.917 demo [http-nio-80-exec-2] INFO  o.s.web.servlet.DispatcherServlet - FrameworkServlet 'dispatcherServlet': initialization started
2018-09-17 17:33:43.948 demo [http-nio-80-exec-2] INFO  o.s.web.servlet.DispatcherServlet - FrameworkServlet 'dispatcherServlet': initialization completed in 30 ms
2018-09-17 17:33:43.967 demo [http-nio-80-exec-2] INFO  o.a.s.s.m.AbstractValidatingSessionManager - Enabling session validation scheduler...
2018-09-17 17:33:44.068 demo [http-nio-80-exec-2] INFO  io.lettuce.core.EpollProvider - Starting without optional epoll library
2018-09-17 17:33:44.070 demo [http-nio-80-exec-2] INFO  io.lettuce.core.KqueueProvider - Starting without optional kqueue library
2018-09-17 17:33:44.448 demo [http-nio-80-exec-2] INFO  c.l.d.common.shiro.RedisSessionDAO - 获取session:0a6b2dbd-489d-4ca2-b4fd-bd2c10a52c30
2018-09-17 17:33:44.470 demo [http-nio-80-exec-2] INFO  c.l.d.common.shiro.RedisSessionDAO - 删除session:0a6b2dbd-489d-4ca2-b4fd-bd2c10a52c30
2018-09-17 17:33:44.847 demo [http-nio-80-exec-3] INFO  c.l.d.common.shiro.RedisSessionDAO - 创建session:3173dd50-e48a-4b3c-9aec-7f533b71a4a9
2018-09-17 17:33:44.859 demo [http-nio-80-exec-3] INFO  c.l.d.common.shiro.RedisSessionDAO - 获取session:3173dd50-e48a-4b3c-9aec-7f533b71a4a9
2018-09-17 17:33:44.884 demo [http-nio-80-exec-3] INFO  c.l.d.common.shiro.RedisSessionDAO - 获取session:3173dd50-e48a-4b3c-9aec-7f533b71a4a9
2018-09-17 17:33:44.917 demo [http-nio-80-exec-1] INFO  c.l.d.common.shiro.RedisSessionDAO - 获取session:3173dd50-e48a-4b3c-9aec-7f533b71a4a9
2018-09-17 17:33:44.994 demo [http-nio-80-exec-2] INFO  c.l.d.common.shiro.RedisSessionDAO - 获取session:3173dd50-e48a-4b3c-9aec-7f533b71a4a9
2018-09-17 17:33:45.000 demo [http-nio-80-exec-2] INFO  c.l.d.common.shiro.RedisSessionDAO - 获取session:3173dd50-e48a-4b3c-9aec-7f533b71a4a9
2018-09-17 17:33:45.022 demo [http-nio-80-exec-6] INFO  c.l.d.common.shiro.RedisSessionDAO - 获取session:3173dd50-e48a-4b3c-9aec-7f533b71a4a9
2018-09-17 17:33:45.056 demo [http-nio-80-exec-4] INFO  c.l.d.common.shiro.RedisSessionDAO - 获取session:3173dd50-e48a-4b3c-9aec-7f533b71a4a9
2018-09-17 17:33:45.151 demo [http-nio-80-exec-10] INFO  c.l.d.common.shiro.RedisSessionDAO - 获取session:3173dd50-e48a-4b3c-9aec-7f533b71a4a9
2018-09-17 17:33:45.153 demo [http-nio-80-exec-7] INFO  c.l.d.common.shiro.RedisSessionDAO - 获取session:3173dd50-e48a-4b3c-9aec-7f533b71a4a9
2018-09-17 17:33:45.199 demo [http-nio-80-exec-7] INFO  c.l.d.common.shiro.RedisSessionDAO - 获取session:3173dd50-e48a-4b3c-9aec-7f533b71a4a9
2018-09-17 17:33:45.303 demo [http-nio-80-exec-8] INFO  c.l.d.common.shiro.RedisSessionDAO - 获取session:3173dd50-e48a-4b3c-9aec-7f533b71a4a9
2018-09-17 17:33:45.428 demo [http-nio-80-exec-9] INFO  c.l.d.common.shiro.RedisSessionDAO - 获取session:3173dd50-e48a-4b3c-9aec-7f533b71a4a9
2018-09-17 17:33:45.432 demo [http-nio-80-exec-9] INFO  c.l.d.common.shiro.RedisSessionDAO - 获取session:3173dd50-e48a-4b3c-9aec-7f533b71a4a9
2018-09-17 17:33:45.448 demo [http-nio-80-exec-5] INFO  c.l.d.common.shiro.RedisSessionDAO - 获取session:3173dd50-e48a-4b3c-9aec-7f533b71a4a9
