2018-09-18 16:25:19.940 demo [main] INFO  cn.leap.demo.Application - Starting Application on jxnxt-PC with PID 6480 (F:\Users\jxnxt\workspace\demo\target\classes started by jxnxt in F:\Users\jxnxt\workspace\demo)
2018-09-18 16:25:19.969 demo [main] INFO  cn.leap.demo.Application - The following profiles are active: prod
2018-09-18 16:25:20.059 demo [main] INFO  o.s.b.w.s.c.AnnotationConfigServletWebServerApplicationContext - Refreshing org.springframework.boot.web.servlet.context.AnnotationConfigServletWebServerApplicationContext@6a2b953e: startup date [Tue Sep 18 16:25:20 CST 2018]; root of context hierarchy
2018-09-18 16:25:20.225 demo [main] WARN  o.s.b.w.s.c.AnnotationConfigServletWebServerApplicationContext - Exception encountered during context initialization - cancelling refresh attempt: org.springframework.beans.factory.BeanDefinitionStoreException: Failed to parse configuration class [cn.leap.demo.Application]; nested exception is org.springframework.context.annotation.ConflictingBeanDefinitionException: Annotation-specified bean name 'userController' for bean class [cn.leap.demo.modules.system.controller.UserController] conflicts with existing, non-compatible bean definition of same name and class [cn.leap.demo.modules.es.controller.UserController]
2018-09-18 16:25:20.232 demo [main] ERROR o.s.boot.SpringApplication - Application run failed
org.springframework.beans.factory.BeanDefinitionStoreException: Failed to parse configuration class [cn.leap.demo.Application]; nested exception is org.springframework.context.annotation.ConflictingBeanDefinitionException: Annotation-specified bean name 'userController' for bean class [cn.leap.demo.modules.system.controller.UserController] conflicts with existing, non-compatible bean definition of same name and class [cn.leap.demo.modules.es.controller.UserController]
	at org.springframework.context.annotation.ConfigurationClassParser.parse(ConfigurationClassParser.java:184)
	at org.springframework.context.annotation.ConfigurationClassPostProcessor.processConfigBeanDefinitions(ConfigurationClassPostProcessor.java:316)
	at org.springframework.context.annotation.ConfigurationClassPostProcessor.postProcessBeanDefinitionRegistry(ConfigurationClassPostProcessor.java:233)
	at org.springframework.context.support.PostProcessorRegistrationDelegate.invokeBeanDefinitionRegistryPostProcessors(PostProcessorRegistrationDelegate.java:271)
	at org.springframework.context.support.PostProcessorRegistrationDelegate.invokeBeanFactoryPostProcessors(PostProcessorRegistrationDelegate.java:91)
	at org.springframework.context.support.AbstractApplicationContext.invokeBeanFactoryPostProcessors(AbstractApplicationContext.java:694)
	at org.springframework.context.support.AbstractApplicationContext.refresh(AbstractApplicationContext.java:532)
	at org.springframework.boot.web.servlet.context.ServletWebServerApplicationContext.refresh(ServletWebServerApplicationContext.java:140)
	at org.springframework.boot.SpringApplication.refresh(SpringApplication.java:762)
	at org.springframework.boot.SpringApplication.refreshContext(SpringApplication.java:398)
	at org.springframework.boot.SpringApplication.run(SpringApplication.java:330)
	at org.springframework.boot.SpringApplication.run(SpringApplication.java:1258)
	at org.springframework.boot.SpringApplication.run(SpringApplication.java:1246)
	at cn.leap.demo.Application.main(Application.java:12)
Caused by: org.springframework.context.annotation.ConflictingBeanDefinitionException: Annotation-specified bean name 'userController' for bean class [cn.leap.demo.modules.system.controller.UserController] conflicts with existing, non-compatible bean definition of same name and class [cn.leap.demo.modules.es.controller.UserController]
	at org.springframework.context.annotation.ClassPathBeanDefinitionScanner.checkCandidate(ClassPathBeanDefinitionScanner.java:348)
	at org.springframework.context.annotation.ClassPathBeanDefinitionScanner.doScan(ClassPathBeanDefinitionScanner.java:286)
	at org.springframework.context.annotation.ComponentScanAnnotationParser.parse(ComponentScanAnnotationParser.java:132)
	at org.springframework.context.annotation.ConfigurationClassParser.doProcessConfigurationClass(ConfigurationClassParser.java:288)
	at org.springframework.context.annotation.ConfigurationClassParser.processConfigurationClass(ConfigurationClassParser.java:245)
	at org.springframework.context.annotation.ConfigurationClassParser.parse(ConfigurationClassParser.java:202)
	at org.springframework.context.annotation.ConfigurationClassParser.parse(ConfigurationClassParser.java:170)
	... 13 common frames omitted
