2018-09-17 17:28:00.001 demo [main] INFO  c.l.d.c.s.ShiroConfig$$EnhancerBySpringCGLIB$$b00c0dc6 - 自定义SessionIdCookie
2018-09-17 17:28:00.010 demo [main] INFO  o.s.c.s.PostProcessorRegistrationDelegate$BeanPostProcessorChecker - Bean 'createSessionIdCookie' of type [org.apache.shiro.web.servlet.SimpleCookie] is not eligible for getting processed by all BeanPostProcessors (for example: not eligible for auto-proxying)
2018-09-17 17:28:00.014 demo [main] INFO  c.l.d.c.s.ShiroConfig$$EnhancerBySpringCGLIB$$b00c0dc6 - 配置sessionManager
2018-09-17 17:28:00.030 demo [main] INFO  o.s.c.s.PostProcessorRegistrationDelegate$BeanPostProcessorChecker - Bean 'createMySessionManager' of type [org.apache.shiro.web.session.mgt.DefaultWebSessionManager] is not eligible for getting processed by all BeanPostProcessors (for example: not eligible for auto-proxying)
2018-09-17 17:28:00.044 demo [main] INFO  c.l.d.c.s.ShiroConfig$$EnhancerBySpringCGLIB$$b00c0dc6 - 自定义RemeberMeCookie
2018-09-17 17:28:00.045 demo [main] INFO  c.l.d.c.s.ShiroConfig$$EnhancerBySpringCGLIB$$b00c0dc6 - 配置RemeberMeManager
2018-09-17 17:28:00.045 demo [main] INFO  c.l.d.c.s.ShiroConfig$$EnhancerBySpringCGLIB$$b00c0dc6 - 配置rsecurityManager
2018-09-17 17:28:00.056 demo [main] INFO  o.s.c.s.PostProcessorRegistrationDelegate$BeanPostProcessorChecker - Bean 'createSecurityManager' of type [org.apache.shiro.web.mgt.DefaultWebSecurityManager] is not eligible for getting processed by all BeanPostProcessors (for example: not eligible for auto-proxying)
2018-09-17 17:28:00.080 demo [main] INFO  c.l.d.c.s.ShiroConfig$$EnhancerBySpringCGLIB$$b00c0dc6 - Shiro拦截器工厂类注入成功
2018-09-17 17:28:00.552 demo [main] INFO  o.s.b.w.e.tomcat.TomcatWebServer - Tomcat initialized with port(s): 80 (http)
2018-09-17 17:28:00.588 demo [main] INFO  o.a.catalina.core.StandardService - Starting service [Tomcat]
2018-09-17 17:28:00.588 demo [main] INFO  o.a.catalina.core.StandardEngine - Starting Servlet Engine: Apache Tomcat/8.5.32
2018-09-17 17:28:00.601 demo [localhost-startStop-1] INFO  o.a.c.core.AprLifecycleListener - The APR based Apache Tomcat Native library which allows optimal performance in production environments was not found on the java.library.path: [E:\Program Files\Java\jdk1.8.0_144\bin;C:\Windows\Sun\Java\bin;C:\Windows\system32;C:\Windows;E:\Program Files\Java\jdk1.8.0_144\jre\bin;E:/Program Files/Java/jdk1.8.0_144/bin/../jre/bin/server;E:/Program Files/Java/jdk1.8.0_144/bin/../jre/bin;E:/Program Files/Java/jdk1.8.0_144/bin/../jre/lib/amd64;E:\Program Files\Java\jdk1.8.0_144\bin;C:\Program Files (x86)\Intel\iCLS Client\;C:\Program Files\Intel\iCLS Client\;C:\Windows\system32;C:\Windows;C:\Windows\System32\Wbem;C:\Windows\System32\WindowsPowerShell\v1.0\;C:\Program Files (x86)\Intel\Intel(R) Management Engine Components\DAL;C:\Program Files\Intel\Intel(R) Management Engine Components\DAL;C:\Program Files (x86)\Intel\Intel(R) Management Engine Components\IPT;C:\Program Files\Intel\Intel(R) Management Engine Components\IPT;D:\Program Files\TortoiseSVN\bin;E:\apache-maven-3.5.0\bin;C:\Program Files (x86)\Microsoft SQL Server\100\Tools\Binn\;C:\Program Files\Microsoft SQL Server\100\Tools\Binn\;C:\Program Files\Microsoft SQL Server\100\DTS\Binn\;C:\Program Files (x86)\Microsoft SQL Server\100\Tools\Binn\VSShell\Common7\IDE\;C:\Program Files (x86)\Microsoft Visual Studio 9.0\Common7\IDE\PrivateAssemblies\;C:\Program Files (x86)\Microsoft SQL Server\100\DTS\Binn\;E:\eclipse;;.]
2018-09-17 17:28:00.730 demo [localhost-startStop-1] INFO  o.a.c.c.C.[Tomcat].[localhost].[/] - Initializing Spring embedded WebApplicationContext
2018-09-17 17:28:00.730 demo [localhost-startStop-1] INFO  o.s.web.context.ContextLoader - Root WebApplicationContext: initialization completed in 3719 ms
2018-09-17 17:28:00.877 demo [localhost-startStop-1] INFO  o.s.b.w.s.ServletRegistrationBean - Servlet dispatcherServlet mapped to [/]
2018-09-17 17:28:00.883 demo [localhost-startStop-1] INFO  o.s.b.w.s.FilterRegistrationBean - Mapping filter: 'characterEncodingFilter' to: [/*]
2018-09-17 17:28:00.883 demo [localhost-startStop-1] INFO  o.s.b.w.s.FilterRegistrationBean - Mapping filter: 'hiddenHttpMethodFilter' to: [/*]
2018-09-17 17:28:00.883 demo [localhost-startStop-1] INFO  o.s.b.w.s.FilterRegistrationBean - Mapping filter: 'httpPutFormContentFilter' to: [/*]
2018-09-17 17:28:00.883 demo [localhost-startStop-1] INFO  o.s.b.w.s.FilterRegistrationBean - Mapping filter: 'requestContextFilter' to: [/*]
2018-09-17 17:28:00.884 demo [localhost-startStop-1] INFO  o.s.b.w.s.FilterRegistrationBean - Mapping filter: 'myFilter' to: [/*]
2018-09-17 17:28:00.884 demo [localhost-startStop-1] INFO  o.s.b.w.s.FilterRegistrationBean - Mapping filter: 'shirFilter' to: [/*]
2018-09-17 17:28:01.526 demo [main] INFO  o.s.w.s.m.m.a.RequestMappingHandlerMapping - Mapped "{[/hello]}" onto public java.lang.String cn.leap.demo.modules.system.controller.HelloApplication.hello()
2018-09-17 17:28:01.529 demo [main] INFO  o.s.w.s.m.m.a.RequestMappingHandlerMapping - Mapped "{[/user/register]}" onto public java.lang.String cn.leap.demo.modules.system.controller.UserController.register()
2018-09-17 17:28:01.530 demo [main] INFO  o.s.w.s.m.m.a.RequestMappingHandlerMapping - Mapped "{[/user/getList]}" onto public cn.leap.demo.common.utils.EasyPage<cn.leap.demo.modules.system.model.User> cn.leap.demo.modules.system.controller.UserController.getUserList()
2018-09-17 17:28:01.530 demo [main] INFO  o.s.w.s.m.m.a.RequestMappingHandlerMapping - Mapped "{[/user/get]}" onto public cn.leap.demo.modules.system.model.User cn.leap.demo.modules.system.controller.UserController.getUser()
2018-09-17 17:28:01.531 demo [main] INFO  o.s.w.s.m.m.a.RequestMappingHandlerMapping - Mapped "{[/user/doLogin]}" onto public cn.leap.demo.modules.system.model.User cn.leap.demo.modules.system.controller.UserController.doLogin(cn.leap.demo.modules.system.model.User)
2018-09-17 17:28:01.534 demo [main] INFO  o.s.w.s.m.m.a.RequestMappingHandlerMapping - Mapped "{[/swagger-resources/configuration/security]}" onto public org.springframework.http.ResponseEntity<springfox.documentation.swagger.web.SecurityConfiguration> springfox.documentation.swagger.web.ApiResourceController.securityConfiguration()
2018-09-17 17:28:01.535 demo [main] INFO  o.s.w.s.m.m.a.RequestMappingHandlerMapping - Mapped "{[/swagger-resources]}" onto public org.springframework.http.ResponseEntity<java.util.List<springfox.documentation.swagger.web.SwaggerResource>> springfox.documentation.swagger.web.ApiResourceController.swaggerResources()
2018-09-17 17:28:01.536 demo [main] INFO  o.s.w.s.m.m.a.RequestMappingHandlerMapping - Mapped "{[/swagger-resources/configuration/ui]}" onto public org.springframework.http.ResponseEntity<springfox.documentation.swagger.web.UiConfiguration> springfox.documentation.swagger.web.ApiResourceController.uiConfiguration()
2018-09-17 17:28:01.539 demo [main] INFO  o.s.w.s.m.m.a.RequestMappingHandlerMapping - Mapped "{[/error]}" onto public org.springframework.http.ResponseEntity<java.util.Map<java.lang.String, java.lang.Object>> org.springframework.boot.autoconfigure.web.servlet.error.BasicErrorController.error(javax.servlet.http.HttpServletRequest)
2018-09-17 17:28:01.540 demo [main] INFO  o.s.w.s.m.m.a.RequestMappingHandlerMapping - Mapped "{[/error],produces=[text/html]}" onto public org.springframework.web.servlet.ModelAndView org.springframework.boot.autoconfigure.web.servlet.error.BasicErrorController.errorHtml(javax.servlet.http.HttpServletRequest,javax.servlet.http.HttpServletResponse)
2018-09-17 17:28:01.774 demo [main] INFO  s.d.s.w.PropertySourcedRequestMappingHandlerMapping - Mapped URL path [/v2/api-docs] onto method [public org.springframework.http.ResponseEntity<springfox.documentation.spring.web.json.Json> springfox.documentation.swagger2.web.Swagger2Controller.getDocumentation(java.lang.String,javax.servlet.http.HttpServletRequest)]
2018-09-17 17:28:01.932 demo [main] INFO  o.s.w.s.h.SimpleUrlHandlerMapping - Mapped URL path [/**/favicon.ico] onto handler of type [class org.springframework.web.servlet.resource.ResourceHttpRequestHandler]
2018-09-17 17:28:02.232 demo [main] INFO  o.s.w.s.m.m.a.RequestMappingHandlerAdapter - Looking for @ControllerAdvice: org.springframework.boot.web.servlet.context.AnnotationConfigServletWebServerApplicationContext@4fad9bb2: startup date [Mon Sep 17 17:27:57 CST 2018]; root of context hierarchy
2018-09-17 17:28:02.312 demo [main] INFO  o.s.w.s.h.SimpleUrlHandlerMapping - Mapped URL path [/webjars/**] onto handler of type [class org.springframework.web.servlet.resource.ResourceHttpRequestHandler]
2018-09-17 17:28:02.313 demo [main] INFO  o.s.w.s.h.SimpleUrlHandlerMapping - Mapped URL path [/**] onto handler of type [class org.springframework.web.servlet.resource.ResourceHttpRequestHandler]
2018-09-17 17:28:03.175 demo [main] INFO  o.s.j.e.a.AnnotationMBeanExporter - Registering beans for JMX exposure on startup
2018-09-17 17:28:03.177 demo [main] INFO  o.s.j.e.a.AnnotationMBeanExporter - Bean with name 'dataSource' has been autodetected for JMX exposure
2018-09-17 17:28:03.183 demo [main] INFO  o.s.j.e.a.AnnotationMBeanExporter - Located MBean 'dataSource': registering with JMX server as MBean [com.zaxxer.hikari:name=dataSource,type=HikariDataSource]
2018-09-17 17:28:03.190 demo [main] INFO  o.s.c.s.DefaultLifecycleProcessor - Starting beans in phase 2147483647
2018-09-17 17:28:03.191 demo [main] INFO  s.d.s.w.p.DocumentationPluginsBootstrapper - Context refreshed
2018-09-17 17:28:03.216 demo [main] INFO  s.d.s.w.p.DocumentationPluginsBootstrapper - Found 1 custom documentation plugin(s)
2018-09-17 17:28:03.253 demo [main] INFO  s.d.s.w.s.ApiListingReferenceScanner - Scanning for api listing references
2018-09-17 17:28:03.497 demo [main] INFO  o.s.b.w.e.tomcat.TomcatWebServer - Tomcat started on port(s): 80 (http) with context path ''
2018-09-17 17:28:03.506 demo [main] INFO  cn.leap.demo.Application - Started Application in 7.052 seconds (JVM running for 7.514)
2018-09-17 17:28:11.602 demo [http-nio-80-exec-2] INFO  o.a.c.c.C.[Tomcat].[localhost].[/] - Initializing Spring FrameworkServlet 'dispatcherServlet'
2018-09-17 17:28:11.603 demo [http-nio-80-exec-2] INFO  o.s.web.servlet.DispatcherServlet - FrameworkServlet 'dispatcherServlet': initialization started
2018-09-17 17:28:11.634 demo [http-nio-80-exec-2] INFO  o.s.web.servlet.DispatcherServlet - FrameworkServlet 'dispatcherServlet': initialization completed in 31 ms
2018-09-17 17:28:11.654 demo [http-nio-80-exec-2] INFO  o.a.s.s.m.AbstractValidatingSessionManager - Enabling session validation scheduler...
2018-09-17 17:28:11.752 demo [http-nio-80-exec-2] INFO  io.lettuce.core.EpollProvider - Starting without optional epoll library
2018-09-17 17:28:11.753 demo [http-nio-80-exec-2] INFO  io.lettuce.core.KqueueProvider - Starting without optional kqueue library
2018-09-17 17:28:12.160 demo [http-nio-80-exec-2] INFO  c.l.d.common.shiro.RedisSessionDAO - 获取session:0a6b2dbd-489d-4ca2-b4fd-bd2c10a52c30
2018-09-17 17:28:12.273 demo [http-nio-80-exec-6] INFO  c.l.d.common.shiro.RedisSessionDAO - 获取session:0a6b2dbd-489d-4ca2-b4fd-bd2c10a52c30
2018-09-17 17:28:12.277 demo [http-nio-80-exec-10] INFO  c.l.d.common.shiro.RedisSessionDAO - 获取session:0a6b2dbd-489d-4ca2-b4fd-bd2c10a52c30
2018-09-17 17:28:12.303 demo [http-nio-80-exec-8] INFO  c.l.d.common.shiro.RedisSessionDAO - 获取session:0a6b2dbd-489d-4ca2-b4fd-bd2c10a52c30
2018-09-17 17:28:12.304 demo [http-nio-80-exec-4] INFO  c.l.d.common.shiro.RedisSessionDAO - 获取session:0a6b2dbd-489d-4ca2-b4fd-bd2c10a52c30
2018-09-17 17:28:12.324 demo [http-nio-80-exec-3] INFO  c.l.d.common.shiro.RedisSessionDAO - 获取session:0a6b2dbd-489d-4ca2-b4fd-bd2c10a52c30
2018-09-17 17:28:12.446 demo [http-nio-80-exec-7] INFO  c.l.d.common.shiro.RedisSessionDAO - 获取session:0a6b2dbd-489d-4ca2-b4fd-bd2c10a52c30
2018-09-17 17:28:12.453 demo [http-nio-80-exec-7] INFO  c.l.d.common.shiro.RedisSessionDAO - 获取session:0a6b2dbd-489d-4ca2-b4fd-bd2c10a52c30
2018-09-17 17:28:12.466 demo [http-nio-80-exec-1] INFO  c.l.d.common.shiro.RedisSessionDAO - 获取session:0a6b2dbd-489d-4ca2-b4fd-bd2c10a52c30
2018-09-17 17:28:12.486 demo [http-nio-80-exec-9] INFO  c.l.d.common.shiro.RedisSessionDAO - 获取session:0a6b2dbd-489d-4ca2-b4fd-bd2c10a52c30
2018-09-17 17:28:12.521 demo [http-nio-80-exec-1] INFO  c.l.d.common.shiro.RedisSessionDAO - 获取session:0a6b2dbd-489d-4ca2-b4fd-bd2c10a52c30
2018-09-17 17:28:12.581 demo [http-nio-80-exec-5] INFO  c.l.d.common.shiro.RedisSessionDAO - 获取session:0a6b2dbd-489d-4ca2-b4fd-bd2c10a52c30
2018-09-17 17:28:12.596 demo [http-nio-80-exec-5] INFO  c.l.d.common.shiro.RedisSessionDAO - 获取session:0a6b2dbd-489d-4ca2-b4fd-bd2c10a52c30
2018-09-17 17:28:12.612 demo [http-nio-80-exec-2] INFO  c.l.d.common.shiro.RedisSessionDAO - 获取session:0a6b2dbd-489d-4ca2-b4fd-bd2c10a52c30
2018-09-17 17:28:12.639 demo [http-nio-80-exec-6] INFO  c.l.d.common.shiro.RedisSessionDAO - 获取session:0a6b2dbd-489d-4ca2-b4fd-bd2c10a52c30
2018-09-17 17:28:12.727 demo [http-nio-80-exec-8] INFO  c.l.d.common.shiro.RedisSessionDAO - 获取session:0a6b2dbd-489d-4ca2-b4fd-bd2c10a52c30
2018-09-17 17:28:12.734 demo [http-nio-80-exec-8] INFO  c.l.d.common.shiro.RedisSessionDAO - 获取session:0a6b2dbd-489d-4ca2-b4fd-bd2c10a52c30
2018-09-17 17:28:12.738 demo [http-nio-80-exec-10] INFO  c.l.d.common.shiro.RedisSessionDAO - 获取session:0a6b2dbd-489d-4ca2-b4fd-bd2c10a52c30
2018-09-17 17:28:12.760 demo [http-nio-80-exec-4] INFO  c.l.d.common.shiro.RedisSessionDAO - 获取session:0a6b2dbd-489d-4ca2-b4fd-bd2c10a52c30
2018-09-17 17:28:12.800 demo [http-nio-80-exec-3] INFO  c.l.d.common.shiro.RedisSessionDAO - 获取session:0a6b2dbd-489d-4ca2-b4fd-bd2c10a52c30
2018-09-17 17:28:12.805 demo [http-nio-80-exec-3] INFO  c.l.d.common.shiro.RedisSessionDAO - 获取session:0a6b2dbd-489d-4ca2-b4fd-bd2c10a52c30
2018-09-17 17:28:12.825 demo [http-nio-80-exec-7] INFO  c.l.d.common.shiro.RedisSessionDAO - 获取session:0a6b2dbd-489d-4ca2-b4fd-bd2c10a52c30
