2018-09-17 17:27:32.454 demo [http-nio-80-exec-1] INFO  c.l.d.common.shiro.RedisSessionDAO - 获取session:0a6b2dbd-489d-4ca2-b4fd-bd2c10a52c30
2018-09-17 17:27:32.495 demo [http-nio-80-exec-9] INFO  c.l.d.common.shiro.RedisSessionDAO - 获取session:0a6b2dbd-489d-4ca2-b4fd-bd2c10a52c30
2018-09-17 17:27:32.495 demo [http-nio-80-exec-2] INFO  c.l.d.common.shiro.RedisSessionDAO - 获取session:0a6b2dbd-489d-4ca2-b4fd-bd2c10a52c30
2018-09-17 17:27:32.496 demo [http-nio-80-exec-6] INFO  c.l.d.common.shiro.RedisSessionDAO - 获取session:0a6b2dbd-489d-4ca2-b4fd-bd2c10a52c30
2018-09-17 17:27:32.496 demo [http-nio-80-exec-5] INFO  c.l.d.common.shiro.RedisSessionDAO - 获取session:0a6b2dbd-489d-4ca2-b4fd-bd2c10a52c30
2018-09-17 17:27:32.530 demo [http-nio-80-exec-3] INFO  c.l.d.common.shiro.RedisSessionDAO - 获取session:0a6b2dbd-489d-4ca2-b4fd-bd2c10a52c30
2018-09-17 17:27:32.618 demo [http-nio-80-exec-8] INFO  c.l.d.common.shiro.RedisSessionDAO - 获取session:0a6b2dbd-489d-4ca2-b4fd-bd2c10a52c30
2018-09-17 17:27:32.619 demo [http-nio-80-exec-4] INFO  c.l.d.common.shiro.RedisSessionDAO - 获取session:0a6b2dbd-489d-4ca2-b4fd-bd2c10a52c30
2018-09-17 17:27:32.622 demo [http-nio-80-exec-8] INFO  c.l.d.common.shiro.RedisSessionDAO - 获取session:0a6b2dbd-489d-4ca2-b4fd-bd2c10a52c30
2018-09-17 17:27:32.637 demo [http-nio-80-exec-7] INFO  c.l.d.common.shiro.RedisSessionDAO - 获取session:0a6b2dbd-489d-4ca2-b4fd-bd2c10a52c30
2018-09-17 17:27:32.637 demo [http-nio-80-exec-10] INFO  c.l.d.common.shiro.RedisSessionDAO - 获取session:0a6b2dbd-489d-4ca2-b4fd-bd2c10a52c30
2018-09-17 17:27:32.655 demo [http-nio-80-exec-1] INFO  c.l.d.common.shiro.RedisSessionDAO - 获取session:0a6b2dbd-489d-4ca2-b4fd-bd2c10a52c30
2018-09-17 17:27:32.657 demo [http-nio-80-exec-1] INFO  c.l.d.common.shiro.RedisSessionDAO - 获取session:0a6b2dbd-489d-4ca2-b4fd-bd2c10a52c30
2018-09-17 17:27:32.667 demo [http-nio-80-exec-5] INFO  c.l.d.common.shiro.RedisSessionDAO - 获取session:0a6b2dbd-489d-4ca2-b4fd-bd2c10a52c30
2018-09-17 17:27:32.682 demo [http-nio-80-exec-9] INFO  c.l.d.common.shiro.RedisSessionDAO - 获取session:0a6b2dbd-489d-4ca2-b4fd-bd2c10a52c30
2018-09-17 17:27:32.750 demo [http-nio-80-exec-6] INFO  c.l.d.common.shiro.RedisSessionDAO - 获取session:0a6b2dbd-489d-4ca2-b4fd-bd2c10a52c30
2018-09-17 17:27:32.750 demo [http-nio-80-exec-2] INFO  c.l.d.common.shiro.RedisSessionDAO - 获取session:0a6b2dbd-489d-4ca2-b4fd-bd2c10a52c30
2018-09-17 17:27:32.753 demo [http-nio-80-exec-6] INFO  c.l.d.common.shiro.RedisSessionDAO - 获取session:0a6b2dbd-489d-4ca2-b4fd-bd2c10a52c30
2018-09-17 17:27:32.817 demo [http-nio-80-exec-3] INFO  c.l.d.common.shiro.RedisSessionDAO - 获取session:0a6b2dbd-489d-4ca2-b4fd-bd2c10a52c30
2018-09-17 17:27:32.882 demo [http-nio-80-exec-8] INFO  c.l.d.common.shiro.RedisSessionDAO - 获取session:0a6b2dbd-489d-4ca2-b4fd-bd2c10a52c30
2018-09-17 17:27:32.887 demo [http-nio-80-exec-8] INFO  c.l.d.common.shiro.RedisSessionDAO - 获取session:0a6b2dbd-489d-4ca2-b4fd-bd2c10a52c30
2018-09-17 17:27:32.905 demo [http-nio-80-exec-4] INFO  c.l.d.common.shiro.RedisSessionDAO - 获取session:0a6b2dbd-489d-4ca2-b4fd-bd2c10a52c30
2018-09-17 17:27:56.947 demo [main] INFO  cn.leap.demo.Application - Starting Application on jxnxt-PC with PID 7716 (F:\Users\jxnxt\workspace\demo\target\classes started by jxnxt in F:\Users\jxnxt\workspace\demo)
2018-09-17 17:27:56.956 demo [main] INFO  cn.leap.demo.Application - The following profiles are active: prod
2018-09-17 17:27:57.011 demo [main] INFO  o.s.b.w.s.c.AnnotationConfigServletWebServerApplicationContext - Refreshing org.springframework.boot.web.servlet.context.AnnotationConfigServletWebServerApplicationContext@4fad9bb2: startup date [Mon Sep 17 17:27:57 CST 2018]; root of context hierarchy
2018-09-17 17:27:57.948 demo [main] INFO  o.s.d.r.c.RepositoryConfigurationDelegate - Multiple Spring Data modules found, entering strict repository configuration mode!
2018-09-17 17:27:58.455 demo [main] INFO  o.s.c.s.PostProcessorRegistrationDelegate$BeanPostProcessorChecker - Bean 'org.springframework.transaction.annotation.ProxyTransactionManagementConfiguration' of type [org.springframework.transaction.annotation.ProxyTransactionManagementConfiguration$$EnhancerBySpringCGLIB$$c2338946] is not eligible for getting processed by all BeanPostProcessors (for example: not eligible for auto-proxying)
2018-09-17 17:27:58.638 demo [main] INFO  o.s.c.s.PostProcessorRegistrationDelegate$BeanPostProcessorChecker - Bean 'redisConfig' of type [cn.leap.demo.common.redis.RedisConfig$$EnhancerBySpringCGLIB$$26f4fcda] is not eligible for getting processed by all BeanPostProcessors (for example: not eligible for auto-proxying)
2018-09-17 17:27:58.685 demo [main] INFO  o.s.c.s.PostProcessorRegistrationDelegate$BeanPostProcessorChecker - Bean 'shiroConfig' of type [cn.leap.demo.common.shiro.ShiroConfig$$EnhancerBySpringCGLIB$$b00c0dc6] is not eligible for getting processed by all BeanPostProcessors (for example: not eligible for auto-proxying)
2018-09-17 17:27:59.179 demo [main] INFO  o.s.c.s.PostProcessorRegistrationDelegate$BeanPostProcessorChecker - Bean 'org.springframework.boot.context.properties.ConversionServiceDeducer$Factory' of type [org.springframework.boot.context.properties.ConversionServiceDeducer$Factory] is not eligible for getting processed by all BeanPostProcessors (for example: not eligible for auto-proxying)
2018-09-17 17:27:59.192 demo [main] INFO  o.s.c.s.PostProcessorRegistrationDelegate$BeanPostProcessorChecker - Bean 'mybatis-org.mybatis.spring.boot.autoconfigure.MybatisProperties' of type [org.mybatis.spring.boot.autoconfigure.MybatisProperties] is not eligible for getting processed by all BeanPostProcessors (for example: not eligible for auto-proxying)
2018-09-17 17:27:59.208 demo [main] INFO  o.s.c.s.PostProcessorRegistrationDelegate$BeanPostProcessorChecker - Bean 'org.mybatis.spring.boot.autoconfigure.MybatisAutoConfiguration' of type [org.mybatis.spring.boot.autoconfigure.MybatisAutoConfiguration$$EnhancerBySpringCGLIB$$f507da76] is not eligible for getting processed by all BeanPostProcessors (for example: not eligible for auto-proxying)
2018-09-17 17:27:59.213 demo [main] INFO  o.s.c.s.PostProcessorRegistrationDelegate$BeanPostProcessorChecker - Bean 'org.springframework.boot.autoconfigure.jdbc.DataSourceConfiguration$Hikari' of type [org.springframework.boot.autoconfigure.jdbc.DataSourceConfiguration$Hikari] is not eligible for getting processed by all BeanPostProcessors (for example: not eligible for auto-proxying)
2018-09-17 17:27:59.231 demo [main] INFO  o.s.c.s.PostProcessorRegistrationDelegate$BeanPostProcessorChecker - Bean 'spring.datasource-org.springframework.boot.autoconfigure.jdbc.DataSourceProperties' of type [org.springframework.boot.autoconfigure.jdbc.DataSourceProperties] is not eligible for getting processed by all BeanPostProcessors (for example: not eligible for auto-proxying)
2018-09-17 17:27:59.284 demo [main] INFO  o.s.c.s.PostProcessorRegistrationDelegate$BeanPostProcessorChecker - Bean 'dataSource' of type [com.zaxxer.hikari.HikariDataSource] is not eligible for getting processed by all BeanPostProcessors (for example: not eligible for auto-proxying)
2018-09-17 17:27:59.320 demo [main] INFO  o.s.c.s.PostProcessorRegistrationDelegate$BeanPostProcessorChecker - Bean 'org.springframework.boot.autoconfigure.jdbc.DataSourceInitializerInvoker' of type [org.springframework.boot.autoconfigure.jdbc.DataSourceInitializerInvoker] is not eligible for getting processed by all BeanPostProcessors (for example: not eligible for auto-proxying)
2018-09-17 17:27:59.467 demo [main] INFO  o.s.c.s.PostProcessorRegistrationDelegate$BeanPostProcessorChecker - Bean 'sqlSessionFactory' of type [org.apache.ibatis.session.defaults.DefaultSqlSessionFactory] is not eligible for getting processed by all BeanPostProcessors (for example: not eligible for auto-proxying)
2018-09-17 17:27:59.484 demo [main] INFO  o.s.c.s.PostProcessorRegistrationDelegate$BeanPostProcessorChecker - Bean 'sqlSessionTemplate' of type [org.mybatis.spring.SqlSessionTemplate] is not eligible for getting processed by all BeanPostProcessors (for example: not eligible for auto-proxying)
2018-09-17 17:27:59.500 demo [main] INFO  o.s.c.s.PostProcessorRegistrationDelegate$BeanPostProcessorChecker - Bean 'userDao' of type [org.mybatis.spring.mapper.MapperFactoryBean] is not eligible for getting processed by all BeanPostProcessors (for example: not eligible for auto-proxying)
2018-09-17 17:27:59.509 demo [main] INFO  o.s.c.s.PostProcessorRegistrationDelegate$BeanPostProcessorChecker - Bean 'userDao' of type [com.sun.proxy.$Proxy95] is not eligible for getting processed by all BeanPostProcessors (for example: not eligible for auto-proxying)
2018-09-17 17:27:59.512 demo [main] INFO  o.s.c.s.PostProcessorRegistrationDelegate$BeanPostProcessorChecker - Bean 'userService' of type [cn.leap.demo.modules.system.service.UserService] is not eligible for getting processed by all BeanPostProcessors (for example: not eligible for auto-proxying)
2018-09-17 17:27:59.536 demo [main] INFO  o.s.c.s.PostProcessorRegistrationDelegate$BeanPostProcessorChecker - Bean 'createMyRealm' of type [cn.leap.demo.common.shiro.ShiroRealm] is not eligible for getting processed by all BeanPostProcessors (for example: not eligible for auto-proxying)
2018-09-17 17:27:59.565 demo [main] INFO  c.l.d.c.s.ShiroConfig$$EnhancerBySpringCGLIB$$b00c0dc6 - 自定义CacheManager
2018-09-17 17:27:59.583 demo [main] INFO  o.s.c.s.PostProcessorRegistrationDelegate$BeanPostProcessorChecker - Bean 'spring.redis-org.springframework.boot.autoconfigure.data.redis.RedisProperties' of type [org.springframework.boot.autoconfigure.data.redis.RedisProperties] is not eligible for getting processed by all BeanPostProcessors (for example: not eligible for auto-proxying)
2018-09-17 17:27:59.595 demo [main] INFO  o.s.c.s.PostProcessorRegistrationDelegate$BeanPostProcessorChecker - Bean 'org.springframework.boot.autoconfigure.data.redis.LettuceConnectionConfiguration' of type [org.springframework.boot.autoconfigure.data.redis.LettuceConnectionConfiguration$$EnhancerBySpringCGLIB$$d74d4790] is not eligible for getting processed by all BeanPostProcessors (for example: not eligible for auto-proxying)
2018-09-17 17:27:59.765 demo [main] INFO  o.s.c.s.PostProcessorRegistrationDelegate$BeanPostProcessorChecker - Bean 'lettuceClientResources' of type [io.lettuce.core.resource.DefaultClientResources] is not eligible for getting processed by all BeanPostProcessors (for example: not eligible for auto-proxying)
2018-09-17 17:27:59.878 demo [main] INFO  o.s.c.s.PostProcessorRegistrationDelegate$BeanPostProcessorChecker - Bean 'redisConnectionFactory' of type [org.springframework.data.redis.connection.lettuce.LettuceConnectionFactory] is not eligible for getting processed by all BeanPostProcessors (for example: not eligible for auto-proxying)
2018-09-17 17:27:59.940 demo [main] INFO  o.s.c.s.PostProcessorRegistrationDelegate$BeanPostProcessorChecker - Bean 'redisTemplate' of type [org.springframework.data.redis.core.RedisTemplate] is not eligible for getting processed by all BeanPostProcessors (for example: not eligible for auto-proxying)
2018-09-17 17:27:59.988 demo [main] INFO  o.s.c.s.PostProcessorRegistrationDelegate$BeanPostProcessorChecker - Bean 'createCacheManager' of type [cn.leap.demo.common.shiro.RedisCacheManager] is not eligible for getting processed by all BeanPostProcessors (for example: not eligible for auto-proxying)
2018-09-17 17:27:59.990 demo [main] INFO  c.l.d.c.s.ShiroConfig$$EnhancerBySpringCGLIB$$b00c0dc6 - 自定义sessionDao
2018-09-17 17:27:59.996 demo [main] INFO  o.s.c.s.PostProcessorRegistrationDelegate$BeanPostProcessorChecker - Bean 'createRedisShiroSessionDao' of type [cn.leap.demo.common.shiro.RedisSessionDAO] is not eligible for getting processed by all BeanPostProcessors (for example: not eligible for auto-proxying)
