2018-09-25 15:45:00.016 demo [main] INFO  o.s.c.s.PostProcessorRegistrationDelegate$BeanPostProcessorChecker - Bean 'dataSource' of type [com.zaxxer.hikari.HikariDataSource] is not eligible for getting processed by all BeanPostProcessors (for example: not eligible for auto-proxying)
2018-09-25 15:45:00.051 demo [main] INFO  o.s.c.s.PostProcessorRegistrationDelegate$BeanPostProcessorChecker - Bean 'org.springframework.boot.autoconfigure.jdbc.DataSourceInitializerInvoker' of type [org.springframework.boot.autoconfigure.jdbc.DataSourceInitializerInvoker] is not eligible for getting processed by all BeanPostProcessors (for example: not eligible for auto-proxying)
2018-09-25 15:45:00.373 demo [main] INFO  com.zaxxer.hikari.HikariDataSource - HikariPool-1 - Starting...
2018-09-25 15:45:02.098 demo [main] INFO  com.zaxxer.hikari.HikariDataSource - HikariPool-1 - Start completed.
2018-09-25 15:45:02.468 demo [main] INFO  o.s.c.s.PostProcessorRegistrationDelegate$BeanPostProcessorChecker - Bean 'sqlSessionFactory' of type [org.apache.ibatis.session.defaults.DefaultSqlSessionFactory] is not eligible for getting processed by all BeanPostProcessors (for example: not eligible for auto-proxying)
2018-09-25 15:45:02.479 demo [main] INFO  o.s.c.s.PostProcessorRegistrationDelegate$BeanPostProcessorChecker - Bean 'sqlSessionTemplate' of type [org.mybatis.spring.SqlSessionTemplate] is not eligible for getting processed by all BeanPostProcessors (for example: not eligible for auto-proxying)
2018-09-25 15:45:02.489 demo [main] INFO  o.s.c.s.PostProcessorRegistrationDelegate$BeanPostProcessorChecker - Bean 'userDao' of type [org.mybatis.spring.mapper.MapperFactoryBean] is not eligible for getting processed by all BeanPostProcessors (for example: not eligible for auto-proxying)
2018-09-25 15:45:02.495 demo [main] INFO  o.s.c.s.PostProcessorRegistrationDelegate$BeanPostProcessorChecker - Bean 'userDao' of type [com.sun.proxy.$Proxy103] is not eligible for getting processed by all BeanPostProcessors (for example: not eligible for auto-proxying)
2018-09-25 15:45:02.498 demo [main] INFO  o.s.c.s.PostProcessorRegistrationDelegate$BeanPostProcessorChecker - Bean 'userService' of type [cn.leap.demo.modules.system.service.UserService] is not eligible for getting processed by all BeanPostProcessors (for example: not eligible for auto-proxying)
2018-09-25 15:45:02.549 demo [main] INFO  o.s.c.s.PostProcessorRegistrationDelegate$BeanPostProcessorChecker - Bean 'createMyRealm' of type [cn.leap.demo.common.shiro.ShiroRealm] is not eligible for getting processed by all BeanPostProcessors (for example: not eligible for auto-proxying)
2018-09-25 15:45:02.574 demo [main] INFO  c.l.d.c.s.ShiroConfig$$EnhancerBySpringCGLIB$$83df934f - 自定义CacheManager
2018-09-25 15:45:02.608 demo [main] INFO  o.s.c.s.PostProcessorRegistrationDelegate$BeanPostProcessorChecker - Bean 'spring.redis-org.springframework.boot.autoconfigure.data.redis.RedisProperties' of type [org.springframework.boot.autoconfigure.data.redis.RedisProperties] is not eligible for getting processed by all BeanPostProcessors (for example: not eligible for auto-proxying)
2018-09-25 15:45:02.620 demo [main] INFO  o.s.c.s.PostProcessorRegistrationDelegate$BeanPostProcessorChecker - Bean 'org.springframework.boot.autoconfigure.data.redis.LettuceConnectionConfiguration' of type [org.springframework.boot.autoconfigure.data.redis.LettuceConnectionConfiguration$$EnhancerBySpringCGLIB$$ab20cd19] is not eligible for getting processed by all BeanPostProcessors (for example: not eligible for auto-proxying)
2018-09-25 15:45:03.037 demo [main] INFO  o.s.c.s.PostProcessorRegistrationDelegate$BeanPostProcessorChecker - Bean 'lettuceClientResources' of type [io.lettuce.core.resource.DefaultClientResources] is not eligible for getting processed by all BeanPostProcessors (for example: not eligible for auto-proxying)
2018-09-25 15:45:03.331 demo [main] INFO  o.s.c.s.PostProcessorRegistrationDelegate$BeanPostProcessorChecker - Bean 'redisConnectionFactory' of type [org.springframework.data.redis.connection.lettuce.LettuceConnectionFactory] is not eligible for getting processed by all BeanPostProcessors (for example: not eligible for auto-proxying)
2018-09-25 15:45:03.394 demo [main] INFO  o.s.c.s.PostProcessorRegistrationDelegate$BeanPostProcessorChecker - Bean 'redisTemplate' of type [org.springframework.data.redis.core.RedisTemplate] is not eligible for getting processed by all BeanPostProcessors (for example: not eligible for auto-proxying)
2018-09-25 15:45:03.426 demo [main] INFO  o.s.c.s.PostProcessorRegistrationDelegate$BeanPostProcessorChecker - Bean 'createCacheManager' of type [cn.leap.demo.common.shiro.RedisCacheManager] is not eligible for getting processed by all BeanPostProcessors (for example: not eligible for auto-proxying)
2018-09-25 15:45:03.427 demo [main] INFO  c.l.d.c.s.ShiroConfig$$EnhancerBySpringCGLIB$$83df934f - 自定义sessionDao
2018-09-25 15:45:03.431 demo [main] INFO  o.s.c.s.PostProcessorRegistrationDelegate$BeanPostProcessorChecker - Bean 'createRedisShiroSessionDao' of type [cn.leap.demo.common.shiro.RedisSessionDAO] is not eligible for getting processed by all BeanPostProcessors (for example: not eligible for auto-proxying)
2018-09-25 15:45:03.436 demo [main] INFO  c.l.d.c.s.ShiroConfig$$EnhancerBySpringCGLIB$$83df934f - 自定义SessionIdCookie
2018-09-25 15:45:03.441 demo [main] INFO  o.s.c.s.PostProcessorRegistrationDelegate$BeanPostProcessorChecker - Bean 'createSessionIdCookie' of type [org.apache.shiro.web.servlet.SimpleCookie] is not eligible for getting processed by all BeanPostProcessors (for example: not eligible for auto-proxying)
2018-09-25 15:45:03.445 demo [main] INFO  c.l.d.c.s.ShiroConfig$$EnhancerBySpringCGLIB$$83df934f - 配置sessionManager
2018-09-25 15:45:03.453 demo [main] INFO  o.s.c.s.PostProcessorRegistrationDelegate$BeanPostProcessorChecker - Bean 'createMySessionManager' of type [org.apache.shiro.web.session.mgt.DefaultWebSessionManager] is not eligible for getting processed by all BeanPostProcessors (for example: not eligible for auto-proxying)
2018-09-25 15:45:03.472 demo [main] INFO  c.l.d.c.s.ShiroConfig$$EnhancerBySpringCGLIB$$83df934f - 自定义RemeberMeCookie
2018-09-25 15:45:03.472 demo [main] INFO  c.l.d.c.s.ShiroConfig$$EnhancerBySpringCGLIB$$83df934f - 配置RemeberMeManager
2018-09-25 15:45:03.473 demo [main] INFO  c.l.d.c.s.ShiroConfig$$EnhancerBySpringCGLIB$$83df934f - 配置rsecurityManager
2018-09-25 15:45:03.481 demo [main] INFO  o.s.c.s.PostProcessorRegistrationDelegate$BeanPostProcessorChecker - Bean 'createSecurityManager' of type [org.apache.shiro.web.mgt.DefaultWebSecurityManager] is not eligible for getting processed by all BeanPostProcessors (for example: not eligible for auto-proxying)
2018-09-25 15:45:03.547 demo [main] INFO  c.l.d.c.s.ShiroConfig$$EnhancerBySpringCGLIB$$83df934f - Shiro拦截器工厂类注入成功
2018-09-25 15:45:04.157 demo [main] INFO  o.s.b.w.e.tomcat.TomcatWebServer - Tomcat initialized with port(s): 80 (http)
2018-09-25 15:45:04.195 demo [main] INFO  o.a.catalina.core.StandardService - Starting service [Tomcat]
2018-09-25 15:45:04.195 demo [main] INFO  o.a.catalina.core.StandardEngine - Starting Servlet Engine: Apache Tomcat/8.5.32
2018-09-25 15:45:04.204 demo [localhost-startStop-1] INFO  o.a.c.core.AprLifecycleListener - The APR based Apache Tomcat Native library which allows optimal performance in production environments was not found on the java.library.path: [E:\Program Files\Java\jdk1.8.0_144\bin;C:\Windows\Sun\Java\bin;C:\Windows\system32;C:\Windows;E:\Program Files\Java\jdk1.8.0_144\bin;C:\Program Files (x86)\Intel\iCLS Client\;C:\Program Files\Intel\iCLS Client\;C:\Windows\system32;C:\Windows;C:\Windows\System32\Wbem;C:\Windows\System32\WindowsPowerShell\v1.0\;C:\Program Files (x86)\Intel\Intel(R) Management Engine Components\DAL;C:\Program Files\Intel\Intel(R) Management Engine Components\DAL;C:\Program Files (x86)\Intel\Intel(R) Management Engine Components\IPT;C:\Program Files\Intel\Intel(R) Management Engine Components\IPT;D:\Program Files\TortoiseSVN\bin;E:\apache-maven-3.5.0\bin;C:\Program Files (x86)\Microsoft SQL Server\100\Tools\Binn\;C:\Program Files\Microsoft SQL Server\100\Tools\Binn\;C:\Program Files\Microsoft SQL Server\100\DTS\Binn\;C:\Program Files (x86)\Microsoft SQL Server\100\Tools\Binn\VSShell\Common7\IDE\;C:\Program Files (x86)\Microsoft Visual Studio 9.0\Common7\IDE\PrivateAssemblies\;C:\Program Files (x86)\Microsoft SQL Server\100\DTS\Binn\;.]
2018-09-25 15:45:04.355 demo [localhost-startStop-1] INFO  o.a.c.c.C.[Tomcat].[localhost].[/] - Initializing Spring embedded WebApplicationContext
2018-09-25 15:45:04.355 demo [localhost-startStop-1] INFO  o.s.web.context.ContextLoader - Root WebApplicationContext: initialization completed in 7594 ms
2018-09-25 15:45:04.497 demo [localhost-startStop-1] INFO  o.s.b.w.s.ServletRegistrationBean - Servlet dispatcherServlet mapped to [/]
2018-09-25 15:45:04.502 demo [localhost-startStop-1] INFO  o.s.b.w.s.FilterRegistrationBean - Mapping filter: 'characterEncodingFilter' to: [/*]
2018-09-25 15:45:04.502 demo [localhost-startStop-1] INFO  o.s.b.w.s.FilterRegistrationBean - Mapping filter: 'hiddenHttpMethodFilter' to: [/*]
2018-09-25 15:45:04.502 demo [localhost-startStop-1] INFO  o.s.b.w.s.FilterRegistrationBean - Mapping filter: 'httpPutFormContentFilter' to: [/*]
2018-09-25 15:45:04.502 demo [localhost-startStop-1] INFO  o.s.b.w.s.FilterRegistrationBean - Mapping filter: 'requestContextFilter' to: [/*]
2018-09-25 15:45:04.502 demo [localhost-startStop-1] INFO  o.s.b.w.s.FilterRegistrationBean - Mapping filter: 'myFilter' to: [/*]
2018-09-25 15:45:04.502 demo [localhost-startStop-1] INFO  o.s.b.w.s.FilterRegistrationBean - Mapping filter: 'shirFilter' to: [/*]
2018-09-25 15:45:05.513 demo [main] INFO  o.s.w.s.m.m.a.RequestMappingHandlerMapping - Mapped "{[/role/show],methods=[GET]}" onto public cn.leap.demo.modules.es.model.Role cn.leap.demo.modules.es.controller.RoleController.testEnum()
2018-09-25 15:45:05.515 demo [main] INFO  o.s.w.s.m.m.a.RequestMappingHandlerMapping - Mapped "{[/hello],methods=[GET]}" onto public java.lang.String cn.leap.demo.modules.system.controller.HelloApplication.hello(java.lang.String)
2018-09-25 15:45:05.517 demo [main] INFO  o.s.w.s.m.m.a.RequestMappingHandlerMapping - Mapped "{[/user/register],methods=[POST]}" onto public java.lang.String cn.leap.demo.modules.system.controller.UserController.register()
2018-09-25 15:45:05.517 demo [main] INFO  o.s.w.s.m.m.a.RequestMappingHandlerMapping - Mapped "{[/user/getList],methods=[GET]}" onto public cn.leap.demo.common.utils.EasyPage<cn.leap.demo.modules.system.model.User> cn.leap.demo.modules.system.controller.UserController.getUserList(java.lang.String)
2018-09-25 15:45:05.518 demo [main] INFO  o.s.w.s.m.m.a.RequestMappingHandlerMapping - Mapped "{[/user/get],methods=[GET]}" onto public cn.leap.demo.modules.system.model.User cn.leap.demo.modules.system.controller.UserController.getUser(java.lang.String)
2018-09-25 15:45:05.518 demo [main] INFO  o.s.w.s.m.m.a.RequestMappingHandlerMapping - Mapped "{[/user/doLogin],methods=[GET]}" onto public cn.leap.demo.modules.system.model.User cn.leap.demo.modules.system.controller.UserController.doLogin(cn.leap.demo.modules.system.model.User)
2018-09-25 15:45:05.521 demo [main] INFO  o.s.w.s.m.m.a.RequestMappingHandlerMapping - Mapped "{[/swagger-resources/configuration/security]}" onto public org.springframework.http.ResponseEntity<springfox.documentation.swagger.web.SecurityConfiguration> springfox.documentation.swagger.web.ApiResourceController.securityConfiguration()
2018-09-25 15:45:05.522 demo [main] INFO  o.s.w.s.m.m.a.RequestMappingHandlerMapping - Mapped "{[/swagger-resources]}" onto public org.springframework.http.ResponseEntity<java.util.List<springfox.documentation.swagger.web.SwaggerResource>> springfox.documentation.swagger.web.ApiResourceController.swaggerResources()
2018-09-25 15:45:05.522 demo [main] INFO  o.s.w.s.m.m.a.RequestMappingHandlerMapping - Mapped "{[/swagger-resources/configuration/ui]}" onto public org.springframework.http.ResponseEntity<springfox.documentation.swagger.web.UiConfiguration> springfox.documentation.swagger.web.ApiResourceController.uiConfiguration()
2018-09-25 15:45:05.525 demo [main] INFO  o.s.w.s.m.m.a.RequestMappingHandlerMapping - Mapped "{[/error]}" onto public org.springframework.http.ResponseEntity<java.util.Map<java.lang.String, java.lang.Object>> org.springframework.boot.autoconfigure.web.servlet.error.BasicErrorController.error(javax.servlet.http.HttpServletRequest)
2018-09-25 15:45:05.526 demo [main] INFO  o.s.w.s.m.m.a.RequestMappingHandlerMapping - Mapped "{[/error],produces=[text/html]}" onto public org.springframework.web.servlet.ModelAndView org.springframework.boot.autoconfigure.web.servlet.error.BasicErrorController.errorHtml(javax.servlet.http.HttpServletRequest,javax.servlet.http.HttpServletResponse)
2018-09-25 15:45:05.879 demo [main] INFO  s.d.s.w.PropertySourcedRequestMappingHandlerMapping - Mapped URL path [/v2/api-docs] onto method [public org.springframework.http.ResponseEntity<springfox.documentation.spring.web.json.Json> springfox.documentation.swagger2.web.Swagger2Controller.getDocumentation(java.lang.String,javax.servlet.http.HttpServletRequest)]
2018-09-25 15:45:05.993 demo [main] INFO  o.s.w.s.h.SimpleUrlHandlerMapping - Mapped URL path [/**/favicon.ico] onto handler of type [class org.springframework.web.servlet.resource.ResourceHttpRequestHandler]
2018-09-25 15:45:06.304 demo [main] INFO  o.s.w.s.m.m.a.RequestMappingHandlerAdapter - Looking for @ControllerAdvice: org.springframework.boot.web.servlet.context.AnnotationConfigServletWebServerApplicationContext@76ed1b7c: startup date [Tue Sep 25 15:44:56 CST 2018]; root of context hierarchy
2018-09-25 15:45:06.370 demo [main] INFO  o.s.w.s.h.SimpleUrlHandlerMapping - Mapped URL path [/webjars/**] onto handler of type [class org.springframework.web.servlet.resource.ResourceHttpRequestHandler]
2018-09-25 15:45:06.370 demo [main] INFO  o.s.w.s.h.SimpleUrlHandlerMapping - Mapped URL path [/**] onto handler of type [class org.springframework.web.servlet.resource.ResourceHttpRequestHandler]
2018-09-25 15:45:07.464 demo [main] INFO  o.s.j.e.a.AnnotationMBeanExporter - Registering beans for JMX exposure on startup
2018-09-25 15:45:07.466 demo [main] INFO  o.s.j.e.a.AnnotationMBeanExporter - Bean with name 'dataSource' has been autodetected for JMX exposure
2018-09-25 15:45:07.473 demo [main] INFO  o.s.j.e.a.AnnotationMBeanExporter - Located MBean 'dataSource': registering with JMX server as MBean [com.zaxxer.hikari:name=dataSource,type=HikariDataSource]
2018-09-25 15:45:07.478 demo [main] INFO  o.s.c.s.DefaultLifecycleProcessor - Starting beans in phase 2147483647
2018-09-25 15:45:07.478 demo [main] INFO  s.d.s.w.p.DocumentationPluginsBootstrapper - Context refreshed
2018-09-25 15:45:07.519 demo [main] INFO  s.d.s.w.p.DocumentationPluginsBootstrapper - Found 1 custom documentation plugin(s)
2018-09-25 15:45:07.579 demo [main] INFO  s.d.s.w.s.ApiListingReferenceScanner - Scanning for api listing references
2018-09-25 15:45:08.440 demo [main] INFO  o.s.b.w.e.tomcat.TomcatWebServer - Tomcat started on port(s): 80 (http) with context path ''
2018-09-25 15:45:08.444 demo [main] INFO  cn.leap.demo.Application - Started Application in 12.551 seconds (JVM running for 13.488)
2018-09-25 15:45:38.160 demo [http-nio-80-exec-1] INFO  o.a.tomcat.util.http.parser.Cookie - A cookie header was received [.\.\.\.\.\.192.168.0.37..../governance/addresses/192.168.0.37/providers\.\.\.\.\.\.cn.leap.democommon.service.DemoService:1.0.0..../governance/services/cn.leap.democommon.service.DemoService:1.0.0/providers\.\.\.\.\.\.cn.leap.democommon.service.DemoService:1.0.0..../governance/applications/demo-provider/services/cn.leap.democommon.service.DemoService:1.0.0/providers\.\.\.\.\.\.com.dubbo.cp.IService.UserService..../governance/applications/demo-provider/services/com.dubbo.cp.IService.UserService/providers\.\.\.\.\.\.com.dubbo.cp.IService.RoleService..../governance/applications/demo-provider/services/com.dubbo.cp.IService.RoleService/providers\.\.\.\.\.\.com.dubbo.cp.IService.DemoService..../governance/applications/demo-provider/services/com.dubbo.cp.IService.DemoService/providers\.\.\.\.\.\.com.dubbo.cp.IService.CourseService..../governance/applications/demo-provider/services/com.dubbo.cp.IService.CourseService/providers\.\.\.\.\.\.cn.web.api.test.ITestDubboService..../governance/applications/dubbo_provider/services/cn.web.api.test.ITestDubboService/providers\.\.\.\.\.\.cn.leap.democommon.service.DemoService..../governance/services/cn.leap.democommon.service.DemoService/providers"; JSESSIONID=ANFTS75972-C4YY9081ORRIRSMJPLCU1-TCZI0HMJ-0; logout=false; tmp0=eNpdUE1PwkAQjXxIozHq1ZMhngw0bRdoy40gBAgUQuEAF912p7C67dbdAqLx5%2Fg%2FXTBcnMPMZObNey%2FTuww3QkCSzSWItlENeaxjRgMcYJ1sgoDrAlZUZmKvq1XME53wGNNEP%2BB%2FtI3KCY5BS7GUOy5IQXAGpVAAzrgoQYIDBqRwgFwQSLHIYqVVBEXBiumaJ1BSahlmb%2BeMh5jBjSLc0hAmgm4pgxXkKNF4CuLAd31qWoQIkLIQUylv%2F1%2FIPCXyzwIQLeaERhRIPuG7F%2BWOZ8Y9mKZlBREiLjhmYNlR5NqohoKGFdkNFNXPpt7sCPVU5D7XZ4%2Bqdt%2FvXvEW65uMMr0lBN7Lh2MZqvccEd6V3%2FH9%2Fth7Ho2fOkNj8UVJs9zyujPfrru2VW3XFgvXcMzxdNqf%2BqPBZNiem9VZe9k3eqNB1ShXwqxp1pHtINtErlO3Kjg8DZBhWQ2nEn80je%2FlL7RLkO0%3D; Idea-c8546472=58cf52c7-fefc-4715-9c59-910b2332dff6] that contained an invalid cookie. That cookie will be ignored.Note: further occurrences of this error will be logged at DEBUG level.
2018-09-25 15:45:38.180 demo [http-nio-80-exec-1] INFO  o.a.c.c.C.[Tomcat].[localhost].[/] - Initializing Spring FrameworkServlet 'dispatcherServlet'
2018-09-25 15:45:38.180 demo [http-nio-80-exec-1] INFO  o.s.web.servlet.DispatcherServlet - FrameworkServlet 'dispatcherServlet': initialization started
2018-09-25 15:45:38.221 demo [http-nio-80-exec-1] INFO  o.s.web.servlet.DispatcherServlet - FrameworkServlet 'dispatcherServlet': initialization completed in 41 ms
2018-09-25 15:45:38.250 demo [http-nio-80-exec-1] INFO  o.a.s.s.m.AbstractValidatingSessionManager - Enabling session validation scheduler...
2018-09-25 15:45:38.260 demo [http-nio-80-exec-1] INFO  c.l.d.common.shiro.RedisSessionDAO - 创建session:97509778-5f20-47e6-a1c1-2d3366dd7146
2018-09-25 15:45:38.519 demo [http-nio-80-exec-1] INFO  io.lettuce.core.EpollProvider - Starting without optional epoll library
2018-09-25 15:45:38.520 demo [http-nio-80-exec-1] INFO  io.lettuce.core.KqueueProvider - Starting without optional kqueue library
2018-09-25 15:45:38.850 demo [http-nio-80-exec-1] INFO  c.l.d.common.shiro.RedisSessionDAO - 获取session:97509778-5f20-47e6-a1c1-2d3366dd7146
2018-09-25 15:45:38.900 demo [http-nio-80-exec-1] INFO  c.l.d.common.shiro.RedisSessionDAO - 获取session:97509778-5f20-47e6-a1c1-2d3366dd7146
2018-09-25 15:45:39.093 demo [http-nio-80-exec-3] INFO  c.l.d.common.shiro.RedisSessionDAO - 获取session:97509778-5f20-47e6-a1c1-2d3366dd7146
2018-09-25 15:45:39.295 demo [http-nio-80-exec-5] INFO  c.l.d.common.shiro.RedisSessionDAO - 获取session:97509778-5f20-47e6-a1c1-2d3366dd7146
2018-09-25 15:45:39.308 demo [http-nio-80-exec-5] INFO  c.l.d.common.shiro.RedisSessionDAO - 获取session:97509778-5f20-47e6-a1c1-2d3366dd7146
2018-09-25 15:45:39.384 demo [http-nio-80-exec-4] INFO  c.l.d.common.shiro.RedisSessionDAO - 获取session:97509778-5f20-47e6-a1c1-2d3366dd7146
