2018-09-13 17:23:58.301 demo [Thread-7] INFO  o.s.b.w.s.c.AnnotationConfigServletWebServerApplicationContext - Closing org.springframework.boot.web.servlet.context.AnnotationConfigServletWebServerApplicationContext@2d0227b4: startup date [Thu Sep 13 17:21:07 CST 2018]; root of context hierarchy
2018-09-13 17:23:58.311 demo [Thread-7] INFO  o.s.j.e.a.AnnotationMBeanExporter - Unregistering JMX-exposed beans on shutdown
2018-09-13 17:23:58.312 demo [Thread-7] INFO  o.s.j.e.a.AnnotationMBeanExporter - Unregistering JMX-exposed beans
2018-09-13 17:23:58.314 demo [Thread-7] INFO  com.zaxxer.hikari.HikariDataSource - HikariPool-1 - Shutdown initiated...
2018-09-13 17:23:58.357 demo [Thread-7] INFO  com.zaxxer.hikari.HikariDataSource - HikariPool-1 - Shutdown completed.
2018-09-13 17:23:58.711 demo [restartedMain] INFO  cn.leap.demo.Application - Starting Application on jxnxt-PC with PID 9404 (F:\Users\jxnxt\workspace\demo\target\classes started by jxnxt in F:\Users\jxnxt\workspace\demo)
2018-09-13 17:23:58.711 demo [restartedMain] INFO  cn.leap.demo.Application - The following profiles are active: prod
2018-09-13 17:23:58.717 demo [restartedMain] INFO  o.s.b.w.s.c.AnnotationConfigServletWebServerApplicationContext - Refreshing org.springframework.boot.web.servlet.context.AnnotationConfigServletWebServerApplicationContext@37219103: startup date [Thu Sep 13 17:23:58 CST 2018]; root of context hierarchy
2018-09-13 17:23:59.319 demo [restartedMain] INFO  o.s.c.s.PostProcessorRegistrationDelegate$BeanPostProcessorChecker - Bean 'org.springframework.transaction.annotation.ProxyTransactionManagementConfiguration' of type [org.springframework.transaction.annotation.ProxyTransactionManagementConfiguration$$EnhancerBySpringCGLIB$$bfe7fa08] is not eligible for getting processed by all BeanPostProcessors (for example: not eligible for auto-proxying)
2018-09-13 17:23:59.339 demo [restartedMain] INFO  o.s.c.s.PostProcessorRegistrationDelegate$BeanPostProcessorChecker - Bean 'shiroConfig' of type [cn.leap.demo.common.shiro.ShiroConfig$$EnhancerBySpringCGLIB$$adc07e88] is not eligible for getting processed by all BeanPostProcessors (for example: not eligible for auto-proxying)
2018-09-13 17:23:59.370 demo [restartedMain] INFO  o.s.c.s.PostProcessorRegistrationDelegate$BeanPostProcessorChecker - Bean 'org.springframework.boot.context.properties.ConversionServiceDeducer$Factory' of type [org.springframework.boot.context.properties.ConversionServiceDeducer$Factory] is not eligible for getting processed by all BeanPostProcessors (for example: not eligible for auto-proxying)
2018-09-13 17:23:59.376 demo [restartedMain] INFO  o.s.c.s.PostProcessorRegistrationDelegate$BeanPostProcessorChecker - Bean 'mybatis-org.mybatis.spring.boot.autoconfigure.MybatisProperties' of type [org.mybatis.spring.boot.autoconfigure.MybatisProperties] is not eligible for getting processed by all BeanPostProcessors (for example: not eligible for auto-proxying)
2018-09-13 17:23:59.387 demo [restartedMain] INFO  o.s.c.s.PostProcessorRegistrationDelegate$BeanPostProcessorChecker - Bean 'org.mybatis.spring.boot.autoconfigure.MybatisAutoConfiguration' of type [org.mybatis.spring.boot.autoconfigure.MybatisAutoConfiguration$$EnhancerBySpringCGLIB$$f2bc4b38] is not eligible for getting processed by all BeanPostProcessors (for example: not eligible for auto-proxying)
2018-09-13 17:23:59.391 demo [restartedMain] INFO  o.s.c.s.PostProcessorRegistrationDelegate$BeanPostProcessorChecker - Bean 'org.springframework.boot.autoconfigure.jdbc.DataSourceConfiguration$Hikari' of type [org.springframework.boot.autoconfigure.jdbc.DataSourceConfiguration$Hikari] is not eligible for getting processed by all BeanPostProcessors (for example: not eligible for auto-proxying)
2018-09-13 17:23:59.401 demo [restartedMain] INFO  o.s.c.s.PostProcessorRegistrationDelegate$BeanPostProcessorChecker - Bean 'spring.datasource-org.springframework.boot.autoconfigure.jdbc.DataSourceProperties' of type [org.springframework.boot.autoconfigure.jdbc.DataSourceProperties] is not eligible for getting processed by all BeanPostProcessors (for example: not eligible for auto-proxying)
2018-09-13 17:23:59.422 demo [restartedMain] INFO  o.s.c.s.PostProcessorRegistrationDelegate$BeanPostProcessorChecker - Bean 'dataSource' of type [com.zaxxer.hikari.HikariDataSource] is not eligible for getting processed by all BeanPostProcessors (for example: not eligible for auto-proxying)
2018-09-13 17:23:59.437 demo [restartedMain] INFO  o.s.c.s.PostProcessorRegistrationDelegate$BeanPostProcessorChecker - Bean 'org.springframework.boot.autoconfigure.jdbc.DataSourceInitializerInvoker' of type [org.springframework.boot.autoconfigure.jdbc.DataSourceInitializerInvoker] is not eligible for getting processed by all BeanPostProcessors (for example: not eligible for auto-proxying)
2018-09-13 17:23:59.499 demo [restartedMain] INFO  o.s.c.s.PostProcessorRegistrationDelegate$BeanPostProcessorChecker - Bean 'sqlSessionFactory' of type [org.apache.ibatis.session.defaults.DefaultSqlSessionFactory] is not eligible for getting processed by all BeanPostProcessors (for example: not eligible for auto-proxying)
2018-09-13 17:23:59.516 demo [restartedMain] INFO  o.s.c.s.PostProcessorRegistrationDelegate$BeanPostProcessorChecker - Bean 'sqlSessionTemplate' of type [org.mybatis.spring.SqlSessionTemplate] is not eligible for getting processed by all BeanPostProcessors (for example: not eligible for auto-proxying)
2018-09-13 17:23:59.532 demo [restartedMain] INFO  o.s.c.s.PostProcessorRegistrationDelegate$BeanPostProcessorChecker - Bean 'userDao' of type [org.mybatis.spring.mapper.MapperFactoryBean] is not eligible for getting processed by all BeanPostProcessors (for example: not eligible for auto-proxying)
2018-09-13 17:23:59.536 demo [restartedMain] INFO  o.s.c.s.PostProcessorRegistrationDelegate$BeanPostProcessorChecker - Bean 'userDao' of type [com.sun.proxy.$Proxy103] is not eligible for getting processed by all BeanPostProcessors (for example: not eligible for auto-proxying)
2018-09-13 17:23:59.538 demo [restartedMain] INFO  o.s.c.s.PostProcessorRegistrationDelegate$BeanPostProcessorChecker - Bean 'userService' of type [cn.leap.demo.modules.system.service.UserService] is not eligible for getting processed by all BeanPostProcessors (for example: not eligible for auto-proxying)
2018-09-13 17:23:59.557 demo [restartedMain] INFO  o.s.c.s.PostProcessorRegistrationDelegate$BeanPostProcessorChecker - Bean 'createMyRealm' of type [cn.leap.demo.common.shiro.ShiroRealm] is not eligible for getting processed by all BeanPostProcessors (for example: not eligible for auto-proxying)
2018-09-13 17:23:59.575 demo [restartedMain] INFO  o.s.c.s.PostProcessorRegistrationDelegate$BeanPostProcessorChecker - Bean 'securityManager' of type [org.apache.shiro.web.mgt.DefaultWebSecurityManager] is not eligible for getting processed by all BeanPostProcessors (for example: not eligible for auto-proxying)
2018-09-13 17:23:59.596 demo [restartedMain] INFO  c.l.d.c.s.ShiroConfig$$EnhancerBySpringCGLIB$$adc07e88 - Shiro拦截器工厂类注入成功
2018-09-13 17:23:59.769 demo [restartedMain] INFO  o.s.b.w.e.tomcat.TomcatWebServer - Tomcat initialized with port(s): 80 (http)
2018-09-13 17:23:59.771 demo [restartedMain] INFO  o.a.catalina.core.StandardService - Starting service [Tomcat]
2018-09-13 17:23:59.771 demo [restartedMain] INFO  o.a.catalina.core.StandardEngine - Starting Servlet Engine: Apache Tomcat/8.5.32
2018-09-13 17:23:59.797 demo [localhost-startStop-1] INFO  o.a.c.c.C.[Tomcat].[localhost].[/] - Initializing Spring embedded WebApplicationContext
2018-09-13 17:23:59.799 demo [localhost-startStop-1] INFO  o.s.web.context.ContextLoader - Root WebApplicationContext: initialization completed in 1082 ms
2018-09-13 17:23:59.828 demo [localhost-startStop-1] INFO  o.s.b.w.s.ServletRegistrationBean - Servlet dispatcherServlet mapped to [/]
2018-09-13 17:23:59.828 demo [localhost-startStop-1] INFO  o.s.b.w.s.FilterRegistrationBean - Mapping filter: 'characterEncodingFilter' to: [/*]
2018-09-13 17:23:59.828 demo [localhost-startStop-1] INFO  o.s.b.w.s.FilterRegistrationBean - Mapping filter: 'hiddenHttpMethodFilter' to: [/*]
2018-09-13 17:23:59.828 demo [localhost-startStop-1] INFO  o.s.b.w.s.FilterRegistrationBean - Mapping filter: 'httpPutFormContentFilter' to: [/*]
2018-09-13 17:23:59.828 demo [localhost-startStop-1] INFO  o.s.b.w.s.FilterRegistrationBean - Mapping filter: 'requestContextFilter' to: [/*]
2018-09-13 17:23:59.828 demo [localhost-startStop-1] INFO  o.s.b.w.s.FilterRegistrationBean - Mapping filter: 'myFilter' to: [/*]
2018-09-13 17:23:59.829 demo [localhost-startStop-1] INFO  o.s.b.w.s.FilterRegistrationBean - Mapping filter: 'shirFilter' to: [/*]
2018-09-13 17:23:59.861 demo [restartedMain] INFO  c.leap.demo.common.redis.RedisConfig - ==>初始化jedis连接池
2018-09-13 17:23:59.893 demo [restartedMain] INFO  c.l.d.c.s.ShiroConfig$$EnhancerBySpringCGLIB$$adc07e88 - 自定义CacheManager
2018-09-13 17:23:59.897 demo [restartedMain] INFO  c.l.d.c.s.ShiroConfig$$EnhancerBySpringCGLIB$$adc07e88 - 自定义sessionDao
2018-09-13 17:23:59.989 demo [restartedMain] INFO  o.s.w.s.h.SimpleUrlHandlerMapping - Mapped URL path [/**/favicon.ico] onto handler of type [class org.springframework.web.servlet.resource.ResourceHttpRequestHandler]
