2018-09-17 17:09:00.004 demo [http-nio-80-exec-9] INFO  c.l.d.common.shiro.RedisSessionDAO - 获取session:381a6e08-fd5d-4441-8e44-30c6d64284d5
2018-09-17 17:09:00.012 demo [http-nio-80-exec-1] INFO  c.l.d.common.shiro.RedisSessionDAO - 创建session:74beb9fb-817c-4e6b-b558-5796477ee628
2018-09-17 17:09:00.013 demo [http-nio-80-exec-1] INFO  c.l.d.common.shiro.RedisSessionDAO - 获取session:74beb9fb-817c-4e6b-b558-5796477ee628
2018-09-17 17:09:00.015 demo [http-nio-80-exec-1] INFO  c.l.d.common.shiro.RedisSessionDAO - 获取session:74beb9fb-817c-4e6b-b558-5796477ee628
2018-09-17 17:09:00.021 demo [http-nio-80-exec-8] INFO  c.l.d.common.shiro.RedisSessionDAO - 获取session:74beb9fb-817c-4e6b-b558-5796477ee628
2018-09-17 17:09:00.026 demo [http-nio-80-exec-2] INFO  c.l.d.common.shiro.RedisSessionDAO - 创建session:4c3c3cb1-b519-486a-8723-c44a1a160f01
2018-09-17 17:09:00.027 demo [http-nio-80-exec-2] INFO  c.l.d.common.shiro.RedisSessionDAO - 获取session:4c3c3cb1-b519-486a-8723-c44a1a160f01
2018-09-17 17:09:00.028 demo [http-nio-80-exec-2] INFO  c.l.d.common.shiro.RedisSessionDAO - 获取session:4c3c3cb1-b519-486a-8723-c44a1a160f01
2018-09-17 17:09:00.034 demo [http-nio-80-exec-3] INFO  c.l.d.common.shiro.RedisSessionDAO - 获取session:4c3c3cb1-b519-486a-8723-c44a1a160f01
2018-09-17 17:09:00.068 demo [http-nio-80-exec-4] INFO  c.l.d.common.shiro.RedisSessionDAO - 创建session:e9a52001-dd13-4432-9e44-ee41135ee8b5
2018-09-17 17:09:00.069 demo [http-nio-80-exec-4] INFO  c.l.d.common.shiro.RedisSessionDAO - 获取session:e9a52001-dd13-4432-9e44-ee41135ee8b5
2018-09-17 17:09:00.071 demo [http-nio-80-exec-4] INFO  c.l.d.common.shiro.RedisSessionDAO - 获取session:e9a52001-dd13-4432-9e44-ee41135ee8b5
2018-09-17 17:09:00.078 demo [http-nio-80-exec-6] INFO  c.l.d.common.shiro.RedisSessionDAO - 获取session:e9a52001-dd13-4432-9e44-ee41135ee8b5
2018-09-17 17:09:00.083 demo [http-nio-80-exec-5] INFO  c.l.d.common.shiro.RedisSessionDAO - 创建session:0a5987a4-e930-4737-8e92-3365ca376f3f
2018-09-17 17:09:00.084 demo [http-nio-80-exec-5] INFO  c.l.d.common.shiro.RedisSessionDAO - 获取session:0a5987a4-e930-4737-8e92-3365ca376f3f
2018-09-17 17:09:00.087 demo [http-nio-80-exec-5] INFO  c.l.d.common.shiro.RedisSessionDAO - 获取session:0a5987a4-e930-4737-8e92-3365ca376f3f
2018-09-17 17:09:00.094 demo [http-nio-80-exec-7] INFO  c.l.d.common.shiro.RedisSessionDAO - 获取session:0a5987a4-e930-4737-8e92-3365ca376f3f
2018-09-17 17:09:00.098 demo [http-nio-80-exec-10] INFO  c.l.d.common.shiro.RedisSessionDAO - 创建session:1a07f56e-58df-490b-a060-40ba7a320a62
2018-09-17 17:09:00.099 demo [http-nio-80-exec-10] INFO  c.l.d.common.shiro.RedisSessionDAO - 获取session:1a07f56e-58df-490b-a060-40ba7a320a62
2018-09-17 17:09:00.101 demo [http-nio-80-exec-10] INFO  c.l.d.common.shiro.RedisSessionDAO - 获取session:1a07f56e-58df-490b-a060-40ba7a320a62
2018-09-17 17:09:00.130 demo [http-nio-80-exec-9] INFO  c.l.d.common.shiro.RedisSessionDAO - 获取session:1a07f56e-58df-490b-a060-40ba7a320a62
2018-09-17 17:09:00.135 demo [http-nio-80-exec-1] INFO  c.l.d.common.shiro.RedisSessionDAO - 创建session:f3c43c74-7d29-44a0-804d-aa13550f036d
2018-09-17 17:09:00.137 demo [http-nio-80-exec-1] INFO  c.l.d.common.shiro.RedisSessionDAO - 获取session:f3c43c74-7d29-44a0-804d-aa13550f036d
2018-09-17 17:09:00.138 demo [http-nio-80-exec-1] INFO  c.l.d.common.shiro.RedisSessionDAO - 获取session:f3c43c74-7d29-44a0-804d-aa13550f036d
2018-09-17 17:09:00.145 demo [http-nio-80-exec-8] INFO  c.l.d.common.shiro.RedisSessionDAO - 获取session:f3c43c74-7d29-44a0-804d-aa13550f036d
2018-09-17 17:09:00.152 demo [http-nio-80-exec-2] INFO  c.l.d.common.shiro.RedisSessionDAO - 创建session:5dc75912-44ef-492d-87cb-3c309d7786a3
2018-09-17 17:09:00.153 demo [http-nio-80-exec-2] INFO  c.l.d.common.shiro.RedisSessionDAO - 获取session:5dc75912-44ef-492d-87cb-3c309d7786a3
2018-09-17 17:09:00.155 demo [http-nio-80-exec-2] INFO  c.l.d.common.shiro.RedisSessionDAO - 获取session:5dc75912-44ef-492d-87cb-3c309d7786a3
2018-09-17 17:09:00.181 demo [http-nio-80-exec-3] INFO  c.l.d.common.shiro.RedisSessionDAO - 获取session:5dc75912-44ef-492d-87cb-3c309d7786a3
2018-09-17 17:09:00.185 demo [http-nio-80-exec-4] INFO  c.l.d.common.shiro.RedisSessionDAO - 创建session:9654dba5-dce5-43ae-93a3-768aafd3d1bd
2018-09-17 17:09:00.186 demo [http-nio-80-exec-4] INFO  c.l.d.common.shiro.RedisSessionDAO - 获取session:9654dba5-dce5-43ae-93a3-768aafd3d1bd
2018-09-17 17:09:00.188 demo [http-nio-80-exec-4] INFO  c.l.d.common.shiro.RedisSessionDAO - 获取session:9654dba5-dce5-43ae-93a3-768aafd3d1bd
2018-09-17 17:09:00.195 demo [http-nio-80-exec-6] INFO  c.l.d.common.shiro.RedisSessionDAO - 获取session:9654dba5-dce5-43ae-93a3-768aafd3d1bd
2018-09-17 17:09:00.200 demo [http-nio-80-exec-5] INFO  c.l.d.common.shiro.RedisSessionDAO - 创建session:791be5ad-b1b7-4c41-9a51-185253ec2064
2018-09-17 17:09:00.201 demo [http-nio-80-exec-5] INFO  c.l.d.common.shiro.RedisSessionDAO - 获取session:791be5ad-b1b7-4c41-9a51-185253ec2064
2018-09-17 17:09:00.202 demo [http-nio-80-exec-5] INFO  c.l.d.common.shiro.RedisSessionDAO - 获取session:791be5ad-b1b7-4c41-9a51-185253ec2064
2018-09-17 17:09:00.208 demo [http-nio-80-exec-7] INFO  c.l.d.common.shiro.RedisSessionDAO - 获取session:791be5ad-b1b7-4c41-9a51-185253ec2064
2018-09-17 17:09:00.212 demo [http-nio-80-exec-10] INFO  c.l.d.common.shiro.RedisSessionDAO - 创建session:4a0ccce6-5e4a-4bd6-95de-f571c3cd7229
2018-09-17 17:09:00.213 demo [http-nio-80-exec-10] INFO  c.l.d.common.shiro.RedisSessionDAO - 获取session:4a0ccce6-5e4a-4bd6-95de-f571c3cd7229
2018-09-17 17:09:00.214 demo [http-nio-80-exec-10] INFO  c.l.d.common.shiro.RedisSessionDAO - 获取session:4a0ccce6-5e4a-4bd6-95de-f571c3cd7229
2018-09-17 17:09:00.221 demo [http-nio-80-exec-9] INFO  c.l.d.common.shiro.RedisSessionDAO - 获取session:4a0ccce6-5e4a-4bd6-95de-f571c3cd7229
2018-09-17 17:09:00.235 demo [http-nio-80-exec-1] INFO  c.l.d.common.shiro.RedisSessionDAO - 创建session:b806b6ff-0dfa-42ff-995b-117f101bb3c5
2018-09-17 17:09:00.237 demo [http-nio-80-exec-1] INFO  c.l.d.common.shiro.RedisSessionDAO - 获取session:b806b6ff-0dfa-42ff-995b-117f101bb3c5
2018-09-17 17:09:00.239 demo [http-nio-80-exec-1] INFO  c.l.d.common.shiro.RedisSessionDAO - 获取session:b806b6ff-0dfa-42ff-995b-117f101bb3c5
2018-09-17 17:09:00.247 demo [http-nio-80-exec-8] INFO  c.l.d.common.shiro.RedisSessionDAO - 获取session:b806b6ff-0dfa-42ff-995b-117f101bb3c5
2018-09-17 17:09:00.253 demo [http-nio-80-exec-2] INFO  c.l.d.common.shiro.RedisSessionDAO - 创建session:1dac4204-0094-4e1d-9e1f-3074c3899e2b
2018-09-17 17:09:00.254 demo [http-nio-80-exec-2] INFO  c.l.d.common.shiro.RedisSessionDAO - 获取session:1dac4204-0094-4e1d-9e1f-3074c3899e2b
2018-09-17 17:09:00.255 demo [http-nio-80-exec-2] INFO  c.l.d.common.shiro.RedisSessionDAO - 获取session:1dac4204-0094-4e1d-9e1f-3074c3899e2b
2018-09-17 17:09:00.262 demo [http-nio-80-exec-3] INFO  c.l.d.common.shiro.RedisSessionDAO - 获取session:1dac4204-0094-4e1d-9e1f-3074c3899e2b
2018-09-17 17:09:00.285 demo [http-nio-80-exec-4] INFO  c.l.d.common.shiro.RedisSessionDAO - 创建session:b725ca60-c1ef-47ee-a022-b1b4816c9264
2018-09-17 17:09:00.286 demo [http-nio-80-exec-4] INFO  c.l.d.common.shiro.RedisSessionDAO - 获取session:b725ca60-c1ef-47ee-a022-b1b4816c9264
2018-09-17 17:09:00.289 demo [http-nio-80-exec-4] INFO  c.l.d.common.shiro.RedisSessionDAO - 获取session:b725ca60-c1ef-47ee-a022-b1b4816c9264
2018-09-17 17:09:00.295 demo [http-nio-80-exec-6] INFO  c.l.d.common.shiro.RedisSessionDAO - 获取session:b725ca60-c1ef-47ee-a022-b1b4816c9264
2018-09-17 17:09:00.299 demo [http-nio-80-exec-5] INFO  c.l.d.common.shiro.RedisSessionDAO - 创建session:395b45a1-254c-4eda-9946-5d1eb371f5f7
2018-09-17 17:09:00.300 demo [http-nio-80-exec-5] INFO  c.l.d.common.shiro.RedisSessionDAO - 获取session:395b45a1-254c-4eda-9946-5d1eb371f5f7
2018-09-17 17:09:00.301 demo [http-nio-80-exec-5] INFO  c.l.d.common.shiro.RedisSessionDAO - 获取session:395b45a1-254c-4eda-9946-5d1eb371f5f7
2018-09-17 17:09:00.308 demo [http-nio-80-exec-7] INFO  c.l.d.common.shiro.RedisSessionDAO - 获取session:395b45a1-254c-4eda-9946-5d1eb371f5f7
2018-09-17 17:09:00.315 demo [http-nio-80-exec-10] INFO  c.l.d.common.shiro.RedisSessionDAO - 创建session:9c757007-a035-45c7-b625-db572a0aed44
2018-09-17 17:09:00.316 demo [http-nio-80-exec-10] INFO  c.l.d.common.shiro.RedisSessionDAO - 获取session:9c757007-a035-45c7-b625-db572a0aed44
2018-09-17 17:09:00.318 demo [http-nio-80-exec-10] INFO  c.l.d.common.shiro.RedisSessionDAO - 获取session:9c757007-a035-45c7-b625-db572a0aed44
2018-09-17 17:09:00.347 demo [http-nio-80-exec-9] INFO  c.l.d.common.shiro.RedisSessionDAO - 获取session:9c757007-a035-45c7-b625-db572a0aed44
2018-09-17 17:09:00.352 demo [http-nio-80-exec-1] INFO  c.l.d.common.shiro.RedisSessionDAO - 创建session:3ac027ae-bdb6-4a1b-87e4-2badb0953f19
2018-09-17 17:09:00.354 demo [http-nio-80-exec-1] INFO  c.l.d.common.shiro.RedisSessionDAO - 获取session:3ac027ae-bdb6-4a1b-87e4-2badb0953f19
2018-09-17 17:09:00.355 demo [http-nio-80-exec-1] INFO  c.l.d.common.shiro.RedisSessionDAO - 获取session:3ac027ae-bdb6-4a1b-87e4-2badb0953f19
2018-09-17 17:09:00.361 demo [http-nio-80-exec-8] INFO  c.l.d.common.shiro.RedisSessionDAO - 获取session:3ac027ae-bdb6-4a1b-87e4-2badb0953f19
2018-09-17 17:09:00.369 demo [http-nio-80-exec-2] INFO  c.l.d.common.shiro.RedisSessionDAO - 创建session:1af48db7-9e78-4b75-b951-684091292acf
2018-09-17 17:09:00.370 demo [http-nio-80-exec-2] INFO  c.l.d.common.shiro.RedisSessionDAO - 获取session:1af48db7-9e78-4b75-b951-684091292acf
2018-09-17 17:09:00.371 demo [http-nio-80-exec-2] INFO  c.l.d.common.shiro.RedisSessionDAO - 获取session:1af48db7-9e78-4b75-b951-684091292acf
2018-09-17 17:09:00.377 demo [http-nio-80-exec-3] INFO  c.l.d.common.shiro.RedisSessionDAO - 获取session:1af48db7-9e78-4b75-b951-684091292acf
2018-09-17 17:09:00.383 demo [http-nio-80-exec-4] INFO  c.l.d.common.shiro.RedisSessionDAO - 创建session:6d7cc1f4-38e4-4c5c-90ca-f38508a4be1d
2018-09-17 17:09:00.384 demo [http-nio-80-exec-4] INFO  c.l.d.common.shiro.RedisSessionDAO - 获取session:6d7cc1f4-38e4-4c5c-90ca-f38508a4be1d
2018-09-17 17:09:00.385 demo [http-nio-80-exec-4] INFO  c.l.d.common.shiro.RedisSessionDAO - 获取session:6d7cc1f4-38e4-4c5c-90ca-f38508a4be1d
2018-09-17 17:09:00.391 demo [http-nio-80-exec-6] INFO  c.l.d.common.shiro.RedisSessionDAO - 获取session:6d7cc1f4-38e4-4c5c-90ca-f38508a4be1d
2018-09-17 17:09:00.410 demo [http-nio-80-exec-5] INFO  c.l.d.common.shiro.RedisSessionDAO - 创建session:5e6af050-0636-4b22-a7cd-feaf7810e7d1
2018-09-17 17:09:00.411 demo [http-nio-80-exec-5] INFO  c.l.d.common.shiro.RedisSessionDAO - 获取session:5e6af050-0636-4b22-a7cd-feaf7810e7d1
2018-09-17 17:09:00.412 demo [http-nio-80-exec-5] INFO  c.l.d.common.shiro.RedisSessionDAO - 获取session:5e6af050-0636-4b22-a7cd-feaf7810e7d1
2018-09-17 17:09:00.418 demo [http-nio-80-exec-7] INFO  c.l.d.common.shiro.RedisSessionDAO - 获取session:5e6af050-0636-4b22-a7cd-feaf7810e7d1
2018-09-17 17:09:00.422 demo [http-nio-80-exec-10] INFO  c.l.d.common.shiro.RedisSessionDAO - 创建session:db141839-889c-4163-98fe-6562925e272d
2018-09-17 17:09:00.423 demo [http-nio-80-exec-10] INFO  c.l.d.common.shiro.RedisSessionDAO - 获取session:db141839-889c-4163-98fe-6562925e272d
2018-09-17 17:09:00.424 demo [http-nio-80-exec-10] INFO  c.l.d.common.shiro.RedisSessionDAO - 获取session:db141839-889c-4163-98fe-6562925e272d
2018-09-17 17:09:00.430 demo [http-nio-80-exec-9] INFO  c.l.d.common.shiro.RedisSessionDAO - 获取session:db141839-889c-4163-98fe-6562925e272d
2018-09-17 17:09:00.436 demo [http-nio-80-exec-1] INFO  c.l.d.common.shiro.RedisSessionDAO - 创建session:99bea78f-eba6-4ec8-9b7c-51090cade7b1
2018-09-17 17:09:00.438 demo [http-nio-80-exec-1] INFO  c.l.d.common.shiro.RedisSessionDAO - 获取session:99bea78f-eba6-4ec8-9b7c-51090cade7b1
2018-09-17 17:09:00.439 demo [http-nio-80-exec-1] INFO  c.l.d.common.shiro.RedisSessionDAO - 获取session:99bea78f-eba6-4ec8-9b7c-51090cade7b1
2018-09-17 17:09:00.446 demo [http-nio-80-exec-8] INFO  c.l.d.common.shiro.RedisSessionDAO - 获取session:99bea78f-eba6-4ec8-9b7c-51090cade7b1
2018-09-17 17:09:00.452 demo [http-nio-80-exec-2] INFO  c.l.d.common.shiro.RedisSessionDAO - 创建session:abec8adf-3f1e-4119-895c-e0ecc5eb6508
2018-09-17 17:09:00.454 demo [http-nio-80-exec-2] INFO  c.l.d.common.shiro.RedisSessionDAO - 获取session:abec8adf-3f1e-4119-895c-e0ecc5eb6508
2018-09-17 17:09:00.456 demo [http-nio-80-exec-2] INFO  c.l.d.common.shiro.RedisSessionDAO - 获取session:abec8adf-3f1e-4119-895c-e0ecc5eb6508
2018-09-17 17:09:00.463 demo [http-nio-80-exec-3] INFO  c.l.d.common.shiro.RedisSessionDAO - 获取session:abec8adf-3f1e-4119-895c-e0ecc5eb6508
2018-09-17 17:09:00.477 demo [http-nio-80-exec-4] INFO  c.l.d.common.shiro.RedisSessionDAO - 创建session:3deb110e-0244-4d08-a847-b83677800415
2018-09-17 17:09:00.478 demo [http-nio-80-exec-4] INFO  c.l.d.common.shiro.RedisSessionDAO - 获取session:3deb110e-0244-4d08-a847-b83677800415
2018-09-17 17:09:00.480 demo [http-nio-80-exec-4] INFO  c.l.d.common.shiro.RedisSessionDAO - 获取session:3deb110e-0244-4d08-a847-b83677800415
2018-09-17 17:09:00.488 demo [http-nio-80-exec-6] INFO  c.l.d.common.shiro.RedisSessionDAO - 获取session:3deb110e-0244-4d08-a847-b83677800415
2018-09-17 17:09:00.493 demo [http-nio-80-exec-5] INFO  c.l.d.common.shiro.RedisSessionDAO - 创建session:ba9b0e1d-1166-4171-81a0-9907f651e411
2018-09-17 17:09:00.494 demo [http-nio-80-exec-5] INFO  c.l.d.common.shiro.RedisSessionDAO - 获取session:ba9b0e1d-1166-4171-81a0-9907f651e411
2018-09-17 17:09:00.496 demo [http-nio-80-exec-5] INFO  c.l.d.common.shiro.RedisSessionDAO - 获取session:ba9b0e1d-1166-4171-81a0-9907f651e411
2018-09-17 17:09:00.502 demo [http-nio-80-exec-7] INFO  c.l.d.common.shiro.RedisSessionDAO - 获取session:ba9b0e1d-1166-4171-81a0-9907f651e411
2018-09-17 17:09:00.506 demo [http-nio-80-exec-10] INFO  c.l.d.common.shiro.RedisSessionDAO - 创建session:fd2ff61b-cd34-413a-8e9b-2bac0769ddae
2018-09-17 17:09:00.507 demo [http-nio-80-exec-10] INFO  c.l.d.common.shiro.RedisSessionDAO - 获取session:fd2ff61b-cd34-413a-8e9b-2bac0769ddae
2018-09-17 17:09:00.508 demo [http-nio-80-exec-10] INFO  c.l.d.common.shiro.RedisSessionDAO - 获取session:fd2ff61b-cd34-413a-8e9b-2bac0769ddae
2018-09-17 17:09:00.530 demo [http-nio-80-exec-9] INFO  c.l.d.common.shiro.RedisSessionDAO - 获取session:fd2ff61b-cd34-413a-8e9b-2bac0769ddae
2018-09-17 17:09:00.543 demo [http-nio-80-exec-1] INFO  c.l.d.common.shiro.RedisSessionDAO - 创建session:09001944-1943-4f9f-9b2e-fc2f71fe8875
2018-09-17 17:09:00.545 demo [http-nio-80-exec-1] INFO  c.l.d.common.shiro.RedisSessionDAO - 获取session:09001944-1943-4f9f-9b2e-fc2f71fe8875
2018-09-17 17:09:00.548 demo [http-nio-80-exec-1] INFO  c.l.d.common.shiro.RedisSessionDAO - 获取session:09001944-1943-4f9f-9b2e-fc2f71fe8875
2018-09-17 17:09:00.554 demo [http-nio-80-exec-8] INFO  c.l.d.common.shiro.RedisSessionDAO - 获取session:09001944-1943-4f9f-9b2e-fc2f71fe8875
2018-09-17 17:09:00.559 demo [http-nio-80-exec-2] INFO  c.l.d.common.shiro.RedisSessionDAO - 创建session:74d294b5-55b0-4017-adba-46f137c1a9a6
2018-09-17 17:09:00.560 demo [http-nio-80-exec-2] INFO  c.l.d.common.shiro.RedisSessionDAO - 获取session:74d294b5-55b0-4017-adba-46f137c1a9a6
2018-09-17 17:09:00.561 demo [http-nio-80-exec-2] INFO  c.l.d.common.shiro.RedisSessionDAO - 获取session:74d294b5-55b0-4017-adba-46f137c1a9a6
2018-09-17 17:09:00.568 demo [http-nio-80-exec-3] INFO  c.l.d.common.shiro.RedisSessionDAO - 获取session:74d294b5-55b0-4017-adba-46f137c1a9a6
2018-09-17 17:09:00.573 demo [http-nio-80-exec-4] INFO  c.l.d.common.shiro.RedisSessionDAO - 创建session:c3d81c76-13c4-4e53-86c1-ca21aa384f0d
2018-09-17 17:09:00.574 demo [http-nio-80-exec-4] INFO  c.l.d.common.shiro.RedisSessionDAO - 获取session:c3d81c76-13c4-4e53-86c1-ca21aa384f0d
2018-09-17 17:09:00.575 demo [http-nio-80-exec-4] INFO  c.l.d.common.shiro.RedisSessionDAO - 获取session:c3d81c76-13c4-4e53-86c1-ca21aa384f0d
2018-09-17 17:09:00.580 demo [http-nio-80-exec-6] INFO  c.l.d.common.shiro.RedisSessionDAO - 获取session:c3d81c76-13c4-4e53-86c1-ca21aa384f0d
2018-09-17 17:09:00.586 demo [http-nio-80-exec-5] INFO  c.l.d.common.shiro.RedisSessionDAO - 创建session:a15856fc-cd8b-4e66-9c2a-b55caa202786
2018-09-17 17:09:00.586 demo [http-nio-80-exec-5] INFO  c.l.d.common.shiro.RedisSessionDAO - 获取session:a15856fc-cd8b-4e66-9c2a-b55caa202786
2018-09-17 17:09:00.588 demo [http-nio-80-exec-5] INFO  c.l.d.common.shiro.RedisSessionDAO - 获取session:a15856fc-cd8b-4e66-9c2a-b55caa202786
2018-09-17 17:09:00.605 demo [http-nio-80-exec-7] INFO  c.l.d.common.shiro.RedisSessionDAO - 获取session:a15856fc-cd8b-4e66-9c2a-b55caa202786
2018-09-17 17:09:00.618 demo [http-nio-80-exec-10] INFO  c.l.d.common.shiro.RedisSessionDAO - 创建session:fb492f9c-9e23-42b1-83d1-a86b29b9294a
2018-09-17 17:09:00.620 demo [http-nio-80-exec-10] INFO  c.l.d.common.shiro.RedisSessionDAO - 获取session:fb492f9c-9e23-42b1-83d1-a86b29b9294a
2018-09-17 17:09:00.624 demo [http-nio-80-exec-10] INFO  c.l.d.common.shiro.RedisSessionDAO - 获取session:fb492f9c-9e23-42b1-83d1-a86b29b9294a
2018-09-17 17:09:00.632 demo [http-nio-80-exec-9] INFO  c.l.d.common.shiro.RedisSessionDAO - 获取session:fb492f9c-9e23-42b1-83d1-a86b29b9294a
2018-09-17 17:09:00.652 demo [http-nio-80-exec-1] INFO  c.l.d.common.shiro.RedisSessionDAO - 创建session:5af58843-3a22-4e65-96ce-dffb9a6a735e
2018-09-17 17:09:00.653 demo [http-nio-80-exec-1] INFO  c.l.d.common.shiro.RedisSessionDAO - 获取session:5af58843-3a22-4e65-96ce-dffb9a6a735e
2018-09-17 17:09:00.654 demo [http-nio-80-exec-1] INFO  c.l.d.common.shiro.RedisSessionDAO - 获取session:5af58843-3a22-4e65-96ce-dffb9a6a735e
2018-09-17 17:09:00.663 demo [http-nio-80-exec-8] INFO  c.l.d.common.shiro.RedisSessionDAO - 获取session:5af58843-3a22-4e65-96ce-dffb9a6a735e
2018-09-17 17:09:00.669 demo [http-nio-80-exec-2] INFO  c.l.d.common.shiro.RedisSessionDAO - 创建session:9492aecd-4d92-42c9-81d4-c0d6bbecfb09
2018-09-17 17:09:00.670 demo [http-nio-80-exec-2] INFO  c.l.d.common.shiro.RedisSessionDAO - 获取session:9492aecd-4d92-42c9-81d4-c0d6bbecfb09
2018-09-17 17:09:00.673 demo [http-nio-80-exec-2] INFO  c.l.d.common.shiro.RedisSessionDAO - 获取session:9492aecd-4d92-42c9-81d4-c0d6bbecfb09
2018-09-17 17:09:00.681 demo [http-nio-80-exec-3] INFO  c.l.d.common.shiro.RedisSessionDAO - 获取session:9492aecd-4d92-42c9-81d4-c0d6bbecfb09
2018-09-17 17:09:00.686 demo [http-nio-80-exec-4] INFO  c.l.d.common.shiro.RedisSessionDAO - 创建session:d3a3bc29-097b-48b3-a656-d4b7b6cf2137
2018-09-17 17:09:00.687 demo [http-nio-80-exec-4] INFO  c.l.d.common.shiro.RedisSessionDAO - 获取session:d3a3bc29-097b-48b3-a656-d4b7b6cf2137
2018-09-17 17:09:00.689 demo [http-nio-80-exec-4] INFO  c.l.d.common.shiro.RedisSessionDAO - 获取session:d3a3bc29-097b-48b3-a656-d4b7b6cf2137
2018-09-17 17:09:00.695 demo [http-nio-80-exec-6] INFO  c.l.d.common.shiro.RedisSessionDAO - 获取session:d3a3bc29-097b-48b3-a656-d4b7b6cf2137
2018-09-17 17:09:00.700 demo [http-nio-80-exec-5] INFO  c.l.d.common.shiro.RedisSessionDAO - 创建session:25614c65-c595-4b74-9bfc-b46376d371d5
2018-09-17 17:09:00.701 demo [http-nio-80-exec-5] INFO  c.l.d.common.shiro.RedisSessionDAO - 获取session:25614c65-c595-4b74-9bfc-b46376d371d5
2018-09-17 17:09:00.703 demo [http-nio-80-exec-5] INFO  c.l.d.common.shiro.RedisSessionDAO - 获取session:25614c65-c595-4b74-9bfc-b46376d371d5
2018-09-17 17:09:00.710 demo [http-nio-80-exec-7] INFO  c.l.d.common.shiro.RedisSessionDAO - 获取session:25614c65-c595-4b74-9bfc-b46376d371d5
2018-09-17 17:09:00.727 demo [http-nio-80-exec-10] INFO  c.l.d.common.shiro.RedisSessionDAO - 创建session:3531e4a8-6852-45ee-bcd6-cf60ab644f77
2018-09-17 17:09:00.728 demo [http-nio-80-exec-10] INFO  c.l.d.common.shiro.RedisSessionDAO - 获取session:3531e4a8-6852-45ee-bcd6-cf60ab644f77
2018-09-17 17:09:00.730 demo [http-nio-80-exec-10] INFO  c.l.d.common.shiro.RedisSessionDAO - 获取session:3531e4a8-6852-45ee-bcd6-cf60ab644f77
2018-09-17 17:09:00.740 demo [http-nio-80-exec-9] INFO  c.l.d.common.shiro.RedisSessionDAO - 获取session:3531e4a8-6852-45ee-bcd6-cf60ab644f77
2018-09-17 17:09:00.745 demo [http-nio-80-exec-1] INFO  c.l.d.common.shiro.RedisSessionDAO - 创建session:eaf3cfe6-0593-4e68-9c93-b9bc8a8367cb
2018-09-17 17:09:00.746 demo [http-nio-80-exec-1] INFO  c.l.d.common.shiro.RedisSessionDAO - 获取session:eaf3cfe6-0593-4e68-9c93-b9bc8a8367cb
2018-09-17 17:09:00.747 demo [http-nio-80-exec-1] INFO  c.l.d.common.shiro.RedisSessionDAO - 获取session:eaf3cfe6-0593-4e68-9c93-b9bc8a8367cb
2018-09-17 17:09:00.754 demo [http-nio-80-exec-8] INFO  c.l.d.common.shiro.RedisSessionDAO - 获取session:eaf3cfe6-0593-4e68-9c93-b9bc8a8367cb
2018-09-17 17:09:00.777 demo [http-nio-80-exec-2] INFO  c.l.d.common.shiro.RedisSessionDAO - 创建session:eb8659e6-4730-4d9a-a951-aa31df0aae04
2018-09-17 17:09:00.778 demo [http-nio-80-exec-2] INFO  c.l.d.common.shiro.RedisSessionDAO - 获取session:eb8659e6-4730-4d9a-a951-aa31df0aae04
2018-09-17 17:09:00.779 demo [http-nio-80-exec-2] INFO  c.l.d.common.shiro.RedisSessionDAO - 获取session:eb8659e6-4730-4d9a-a951-aa31df0aae04
2018-09-17 17:09:00.788 demo [http-nio-80-exec-3] INFO  c.l.d.common.shiro.RedisSessionDAO - 获取session:eb8659e6-4730-4d9a-a951-aa31df0aae04
2018-09-17 17:09:00.794 demo [http-nio-80-exec-4] INFO  c.l.d.common.shiro.RedisSessionDAO - 创建session:1c9fc47d-fc39-4389-8618-33ce560b681f
2018-09-17 17:09:00.796 demo [http-nio-80-exec-4] INFO  c.l.d.common.shiro.RedisSessionDAO - 获取session:1c9fc47d-fc39-4389-8618-33ce560b681f
2018-09-17 17:09:00.797 demo [http-nio-80-exec-4] INFO  c.l.d.common.shiro.RedisSessionDAO - 获取session:1c9fc47d-fc39-4389-8618-33ce560b681f
2018-09-17 17:09:00.803 demo [http-nio-80-exec-6] INFO  c.l.d.common.shiro.RedisSessionDAO - 获取session:1c9fc47d-fc39-4389-8618-33ce560b681f
2018-09-17 17:09:00.809 demo [http-nio-80-exec-5] INFO  c.l.d.common.shiro.RedisSessionDAO - 创建session:b561a292-83f4-4b1f-809e-822d9000e7e9
2018-09-17 17:09:00.810 demo [http-nio-80-exec-5] INFO  c.l.d.common.shiro.RedisSessionDAO - 获取session:b561a292-83f4-4b1f-809e-822d9000e7e9
2018-09-17 17:09:00.812 demo [http-nio-80-exec-5] INFO  c.l.d.common.shiro.RedisSessionDAO - 获取session:b561a292-83f4-4b1f-809e-822d9000e7e9
2018-09-17 17:09:00.841 demo [http-nio-80-exec-7] INFO  c.l.d.common.shiro.RedisSessionDAO - 获取session:b561a292-83f4-4b1f-809e-822d9000e7e9
2018-09-17 17:09:00.846 demo [http-nio-80-exec-10] INFO  c.l.d.common.shiro.RedisSessionDAO - 创建session:5d00f0b6-9f22-417f-8d5c-7c6917f46bc3
2018-09-17 17:09:00.847 demo [http-nio-80-exec-10] INFO  c.l.d.common.shiro.RedisSessionDAO - 获取session:5d00f0b6-9f22-417f-8d5c-7c6917f46bc3
2018-09-17 17:09:00.848 demo [http-nio-80-exec-10] INFO  c.l.d.common.shiro.RedisSessionDAO - 获取session:5d00f0b6-9f22-417f-8d5c-7c6917f46bc3
2018-09-17 17:09:00.855 demo [http-nio-80-exec-9] INFO  c.l.d.common.shiro.RedisSessionDAO - 获取session:5d00f0b6-9f22-417f-8d5c-7c6917f46bc3
2018-09-17 17:09:00.877 demo [http-nio-80-exec-1] INFO  c.l.d.common.shiro.RedisSessionDAO - 创建session:c01427e6-b9b5-46ec-a471-d765fcb2edf6
2018-09-17 17:09:00.878 demo [http-nio-80-exec-1] INFO  c.l.d.common.shiro.RedisSessionDAO - 获取session:c01427e6-b9b5-46ec-a471-d765fcb2edf6
2018-09-17 17:09:00.880 demo [http-nio-80-exec-1] INFO  c.l.d.common.shiro.RedisSessionDAO - 获取session:c01427e6-b9b5-46ec-a471-d765fcb2edf6
2018-09-17 17:09:00.897 demo [http-nio-80-exec-8] INFO  c.l.d.common.shiro.RedisSessionDAO - 获取session:c01427e6-b9b5-46ec-a471-d765fcb2edf6
2018-09-17 17:09:00.905 demo [http-nio-80-exec-2] INFO  c.l.d.common.shiro.RedisSessionDAO - 创建session:797df33d-d2d9-4d46-b46d-7481d8bfd177
2018-09-17 17:09:00.906 demo [http-nio-80-exec-2] INFO  c.l.d.common.shiro.RedisSessionDAO - 获取session:797df33d-d2d9-4d46-b46d-7481d8bfd177
2018-09-17 17:09:00.908 demo [http-nio-80-exec-2] INFO  c.l.d.common.shiro.RedisSessionDAO - 获取session:797df33d-d2d9-4d46-b46d-7481d8bfd177
2018-09-17 17:09:00.916 demo [http-nio-80-exec-3] INFO  c.l.d.common.shiro.RedisSessionDAO - 获取session:797df33d-d2d9-4d46-b46d-7481d8bfd177
2018-09-17 17:09:00.943 demo [http-nio-80-exec-4] INFO  c.l.d.common.shiro.RedisSessionDAO - 创建session:4ca91eb5-cc96-4c01-8be7-a3223dc3fbac
2018-09-17 17:09:00.945 demo [http-nio-80-exec-4] INFO  c.l.d.common.shiro.RedisSessionDAO - 获取session:4ca91eb5-cc96-4c01-8be7-a3223dc3fbac
2018-09-17 17:09:00.947 demo [http-nio-80-exec-4] INFO  c.l.d.common.shiro.RedisSessionDAO - 获取session:4ca91eb5-cc96-4c01-8be7-a3223dc3fbac
2018-09-17 17:09:00.952 demo [http-nio-80-exec-6] INFO  c.l.d.common.shiro.RedisSessionDAO - 获取session:4ca91eb5-cc96-4c01-8be7-a3223dc3fbac
2018-09-17 17:09:00.956 demo [http-nio-80-exec-5] INFO  c.l.d.common.shiro.RedisSessionDAO - 创建session:e2bcf0ac-719d-4f6b-a40d-735ac2e339a4
2018-09-17 17:09:00.957 demo [http-nio-80-exec-5] INFO  c.l.d.common.shiro.RedisSessionDAO - 获取session:e2bcf0ac-719d-4f6b-a40d-735ac2e339a4
2018-09-17 17:09:00.958 demo [http-nio-80-exec-5] INFO  c.l.d.common.shiro.RedisSessionDAO - 获取session:e2bcf0ac-719d-4f6b-a40d-735ac2e339a4
2018-09-17 17:09:00.964 demo [http-nio-80-exec-7] INFO  c.l.d.common.shiro.RedisSessionDAO - 获取session:e2bcf0ac-719d-4f6b-a40d-735ac2e339a4
2018-09-17 17:09:00.993 demo [http-nio-80-exec-10] INFO  c.l.d.common.shiro.RedisSessionDAO - 创建session:e64a33da-9e01-43e3-9a0c-7642902bd831
2018-09-17 17:09:00.994 demo [http-nio-80-exec-10] INFO  c.l.d.common.shiro.RedisSessionDAO - 获取session:e64a33da-9e01-43e3-9a0c-7642902bd831
2018-09-17 17:09:00.996 demo [http-nio-80-exec-10] INFO  c.l.d.common.shiro.RedisSessionDAO - 获取session:e64a33da-9e01-43e3-9a0c-7642902bd831
2018-09-17 17:09:01.005 demo [http-nio-80-exec-9] INFO  c.l.d.common.shiro.RedisSessionDAO - 获取session:e64a33da-9e01-43e3-9a0c-7642902bd831
2018-09-17 17:09:01.012 demo [http-nio-80-exec-1] INFO  c.l.d.common.shiro.RedisSessionDAO - 创建session:f595bbf3-56c2-4bc0-9c73-d382506fe1f6
2018-09-17 17:09:01.013 demo [http-nio-80-exec-1] INFO  c.l.d.common.shiro.RedisSessionDAO - 获取session:f595bbf3-56c2-4bc0-9c73-d382506fe1f6
2018-09-17 17:09:01.023 demo [http-nio-80-exec-1] INFO  c.l.d.common.shiro.RedisSessionDAO - 获取session:f595bbf3-56c2-4bc0-9c73-d382506fe1f6
2018-09-17 17:09:01.030 demo [http-nio-80-exec-8] INFO  c.l.d.common.shiro.RedisSessionDAO - 获取session:f595bbf3-56c2-4bc0-9c73-d382506fe1f6
2018-09-17 17:09:01.060 demo [http-nio-80-exec-2] INFO  c.l.d.common.shiro.RedisSessionDAO - 创建session:007cee10-fa60-4ee7-8882-0cd0f94dc50a
2018-09-17 17:09:01.061 demo [http-nio-80-exec-2] INFO  c.l.d.common.shiro.RedisSessionDAO - 获取session:007cee10-fa60-4ee7-8882-0cd0f94dc50a
2018-09-17 17:09:01.063 demo [http-nio-80-exec-2] INFO  c.l.d.common.shiro.RedisSessionDAO - 获取session:007cee10-fa60-4ee7-8882-0cd0f94dc50a
2018-09-17 17:09:01.069 demo [http-nio-80-exec-3] INFO  c.l.d.common.shiro.RedisSessionDAO - 获取session:007cee10-fa60-4ee7-8882-0cd0f94dc50a
2018-09-17 17:09:01.078 demo [http-nio-80-exec-4] INFO  c.l.d.common.shiro.RedisSessionDAO - 创建session:5efd716a-ed24-41e8-8b1e-cc5bae23abb8
2018-09-17 17:09:01.079 demo [http-nio-80-exec-4] INFO  c.l.d.common.shiro.RedisSessionDAO - 获取session:5efd716a-ed24-41e8-8b1e-cc5bae23abb8
2018-09-17 17:09:01.081 demo [http-nio-80-exec-4] INFO  c.l.d.common.shiro.RedisSessionDAO - 获取session:5efd716a-ed24-41e8-8b1e-cc5bae23abb8
2018-09-17 17:09:01.092 demo [http-nio-80-exec-6] INFO  c.l.d.common.shiro.RedisSessionDAO - 获取session:5efd716a-ed24-41e8-8b1e-cc5bae23abb8
2018-09-17 17:09:01.100 demo [http-nio-80-exec-5] INFO  c.l.d.common.shiro.RedisSessionDAO - 创建session:125bcc71-b26d-41e2-a12d-ebfd2b4ee028
2018-09-17 17:09:01.101 demo [http-nio-80-exec-5] INFO  c.l.d.common.shiro.RedisSessionDAO - 获取session:125bcc71-b26d-41e2-a12d-ebfd2b4ee028
2018-09-17 17:09:01.103 demo [http-nio-80-exec-5] INFO  c.l.d.common.shiro.RedisSessionDAO - 获取session:125bcc71-b26d-41e2-a12d-ebfd2b4ee028
2018-09-17 17:09:01.109 demo [http-nio-80-exec-7] INFO  c.l.d.common.shiro.RedisSessionDAO - 获取session:125bcc71-b26d-41e2-a12d-ebfd2b4ee028
2018-09-17 17:09:01.114 demo [http-nio-80-exec-10] INFO  c.l.d.common.shiro.RedisSessionDAO - 创建session:f2631962-6233-4de5-a5c4-ae0dd4b51771
2018-09-17 17:09:01.115 demo [http-nio-80-exec-10] INFO  c.l.d.common.shiro.RedisSessionDAO - 获取session:f2631962-6233-4de5-a5c4-ae0dd4b51771
2018-09-17 17:09:01.116 demo [http-nio-80-exec-10] INFO  c.l.d.common.shiro.RedisSessionDAO - 获取session:f2631962-6233-4de5-a5c4-ae0dd4b51771
2018-09-17 17:09:01.123 demo [http-nio-80-exec-9] INFO  c.l.d.common.shiro.RedisSessionDAO - 获取session:f2631962-6233-4de5-a5c4-ae0dd4b51771
2018-09-17 17:09:01.127 demo [http-nio-80-exec-1] INFO  c.l.d.common.shiro.RedisSessionDAO - 创建session:f4a130cf-debc-4a86-9bc4-c3af756fb779
2018-09-17 17:09:01.128 demo [http-nio-80-exec-1] INFO  c.l.d.common.shiro.RedisSessionDAO - 获取session:f4a130cf-debc-4a86-9bc4-c3af756fb779
2018-09-17 17:09:01.129 demo [http-nio-80-exec-1] INFO  c.l.d.common.shiro.RedisSessionDAO - 获取session:f4a130cf-debc-4a86-9bc4-c3af756fb779
2018-09-17 17:09:01.135 demo [http-nio-80-exec-8] INFO  c.l.d.common.shiro.RedisSessionDAO - 获取session:f4a130cf-debc-4a86-9bc4-c3af756fb779
2018-09-17 17:09:01.139 demo [http-nio-80-exec-2] INFO  c.l.d.common.shiro.RedisSessionDAO - 创建session:1386a226-2cb9-4da9-ba96-690758475ea7
2018-09-17 17:09:01.140 demo [http-nio-80-exec-2] INFO  c.l.d.common.shiro.RedisSessionDAO - 获取session:1386a226-2cb9-4da9-ba96-690758475ea7
2018-09-17 17:09:01.141 demo [http-nio-80-exec-2] INFO  c.l.d.common.shiro.RedisSessionDAO - 获取session:1386a226-2cb9-4da9-ba96-690758475ea7
2018-09-17 17:09:01.147 demo [http-nio-80-exec-3] INFO  c.l.d.common.shiro.RedisSessionDAO - 获取session:1386a226-2cb9-4da9-ba96-690758475ea7
2018-09-17 17:09:01.152 demo [http-nio-80-exec-4] INFO  c.l.d.common.shiro.RedisSessionDAO - 创建session:102a61c1-d129-46d1-893c-c19a0a1336bc
2018-09-17 17:09:01.153 demo [http-nio-80-exec-4] INFO  c.l.d.common.shiro.RedisSessionDAO - 获取session:102a61c1-d129-46d1-893c-c19a0a1336bc
2018-09-17 17:09:01.154 demo [http-nio-80-exec-4] INFO  c.l.d.common.shiro.RedisSessionDAO - 获取session:102a61c1-d129-46d1-893c-c19a0a1336bc
2018-09-17 17:09:01.160 demo [http-nio-80-exec-6] INFO  c.l.d.common.shiro.RedisSessionDAO - 获取session:102a61c1-d129-46d1-893c-c19a0a1336bc
2018-09-17 17:09:01.165 demo [http-nio-80-exec-5] INFO  c.l.d.common.shiro.RedisSessionDAO - 创建session:98e326eb-4eb3-4310-be1f-9d11f32fcfde
2018-09-17 17:09:01.166 demo [http-nio-80-exec-5] INFO  c.l.d.common.shiro.RedisSessionDAO - 获取session:98e326eb-4eb3-4310-be1f-9d11f32fcfde
2018-09-17 17:09:01.168 demo [http-nio-80-exec-5] INFO  c.l.d.common.shiro.RedisSessionDAO - 获取session:98e326eb-4eb3-4310-be1f-9d11f32fcfde
2018-09-17 17:09:01.174 demo [http-nio-80-exec-7] INFO  c.l.d.common.shiro.RedisSessionDAO - 获取session:98e326eb-4eb3-4310-be1f-9d11f32fcfde
2018-09-17 17:09:01.260 demo [http-nio-80-exec-10] INFO  c.l.d.common.shiro.RedisSessionDAO - 创建session:bab81fcf-863f-416b-bc63-c915d6895fb9
2018-09-17 17:09:01.263 demo [http-nio-80-exec-10] INFO  c.l.d.common.shiro.RedisSessionDAO - 获取session:bab81fcf-863f-416b-bc63-c915d6895fb9
2018-09-17 17:09:01.265 demo [http-nio-80-exec-10] INFO  c.l.d.common.shiro.RedisSessionDAO - 获取session:bab81fcf-863f-416b-bc63-c915d6895fb9
2018-09-17 17:09:01.271 demo [http-nio-80-exec-9] INFO  c.l.d.common.shiro.RedisSessionDAO - 获取session:bab81fcf-863f-416b-bc63-c915d6895fb9
2018-09-17 17:09:01.293 demo [http-nio-80-exec-1] INFO  c.l.d.common.shiro.RedisSessionDAO - 创建session:446e5340-120d-4d04-8640-43d84c625120
2018-09-17 17:09:01.295 demo [http-nio-80-exec-1] INFO  c.l.d.common.shiro.RedisSessionDAO - 获取session:446e5340-120d-4d04-8640-43d84c625120
2018-09-17 17:09:01.296 demo [http-nio-80-exec-1] INFO  c.l.d.common.shiro.RedisSessionDAO - 获取session:446e5340-120d-4d04-8640-43d84c625120
2018-09-17 17:09:01.302 demo [http-nio-80-exec-8] INFO  c.l.d.common.shiro.RedisSessionDAO - 获取session:446e5340-120d-4d04-8640-43d84c625120
2018-09-17 17:09:01.310 demo [http-nio-80-exec-2] INFO  c.l.d.common.shiro.RedisSessionDAO - 创建session:3600fb41-1687-4865-8764-412437d68db1
2018-09-17 17:09:01.312 demo [http-nio-80-exec-2] INFO  c.l.d.common.shiro.RedisSessionDAO - 获取session:3600fb41-1687-4865-8764-412437d68db1
2018-09-17 17:09:01.314 demo [http-nio-80-exec-2] INFO  c.l.d.common.shiro.RedisSessionDAO - 获取session:3600fb41-1687-4865-8764-412437d68db1
2018-09-17 17:09:01.319 demo [http-nio-80-exec-3] INFO  c.l.d.common.shiro.RedisSessionDAO - 获取session:3600fb41-1687-4865-8764-412437d68db1
2018-09-17 17:09:01.324 demo [http-nio-80-exec-4] INFO  c.l.d.common.shiro.RedisSessionDAO - 创建session:cacc6369-4f25-47bf-86ec-46b3dfab8add
2018-09-17 17:09:01.326 demo [http-nio-80-exec-4] INFO  c.l.d.common.shiro.RedisSessionDAO - 获取session:cacc6369-4f25-47bf-86ec-46b3dfab8add
2018-09-17 17:09:01.327 demo [http-nio-80-exec-4] INFO  c.l.d.common.shiro.RedisSessionDAO - 获取session:cacc6369-4f25-47bf-86ec-46b3dfab8add
2018-09-17 17:09:01.332 demo [http-nio-80-exec-6] INFO  c.l.d.common.shiro.RedisSessionDAO - 获取session:cacc6369-4f25-47bf-86ec-46b3dfab8add
2018-09-17 17:09:01.344 demo [http-nio-80-exec-5] INFO  c.l.d.common.shiro.RedisSessionDAO - 创建session:b3e9991b-a2a7-4ad1-8b31-579947a2c45e
2018-09-17 17:09:01.346 demo [http-nio-80-exec-5] INFO  c.l.d.common.shiro.RedisSessionDAO - 获取session:b3e9991b-a2a7-4ad1-8b31-579947a2c45e
2018-09-17 17:09:01.348 demo [http-nio-80-exec-5] INFO  c.l.d.common.shiro.RedisSessionDAO - 获取session:b3e9991b-a2a7-4ad1-8b31-579947a2c45e
2018-09-17 17:09:01.359 demo [http-nio-80-exec-7] INFO  c.l.d.common.shiro.RedisSessionDAO - 获取session:b3e9991b-a2a7-4ad1-8b31-579947a2c45e
2018-09-17 17:09:01.372 demo [http-nio-80-exec-10] INFO  c.l.d.common.shiro.RedisSessionDAO - 创建session:43095a47-2ae7-498d-86aa-0e9530a810ee
2018-09-17 17:09:01.374 demo [http-nio-80-exec-10] INFO  c.l.d.common.shiro.RedisSessionDAO - 获取session:43095a47-2ae7-498d-86aa-0e9530a810ee
2018-09-17 17:09:01.376 demo [http-nio-80-exec-10] INFO  c.l.d.common.shiro.RedisSessionDAO - 获取session:43095a47-2ae7-498d-86aa-0e9530a810ee
2018-09-17 17:09:01.382 demo [http-nio-80-exec-9] INFO  c.l.d.common.shiro.RedisSessionDAO - 获取session:43095a47-2ae7-498d-86aa-0e9530a810ee
2018-09-17 17:09:01.387 demo [http-nio-80-exec-1] INFO  c.l.d.common.shiro.RedisSessionDAO - 创建session:e6badf3e-1bfc-4873-8177-d00f0d5223dd
2018-09-17 17:09:01.388 demo [http-nio-80-exec-1] INFO  c.l.d.common.shiro.RedisSessionDAO - 获取session:e6badf3e-1bfc-4873-8177-d00f0d5223dd
2018-09-17 17:09:01.389 demo [http-nio-80-exec-1] INFO  c.l.d.common.shiro.RedisSessionDAO - 获取session:e6badf3e-1bfc-4873-8177-d00f0d5223dd
2018-09-17 17:09:01.396 demo [http-nio-80-exec-8] INFO  c.l.d.common.shiro.RedisSessionDAO - 获取session:e6badf3e-1bfc-4873-8177-d00f0d5223dd
2018-09-17 17:09:01.406 demo [http-nio-80-exec-2] INFO  c.l.d.common.shiro.RedisSessionDAO - 创建session:c8b7e63b-be31-4b6e-a515-5ab2264e1a53
2018-09-17 17:09:01.408 demo [http-nio-80-exec-2] INFO  c.l.d.common.shiro.RedisSessionDAO - 获取session:c8b7e63b-be31-4b6e-a515-5ab2264e1a53
2018-09-17 17:09:01.411 demo [http-nio-80-exec-2] INFO  c.l.d.common.shiro.RedisSessionDAO - 获取session:c8b7e63b-be31-4b6e-a515-5ab2264e1a53
2018-09-17 17:09:01.419 demo [http-nio-80-exec-3] INFO  c.l.d.common.shiro.RedisSessionDAO - 获取session:c8b7e63b-be31-4b6e-a515-5ab2264e1a53
2018-09-17 17:09:01.431 demo [http-nio-80-exec-4] INFO  c.l.d.common.shiro.RedisSessionDAO - 创建session:db0a9a01-7e09-4765-82a6-013e3c54af05
2018-09-17 17:09:01.433 demo [http-nio-80-exec-4] INFO  c.l.d.common.shiro.RedisSessionDAO - 获取session:db0a9a01-7e09-4765-82a6-013e3c54af05
2018-09-17 17:09:01.435 demo [http-nio-80-exec-4] INFO  c.l.d.common.shiro.RedisSessionDAO - 获取session:db0a9a01-7e09-4765-82a6-013e3c54af05
2018-09-17 17:09:01.441 demo [http-nio-80-exec-6] INFO  c.l.d.common.shiro.RedisSessionDAO - 获取session:db0a9a01-7e09-4765-82a6-013e3c54af05
2018-09-17 17:09:01.445 demo [http-nio-80-exec-5] INFO  c.l.d.common.shiro.RedisSessionDAO - 创建session:ef67f1b7-095c-42eb-83c4-8408b783586f
2018-09-17 17:09:01.446 demo [http-nio-80-exec-5] INFO  c.l.d.common.shiro.RedisSessionDAO - 获取session:ef67f1b7-095c-42eb-83c4-8408b783586f
2018-09-17 17:09:01.447 demo [http-nio-80-exec-5] INFO  c.l.d.common.shiro.RedisSessionDAO - 获取session:ef67f1b7-095c-42eb-83c4-8408b783586f
2018-09-17 17:09:01.453 demo [http-nio-80-exec-7] INFO  c.l.d.common.shiro.RedisSessionDAO - 获取session:ef67f1b7-095c-42eb-83c4-8408b783586f
2018-09-17 17:09:01.457 demo [http-nio-80-exec-10] INFO  c.l.d.common.shiro.RedisSessionDAO - 创建session:8def89bf-22cb-4138-974b-26de168a049e
2018-09-17 17:09:01.458 demo [http-nio-80-exec-10] INFO  c.l.d.common.shiro.RedisSessionDAO - 获取session:8def89bf-22cb-4138-974b-26de168a049e
2018-09-17 17:09:01.460 demo [http-nio-80-exec-10] INFO  c.l.d.common.shiro.RedisSessionDAO - 获取session:8def89bf-22cb-4138-974b-26de168a049e
2018-09-17 17:09:01.466 demo [http-nio-80-exec-9] INFO  c.l.d.common.shiro.RedisSessionDAO - 获取session:8def89bf-22cb-4138-974b-26de168a049e
2018-09-17 17:09:01.481 demo [http-nio-80-exec-1] INFO  c.l.d.common.shiro.RedisSessionDAO - 创建session:57cd2c76-3160-46b4-ada9-ba4d58293d2b
2018-09-17 17:09:01.483 demo [http-nio-80-exec-1] INFO  c.l.d.common.shiro.RedisSessionDAO - 获取session:57cd2c76-3160-46b4-ada9-ba4d58293d2b
2018-09-17 17:09:01.484 demo [http-nio-80-exec-1] INFO  c.l.d.common.shiro.RedisSessionDAO - 获取session:57cd2c76-3160-46b4-ada9-ba4d58293d2b
2018-09-17 17:09:01.492 demo [http-nio-80-exec-8] INFO  c.l.d.common.shiro.RedisSessionDAO - 获取session:57cd2c76-3160-46b4-ada9-ba4d58293d2b
2018-09-17 17:09:01.506 demo [http-nio-80-exec-2] INFO  c.l.d.common.shiro.RedisSessionDAO - 创建session:b96345f8-ddbb-4175-970b-474e77902b7d
2018-09-17 17:09:01.508 demo [http-nio-80-exec-2] INFO  c.l.d.common.shiro.RedisSessionDAO - 获取session:b96345f8-ddbb-4175-970b-474e77902b7d
2018-09-17 17:09:01.509 demo [http-nio-80-exec-2] INFO  c.l.d.common.shiro.RedisSessionDAO - 获取session:b96345f8-ddbb-4175-970b-474e77902b7d
2018-09-17 17:09:01.515 demo [http-nio-80-exec-3] INFO  c.l.d.common.shiro.RedisSessionDAO - 获取session:b96345f8-ddbb-4175-970b-474e77902b7d
2018-09-17 17:09:01.520 demo [http-nio-80-exec-4] INFO  c.l.d.common.shiro.RedisSessionDAO - 创建session:57f45fa1-f5ee-4283-b9e7-47c6e324ff6e
2018-09-17 17:09:01.521 demo [http-nio-80-exec-4] INFO  c.l.d.common.shiro.RedisSessionDAO - 获取session:57f45fa1-f5ee-4283-b9e7-47c6e324ff6e
2018-09-17 17:09:01.522 demo [http-nio-80-exec-4] INFO  c.l.d.common.shiro.RedisSessionDAO - 获取session:57f45fa1-f5ee-4283-b9e7-47c6e324ff6e
2018-09-17 17:09:01.527 demo [http-nio-80-exec-6] INFO  c.l.d.common.shiro.RedisSessionDAO - 获取session:57f45fa1-f5ee-4283-b9e7-47c6e324ff6e
2018-09-17 17:09:01.555 demo [http-nio-80-exec-5] INFO  c.l.d.common.shiro.RedisSessionDAO - 创建session:7ec7c21d-adcb-4020-8a0e-07c1664ce1f8
2018-09-17 17:09:01.557 demo [http-nio-80-exec-5] INFO  c.l.d.common.shiro.RedisSessionDAO - 获取session:7ec7c21d-adcb-4020-8a0e-07c1664ce1f8
2018-09-17 17:09:01.558 demo [http-nio-80-exec-5] INFO  c.l.d.common.shiro.RedisSessionDAO - 获取session:7ec7c21d-adcb-4020-8a0e-07c1664ce1f8
2018-09-17 17:09:01.564 demo [http-nio-80-exec-7] INFO  c.l.d.common.shiro.RedisSessionDAO - 获取session:7ec7c21d-adcb-4020-8a0e-07c1664ce1f8
2018-09-17 17:09:01.569 demo [http-nio-80-exec-10] INFO  c.l.d.common.shiro.RedisSessionDAO - 创建session:2890a88e-981f-48d7-9732-c75789151d18
2018-09-17 17:09:01.570 demo [http-nio-80-exec-10] INFO  c.l.d.common.shiro.RedisSessionDAO - 获取session:2890a88e-981f-48d7-9732-c75789151d18
2018-09-17 17:09:01.571 demo [http-nio-80-exec-10] INFO  c.l.d.common.shiro.RedisSessionDAO - 获取session:2890a88e-981f-48d7-9732-c75789151d18
2018-09-17 17:09:01.579 demo [http-nio-80-exec-9] INFO  c.l.d.common.shiro.RedisSessionDAO - 获取session:2890a88e-981f-48d7-9732-c75789151d18
2018-09-17 17:09:01.606 demo [http-nio-80-exec-1] INFO  c.l.d.common.shiro.RedisSessionDAO - 创建session:facc9ddb-6631-412a-97d9-4aa7c2a23fb5
2018-09-17 17:09:01.608 demo [http-nio-80-exec-1] INFO  c.l.d.common.shiro.RedisSessionDAO - 获取session:facc9ddb-6631-412a-97d9-4aa7c2a23fb5
2018-09-17 17:09:01.609 demo [http-nio-80-exec-1] INFO  c.l.d.common.shiro.RedisSessionDAO - 获取session:facc9ddb-6631-412a-97d9-4aa7c2a23fb5
2018-09-17 17:09:01.615 demo [http-nio-80-exec-8] INFO  c.l.d.common.shiro.RedisSessionDAO - 获取session:facc9ddb-6631-412a-97d9-4aa7c2a23fb5
2018-09-17 17:09:01.621 demo [http-nio-80-exec-2] INFO  c.l.d.common.shiro.RedisSessionDAO - 创建session:c9fc6103-96f3-43ea-849d-e8002977cabd
2018-09-17 17:09:01.622 demo [http-nio-80-exec-2] INFO  c.l.d.common.shiro.RedisSessionDAO - 获取session:c9fc6103-96f3-43ea-849d-e8002977cabd
2018-09-17 17:09:01.623 demo [http-nio-80-exec-2] INFO  c.l.d.common.shiro.RedisSessionDAO - 获取session:c9fc6103-96f3-43ea-849d-e8002977cabd
2018-09-17 17:09:01.628 demo [http-nio-80-exec-3] INFO  c.l.d.common.shiro.RedisSessionDAO - 获取session:c9fc6103-96f3-43ea-849d-e8002977cabd
2018-09-17 17:09:01.656 demo [http-nio-80-exec-4] INFO  c.l.d.common.shiro.RedisSessionDAO - 创建session:625cf2e2-19a4-45b2-a826-57d8fcc8ddf9
2018-09-17 17:09:01.658 demo [http-nio-80-exec-4] INFO  c.l.d.common.shiro.RedisSessionDAO - 获取session:625cf2e2-19a4-45b2-a826-57d8fcc8ddf9
2018-09-17 17:09:01.659 demo [http-nio-80-exec-4] INFO  c.l.d.common.shiro.RedisSessionDAO - 获取session:625cf2e2-19a4-45b2-a826-57d8fcc8ddf9
2018-09-17 17:09:01.665 demo [http-nio-80-exec-6] INFO  c.l.d.common.shiro.RedisSessionDAO - 获取session:625cf2e2-19a4-45b2-a826-57d8fcc8ddf9
2018-09-17 17:09:01.670 demo [http-nio-80-exec-5] INFO  c.l.d.common.shiro.RedisSessionDAO - 创建session:87f05a0b-9d8a-4a26-8831-2f9766a63732
2018-09-17 17:09:01.671 demo [http-nio-80-exec-5] INFO  c.l.d.common.shiro.RedisSessionDAO - 获取session:87f05a0b-9d8a-4a26-8831-2f9766a63732
2018-09-17 17:09:01.672 demo [http-nio-80-exec-5] INFO  c.l.d.common.shiro.RedisSessionDAO - 获取session:87f05a0b-9d8a-4a26-8831-2f9766a63732
2018-09-17 17:09:01.678 demo [http-nio-80-exec-7] INFO  c.l.d.common.shiro.RedisSessionDAO - 获取session:87f05a0b-9d8a-4a26-8831-2f9766a63732
2018-09-17 17:09:01.683 demo [http-nio-80-exec-10] INFO  c.l.d.common.shiro.RedisSessionDAO - 创建session:3c586499-122f-4a19-af4a-07bd28f2d72e
2018-09-17 17:09:01.684 demo [http-nio-80-exec-10] INFO  c.l.d.common.shiro.RedisSessionDAO - 获取session:3c586499-122f-4a19-af4a-07bd28f2d72e
2018-09-17 17:09:01.685 demo [http-nio-80-exec-10] INFO  c.l.d.common.shiro.RedisSessionDAO - 获取session:3c586499-122f-4a19-af4a-07bd28f2d72e
2018-09-17 17:09:01.721 demo [http-nio-80-exec-9] INFO  c.l.d.common.shiro.RedisSessionDAO - 获取session:3c586499-122f-4a19-af4a-07bd28f2d72e
2018-09-17 17:09:01.730 demo [http-nio-80-exec-1] INFO  c.l.d.common.shiro.RedisSessionDAO - 创建session:def90604-d8e3-469b-a702-0a682d7417ce
2018-09-17 17:09:01.732 demo [http-nio-80-exec-1] INFO  c.l.d.common.shiro.RedisSessionDAO - 获取session:def90604-d8e3-469b-a702-0a682d7417ce
2018-09-17 17:09:01.735 demo [http-nio-80-exec-1] INFO  c.l.d.common.shiro.RedisSessionDAO - 获取session:def90604-d8e3-469b-a702-0a682d7417ce
2018-09-17 17:09:01.744 demo [http-nio-80-exec-8] INFO  c.l.d.common.shiro.RedisSessionDAO - 获取session:def90604-d8e3-469b-a702-0a682d7417ce
2018-09-17 17:09:01.772 demo [http-nio-80-exec-2] INFO  c.l.d.common.shiro.RedisSessionDAO - 创建session:2695240b-51ac-4e3a-ab4a-f9534ed7fe5b
2018-09-17 17:09:01.774 demo [http-nio-80-exec-2] INFO  c.l.d.common.shiro.RedisSessionDAO - 获取session:2695240b-51ac-4e3a-ab4a-f9534ed7fe5b
2018-09-17 17:09:01.775 demo [http-nio-80-exec-2] INFO  c.l.d.common.shiro.RedisSessionDAO - 获取session:2695240b-51ac-4e3a-ab4a-f9534ed7fe5b
2018-09-17 17:09:01.781 demo [http-nio-80-exec-3] INFO  c.l.d.common.shiro.RedisSessionDAO - 获取session:2695240b-51ac-4e3a-ab4a-f9534ed7fe5b
2018-09-17 17:09:01.786 demo [http-nio-80-exec-4] INFO  c.l.d.common.shiro.RedisSessionDAO - 创建session:c4236cba-8230-4744-9716-280c85f2d028
2018-09-17 17:09:01.787 demo [http-nio-80-exec-4] INFO  c.l.d.common.shiro.RedisSessionDAO - 获取session:c4236cba-8230-4744-9716-280c85f2d028
2018-09-17 17:09:01.788 demo [http-nio-80-exec-4] INFO  c.l.d.common.shiro.RedisSessionDAO - 获取session:c4236cba-8230-4744-9716-280c85f2d028
2018-09-17 17:09:01.793 demo [http-nio-80-exec-6] INFO  c.l.d.common.shiro.RedisSessionDAO - 获取session:c4236cba-8230-4744-9716-280c85f2d028
2018-09-17 17:09:01.823 demo [http-nio-80-exec-5] INFO  c.l.d.common.shiro.RedisSessionDAO - 创建session:bdca9e5c-391f-4c8b-a1c6-6fb6d95b95f1
2018-09-17 17:09:01.824 demo [http-nio-80-exec-5] INFO  c.l.d.common.shiro.RedisSessionDAO - 获取session:bdca9e5c-391f-4c8b-a1c6-6fb6d95b95f1
2018-09-17 17:09:01.825 demo [http-nio-80-exec-5] INFO  c.l.d.common.shiro.RedisSessionDAO - 获取session:bdca9e5c-391f-4c8b-a1c6-6fb6d95b95f1
2018-09-17 17:09:01.831 demo [http-nio-80-exec-7] INFO  c.l.d.common.shiro.RedisSessionDAO - 获取session:bdca9e5c-391f-4c8b-a1c6-6fb6d95b95f1
2018-09-17 17:09:01.835 demo [http-nio-80-exec-10] INFO  c.l.d.common.shiro.RedisSessionDAO - 创建session:bdd2e357-5d29-476c-863c-764bcf97b950
2018-09-17 17:09:01.836 demo [http-nio-80-exec-10] INFO  c.l.d.common.shiro.RedisSessionDAO - 获取session:bdd2e357-5d29-476c-863c-764bcf97b950
2018-09-17 17:09:01.837 demo [http-nio-80-exec-10] INFO  c.l.d.common.shiro.RedisSessionDAO - 获取session:bdd2e357-5d29-476c-863c-764bcf97b950
2018-09-17 17:09:01.844 demo [http-nio-80-exec-9] INFO  c.l.d.common.shiro.RedisSessionDAO - 获取session:bdd2e357-5d29-476c-863c-764bcf97b950
2018-09-17 17:09:01.849 demo [http-nio-80-exec-1] INFO  c.l.d.common.shiro.RedisSessionDAO - 创建session:ff06b7f1-8540-41cb-905e-8f264a46fd18
2018-09-17 17:09:01.850 demo [http-nio-80-exec-1] INFO  c.l.d.common.shiro.RedisSessionDAO - 获取session:ff06b7f1-8540-41cb-905e-8f264a46fd18
2018-09-17 17:09:01.851 demo [http-nio-80-exec-1] INFO  c.l.d.common.shiro.RedisSessionDAO - 获取session:ff06b7f1-8540-41cb-905e-8f264a46fd18
2018-09-17 17:09:01.860 demo [http-nio-80-exec-8] INFO  c.l.d.common.shiro.RedisSessionDAO - 获取session:ff06b7f1-8540-41cb-905e-8f264a46fd18
2018-09-17 17:09:01.889 demo [http-nio-80-exec-2] INFO  c.l.d.common.shiro.RedisSessionDAO - 创建session:5da70a2e-b6ad-421a-9ac6-ae00a72a4098
2018-09-17 17:09:01.890 demo [http-nio-80-exec-2] INFO  c.l.d.common.shiro.RedisSessionDAO - 获取session:5da70a2e-b6ad-421a-9ac6-ae00a72a4098
2018-09-17 17:09:01.892 demo [http-nio-80-exec-2] INFO  c.l.d.common.shiro.RedisSessionDAO - 获取session:5da70a2e-b6ad-421a-9ac6-ae00a72a4098
2018-09-17 17:09:01.899 demo [http-nio-80-exec-3] INFO  c.l.d.common.shiro.RedisSessionDAO - 获取session:5da70a2e-b6ad-421a-9ac6-ae00a72a4098
2018-09-17 17:09:01.904 demo [http-nio-80-exec-4] INFO  c.l.d.common.shiro.RedisSessionDAO - 创建session:ac475541-e100-45a9-877d-80b8f60ae0cb
2018-09-17 17:09:01.906 demo [http-nio-80-exec-4] INFO  c.l.d.common.shiro.RedisSessionDAO - 获取session:ac475541-e100-45a9-877d-80b8f60ae0cb
2018-09-17 17:09:01.909 demo [http-nio-80-exec-4] INFO  c.l.d.common.shiro.RedisSessionDAO - 获取session:ac475541-e100-45a9-877d-80b8f60ae0cb
2018-09-17 17:09:01.927 demo [http-nio-80-exec-6] INFO  c.l.d.common.shiro.RedisSessionDAO - 获取session:ac475541-e100-45a9-877d-80b8f60ae0cb
2018-09-17 17:09:01.939 demo [http-nio-80-exec-5] INFO  c.l.d.common.shiro.RedisSessionDAO - 创建session:f1f9bd38-0f59-45fa-bf23-2a3c8af9d593
2018-09-17 17:09:01.941 demo [http-nio-80-exec-5] INFO  c.l.d.common.shiro.RedisSessionDAO - 获取session:f1f9bd38-0f59-45fa-bf23-2a3c8af9d593
2018-09-17 17:09:01.942 demo [http-nio-80-exec-5] INFO  c.l.d.common.shiro.RedisSessionDAO - 获取session:f1f9bd38-0f59-45fa-bf23-2a3c8af9d593
2018-09-17 17:09:01.948 demo [http-nio-80-exec-7] INFO  c.l.d.common.shiro.RedisSessionDAO - 获取session:f1f9bd38-0f59-45fa-bf23-2a3c8af9d593
2018-09-17 17:09:01.953 demo [http-nio-80-exec-10] INFO  c.l.d.common.shiro.RedisSessionDAO - 创建session:a1f49dd9-2326-4621-99c1-70e4ab4aa437
2018-09-17 17:09:01.954 demo [http-nio-80-exec-10] INFO  c.l.d.common.shiro.RedisSessionDAO - 获取session:a1f49dd9-2326-4621-99c1-70e4ab4aa437
2018-09-17 17:09:01.956 demo [http-nio-80-exec-10] INFO  c.l.d.common.shiro.RedisSessionDAO - 获取session:a1f49dd9-2326-4621-99c1-70e4ab4aa437
2018-09-17 17:09:01.976 demo [http-nio-80-exec-9] INFO  c.l.d.common.shiro.RedisSessionDAO - 获取session:a1f49dd9-2326-4621-99c1-70e4ab4aa437
2018-09-17 17:09:01.989 demo [http-nio-80-exec-1] INFO  c.l.d.common.shiro.RedisSessionDAO - 创建session:c1c7325e-4ce8-4696-9f4e-f45835524b1d
2018-09-17 17:09:01.990 demo [http-nio-80-exec-1] INFO  c.l.d.common.shiro.RedisSessionDAO - 获取session:c1c7325e-4ce8-4696-9f4e-f45835524b1d
2018-09-17 17:09:01.992 demo [http-nio-80-exec-1] INFO  c.l.d.common.shiro.RedisSessionDAO - 获取session:c1c7325e-4ce8-4696-9f4e-f45835524b1d
2018-09-17 17:09:01.997 demo [http-nio-80-exec-8] INFO  c.l.d.common.shiro.RedisSessionDAO - 获取session:c1c7325e-4ce8-4696-9f4e-f45835524b1d
2018-09-17 17:09:02.002 demo [http-nio-80-exec-2] INFO  c.l.d.common.shiro.RedisSessionDAO - 创建session:6bd8a064-6fad-433f-b3dc-0b0b3396f38f
2018-09-17 17:09:02.004 demo [http-nio-80-exec-2] INFO  c.l.d.common.shiro.RedisSessionDAO - 获取session:6bd8a064-6fad-433f-b3dc-0b0b3396f38f
2018-09-17 17:09:02.007 demo [http-nio-80-exec-2] INFO  c.l.d.common.shiro.RedisSessionDAO - 获取session:6bd8a064-6fad-433f-b3dc-0b0b3396f38f
2018-09-17 17:09:02.029 demo [http-nio-80-exec-3] INFO  c.l.d.common.shiro.RedisSessionDAO - 获取session:6bd8a064-6fad-433f-b3dc-0b0b3396f38f
2018-09-17 17:09:02.039 demo [http-nio-80-exec-4] INFO  c.l.d.common.shiro.RedisSessionDAO - 创建session:2af00e25-6844-4393-9a53-9996cc420dcf
2018-09-17 17:09:02.041 demo [http-nio-80-exec-4] INFO  c.l.d.common.shiro.RedisSessionDAO - 获取session:2af00e25-6844-4393-9a53-9996cc420dcf
2018-09-17 17:09:02.042 demo [http-nio-80-exec-4] INFO  c.l.d.common.shiro.RedisSessionDAO - 获取session:2af00e25-6844-4393-9a53-9996cc420dcf
2018-09-17 17:09:02.049 demo [http-nio-80-exec-6] INFO  c.l.d.common.shiro.RedisSessionDAO - 获取session:2af00e25-6844-4393-9a53-9996cc420dcf
2018-09-17 17:09:02.054 demo [http-nio-80-exec-5] INFO  c.l.d.common.shiro.RedisSessionDAO - 创建session:15213f82-54f2-4c81-9de0-c167be2aa78e
2018-09-17 17:09:02.055 demo [http-nio-80-exec-5] INFO  c.l.d.common.shiro.RedisSessionDAO - 获取session:15213f82-54f2-4c81-9de0-c167be2aa78e
2018-09-17 17:09:02.056 demo [http-nio-80-exec-5] INFO  c.l.d.common.shiro.RedisSessionDAO - 获取session:15213f82-54f2-4c81-9de0-c167be2aa78e
2018-09-17 17:09:02.061 demo [http-nio-80-exec-7] INFO  c.l.d.common.shiro.RedisSessionDAO - 获取session:15213f82-54f2-4c81-9de0-c167be2aa78e
2018-09-17 17:09:02.072 demo [http-nio-80-exec-10] INFO  c.l.d.common.shiro.RedisSessionDAO - 创建session:9187d6f8-7b03-418e-899b-83a6a7587ffc
2018-09-17 17:09:02.073 demo [http-nio-80-exec-10] INFO  c.l.d.common.shiro.RedisSessionDAO - 获取session:9187d6f8-7b03-418e-899b-83a6a7587ffc
2018-09-17 17:09:02.074 demo [http-nio-80-exec-10] INFO  c.l.d.common.shiro.RedisSessionDAO - 获取session:9187d6f8-7b03-418e-899b-83a6a7587ffc
2018-09-17 17:09:02.080 demo [http-nio-80-exec-9] INFO  c.l.d.common.shiro.RedisSessionDAO - 获取session:9187d6f8-7b03-418e-899b-83a6a7587ffc
2018-09-17 17:09:02.089 demo [http-nio-80-exec-1] INFO  c.l.d.common.shiro.RedisSessionDAO - 创建session:019bc333-9364-44e6-9ca0-b8679f97bec7
2018-09-17 17:09:02.090 demo [http-nio-80-exec-1] INFO  c.l.d.common.shiro.RedisSessionDAO - 获取session:019bc333-9364-44e6-9ca0-b8679f97bec7
2018-09-17 17:09:02.091 demo [http-nio-80-exec-1] INFO  c.l.d.common.shiro.RedisSessionDAO - 获取session:019bc333-9364-44e6-9ca0-b8679f97bec7
2018-09-17 17:09:02.098 demo [http-nio-80-exec-8] INFO  c.l.d.common.shiro.RedisSessionDAO - 获取session:019bc333-9364-44e6-9ca0-b8679f97bec7
2018-09-17 17:09:02.104 demo [http-nio-80-exec-2] INFO  c.l.d.common.shiro.RedisSessionDAO - 创建session:f91de940-3bfd-417d-b667-fa6c562e7c36
2018-09-17 17:09:02.106 demo [http-nio-80-exec-2] INFO  c.l.d.common.shiro.RedisSessionDAO - 获取session:f91de940-3bfd-417d-b667-fa6c562e7c36
2018-09-17 17:09:02.108 demo [http-nio-80-exec-2] INFO  c.l.d.common.shiro.RedisSessionDAO - 获取session:f91de940-3bfd-417d-b667-fa6c562e7c36
2018-09-17 17:09:02.116 demo [http-nio-80-exec-3] INFO  c.l.d.common.shiro.RedisSessionDAO - 获取session:f91de940-3bfd-417d-b667-fa6c562e7c36
2018-09-17 17:09:02.139 demo [http-nio-80-exec-4] INFO  c.l.d.common.shiro.RedisSessionDAO - 创建session:7a97ea9d-2639-4a26-8911-8e6bb1f5c8ad
2018-09-17 17:09:02.141 demo [http-nio-80-exec-4] INFO  c.l.d.common.shiro.RedisSessionDAO - 获取session:7a97ea9d-2639-4a26-8911-8e6bb1f5c8ad
2018-09-17 17:09:02.142 demo [http-nio-80-exec-4] INFO  c.l.d.common.shiro.RedisSessionDAO - 获取session:7a97ea9d-2639-4a26-8911-8e6bb1f5c8ad
2018-09-17 17:09:02.150 demo [http-nio-80-exec-6] INFO  c.l.d.common.shiro.RedisSessionDAO - 获取session:7a97ea9d-2639-4a26-8911-8e6bb1f5c8ad
2018-09-17 17:09:02.155 demo [http-nio-80-exec-5] INFO  c.l.d.common.shiro.RedisSessionDAO - 创建session:57eddd8c-e0ce-449c-9a98-eff8db21e62e
2018-09-17 17:09:02.156 demo [http-nio-80-exec-5] INFO  c.l.d.common.shiro.RedisSessionDAO - 获取session:57eddd8c-e0ce-449c-9a98-eff8db21e62e
2018-09-17 17:09:02.157 demo [http-nio-80-exec-5] INFO  c.l.d.common.shiro.RedisSessionDAO - 获取session:57eddd8c-e0ce-449c-9a98-eff8db21e62e
2018-09-17 17:09:02.162 demo [http-nio-80-exec-7] INFO  c.l.d.common.shiro.RedisSessionDAO - 获取session:57eddd8c-e0ce-449c-9a98-eff8db21e62e
2018-09-17 17:09:02.167 demo [http-nio-80-exec-10] INFO  c.l.d.common.shiro.RedisSessionDAO - 创建session:281cd3b4-c323-4b97-bac1-e305f4cfcbc2
2018-09-17 17:09:02.168 demo [http-nio-80-exec-10] INFO  c.l.d.common.shiro.RedisSessionDAO - 获取session:281cd3b4-c323-4b97-bac1-e305f4cfcbc2
2018-09-17 17:09:02.169 demo [http-nio-80-exec-10] INFO  c.l.d.common.shiro.RedisSessionDAO - 获取session:281cd3b4-c323-4b97-bac1-e305f4cfcbc2
2018-09-17 17:09:02.193 demo [http-nio-80-exec-9] INFO  c.l.d.common.shiro.RedisSessionDAO - 获取session:281cd3b4-c323-4b97-bac1-e305f4cfcbc2
2018-09-17 17:09:02.206 demo [http-nio-80-exec-1] INFO  c.l.d.common.shiro.RedisSessionDAO - 创建session:ea85aa33-7927-4ae0-8521-fc1c22a8d464
2018-09-17 17:09:02.208 demo [http-nio-80-exec-1] INFO  c.l.d.common.shiro.RedisSessionDAO - 获取session:ea85aa33-7927-4ae0-8521-fc1c22a8d464
2018-09-17 17:09:02.209 demo [http-nio-80-exec-1] INFO  c.l.d.common.shiro.RedisSessionDAO - 获取session:ea85aa33-7927-4ae0-8521-fc1c22a8d464
2018-09-17 17:09:02.216 demo [http-nio-80-exec-8] INFO  c.l.d.common.shiro.RedisSessionDAO - 获取session:ea85aa33-7927-4ae0-8521-fc1c22a8d464
2018-09-17 17:09:02.222 demo [http-nio-80-exec-2] INFO  c.l.d.common.shiro.RedisSessionDAO - 创建session:c19f586b-7b6c-4b32-82fe-b7b3cbc877f4
2018-09-17 17:09:02.223 demo [http-nio-80-exec-2] INFO  c.l.d.common.shiro.RedisSessionDAO - 获取session:c19f586b-7b6c-4b32-82fe-b7b3cbc877f4
2018-09-17 17:09:02.224 demo [http-nio-80-exec-2] INFO  c.l.d.common.shiro.RedisSessionDAO - 获取session:c19f586b-7b6c-4b32-82fe-b7b3cbc877f4
2018-09-17 17:09:02.242 demo [http-nio-80-exec-3] INFO  c.l.d.common.shiro.RedisSessionDAO - 获取session:c19f586b-7b6c-4b32-82fe-b7b3cbc877f4
2018-09-17 17:09:02.256 demo [http-nio-80-exec-4] INFO  c.l.d.common.shiro.RedisSessionDAO - 创建session:fc3163e7-e418-4577-bdf2-554519bdcc68
2018-09-17 17:09:02.258 demo [http-nio-80-exec-4] INFO  c.l.d.common.shiro.RedisSessionDAO - 获取session:fc3163e7-e418-4577-bdf2-554519bdcc68
2018-09-17 17:09:02.259 demo [http-nio-80-exec-4] INFO  c.l.d.common.shiro.RedisSessionDAO - 获取session:fc3163e7-e418-4577-bdf2-554519bdcc68
2018-09-17 17:09:02.266 demo [http-nio-80-exec-6] INFO  c.l.d.common.shiro.RedisSessionDAO - 获取session:fc3163e7-e418-4577-bdf2-554519bdcc68
2018-09-17 17:09:02.272 demo [http-nio-80-exec-5] INFO  c.l.d.common.shiro.RedisSessionDAO - 创建session:40282a6f-c479-438b-8699-c141dad0a7cd
2018-09-17 17:09:02.273 demo [http-nio-80-exec-5] INFO  c.l.d.common.shiro.RedisSessionDAO - 获取session:40282a6f-c479-438b-8699-c141dad0a7cd
2018-09-17 17:09:02.274 demo [http-nio-80-exec-5] INFO  c.l.d.common.shiro.RedisSessionDAO - 获取session:40282a6f-c479-438b-8699-c141dad0a7cd
2018-09-17 17:09:02.293 demo [http-nio-80-exec-7] INFO  c.l.d.common.shiro.RedisSessionDAO - 获取session:40282a6f-c479-438b-8699-c141dad0a7cd
2018-09-17 17:09:02.306 demo [http-nio-80-exec-10] INFO  c.l.d.common.shiro.RedisSessionDAO - 创建session:c553098e-88e5-41a5-af68-06e68ccba5d1
2018-09-17 17:09:02.308 demo [http-nio-80-exec-10] INFO  c.l.d.common.shiro.RedisSessionDAO - 获取session:c553098e-88e5-41a5-af68-06e68ccba5d1
2018-09-17 17:09:02.309 demo [http-nio-80-exec-10] INFO  c.l.d.common.shiro.RedisSessionDAO - 获取session:c553098e-88e5-41a5-af68-06e68ccba5d1
2018-09-17 17:09:02.318 demo [http-nio-80-exec-9] INFO  c.l.d.common.shiro.RedisSessionDAO - 获取session:c553098e-88e5-41a5-af68-06e68ccba5d1
2018-09-17 17:09:02.339 demo [http-nio-80-exec-1] INFO  c.l.d.common.shiro.RedisSessionDAO - 创建session:719d15c8-6ede-45b3-9815-a18e8bdc1b05
2018-09-17 17:09:02.341 demo [http-nio-80-exec-1] INFO  c.l.d.common.shiro.RedisSessionDAO - 获取session:719d15c8-6ede-45b3-9815-a18e8bdc1b05
2018-09-17 17:09:02.343 demo [http-nio-80-exec-1] INFO  c.l.d.common.shiro.RedisSessionDAO - 获取session:719d15c8-6ede-45b3-9815-a18e8bdc1b05
2018-09-17 17:09:02.360 demo [http-nio-80-exec-8] INFO  c.l.d.common.shiro.RedisSessionDAO - 获取session:719d15c8-6ede-45b3-9815-a18e8bdc1b05
2018-09-17 17:09:02.366 demo [http-nio-80-exec-2] INFO  c.l.d.common.shiro.RedisSessionDAO - 创建session:5d085e78-10b1-44f8-a9bf-48b10e924081
2018-09-17 17:09:02.369 demo [http-nio-80-exec-2] INFO  c.l.d.common.shiro.RedisSessionDAO - 获取session:5d085e78-10b1-44f8-a9bf-48b10e924081
2018-09-17 17:09:02.371 demo [http-nio-80-exec-2] INFO  c.l.d.common.shiro.RedisSessionDAO - 获取session:5d085e78-10b1-44f8-a9bf-48b10e924081
2018-09-17 17:09:02.383 demo [http-nio-80-exec-3] INFO  c.l.d.common.shiro.RedisSessionDAO - 获取session:5d085e78-10b1-44f8-a9bf-48b10e924081
2018-09-17 17:09:02.406 demo [http-nio-80-exec-4] INFO  c.l.d.common.shiro.RedisSessionDAO - 创建session:57ecb706-9507-4cce-8615-cfb2735249af
2018-09-17 17:09:02.408 demo [http-nio-80-exec-4] INFO  c.l.d.common.shiro.RedisSessionDAO - 获取session:57ecb706-9507-4cce-8615-cfb2735249af
2018-09-17 17:09:02.409 demo [http-nio-80-exec-4] INFO  c.l.d.common.shiro.RedisSessionDAO - 获取session:57ecb706-9507-4cce-8615-cfb2735249af
2018-09-17 17:09:02.417 demo [http-nio-80-exec-6] INFO  c.l.d.common.shiro.RedisSessionDAO - 获取session:57ecb706-9507-4cce-8615-cfb2735249af
2018-09-17 17:09:02.423 demo [http-nio-80-exec-5] INFO  c.l.d.common.shiro.RedisSessionDAO - 创建session:12941113-ee71-41d4-ab05-6a3dbdc4a03e
2018-09-17 17:09:02.424 demo [http-nio-80-exec-5] INFO  c.l.d.common.shiro.RedisSessionDAO - 获取session:12941113-ee71-41d4-ab05-6a3dbdc4a03e
2018-09-17 17:09:02.426 demo [http-nio-80-exec-5] INFO  c.l.d.common.shiro.RedisSessionDAO - 获取session:12941113-ee71-41d4-ab05-6a3dbdc4a03e
2018-09-17 17:09:02.432 demo [http-nio-80-exec-7] INFO  c.l.d.common.shiro.RedisSessionDAO - 获取session:12941113-ee71-41d4-ab05-6a3dbdc4a03e
2018-09-17 17:09:02.438 demo [http-nio-80-exec-10] INFO  c.l.d.common.shiro.RedisSessionDAO - 创建session:396dda19-dfe4-4f74-b5cd-c427325e026c
2018-09-17 17:09:02.439 demo [http-nio-80-exec-10] INFO  c.l.d.common.shiro.RedisSessionDAO - 获取session:396dda19-dfe4-4f74-b5cd-c427325e026c
2018-09-17 17:09:02.440 demo [http-nio-80-exec-10] INFO  c.l.d.common.shiro.RedisSessionDAO - 获取session:396dda19-dfe4-4f74-b5cd-c427325e026c
2018-09-17 17:09:02.459 demo [http-nio-80-exec-9] INFO  c.l.d.common.shiro.RedisSessionDAO - 获取session:396dda19-dfe4-4f74-b5cd-c427325e026c
2018-09-17 17:09:02.472 demo [http-nio-80-exec-1] INFO  c.l.d.common.shiro.RedisSessionDAO - 创建session:96e24e7f-3120-4a81-b448-e432280b1a6f
2018-09-17 17:09:02.474 demo [http-nio-80-exec-1] INFO  c.l.d.common.shiro.RedisSessionDAO - 获取session:96e24e7f-3120-4a81-b448-e432280b1a6f
2018-09-17 17:09:02.475 demo [http-nio-80-exec-1] INFO  c.l.d.common.shiro.RedisSessionDAO - 获取session:96e24e7f-3120-4a81-b448-e432280b1a6f
2018-09-17 17:09:02.481 demo [http-nio-80-exec-8] INFO  c.l.d.common.shiro.RedisSessionDAO - 获取session:96e24e7f-3120-4a81-b448-e432280b1a6f
2018-09-17 17:09:02.487 demo [http-nio-80-exec-2] INFO  c.l.d.common.shiro.RedisSessionDAO - 创建session:c65d2d9d-6e18-4c2d-9314-fe58816e2682
2018-09-17 17:09:02.489 demo [http-nio-80-exec-2] INFO  c.l.d.common.shiro.RedisSessionDAO - 获取session:c65d2d9d-6e18-4c2d-9314-fe58816e2682
2018-09-17 17:09:02.491 demo [http-nio-80-exec-2] INFO  c.l.d.common.shiro.RedisSessionDAO - 获取session:c65d2d9d-6e18-4c2d-9314-fe58816e2682
2018-09-17 17:09:02.499 demo [http-nio-80-exec-3] INFO  c.l.d.common.shiro.RedisSessionDAO - 获取session:c65d2d9d-6e18-4c2d-9314-fe58816e2682
2018-09-17 17:09:02.514 demo [http-nio-80-exec-4] INFO  c.l.d.common.shiro.RedisSessionDAO - 创建session:6ae5db6f-21bc-44ad-afe9-806649aa3c01
2018-09-17 17:09:02.515 demo [http-nio-80-exec-4] INFO  c.l.d.common.shiro.RedisSessionDAO - 获取session:6ae5db6f-21bc-44ad-afe9-806649aa3c01
2018-09-17 17:09:02.517 demo [http-nio-80-exec-4] INFO  c.l.d.common.shiro.RedisSessionDAO - 获取session:6ae5db6f-21bc-44ad-afe9-806649aa3c01
2018-09-17 17:09:02.525 demo [http-nio-80-exec-6] INFO  c.l.d.common.shiro.RedisSessionDAO - 获取session:6ae5db6f-21bc-44ad-afe9-806649aa3c01
2018-09-17 17:09:02.531 demo [http-nio-80-exec-5] INFO  c.l.d.common.shiro.RedisSessionDAO - 创建session:2e50840f-4c64-427d-8483-dc76a2413d57
2018-09-17 17:09:02.532 demo [http-nio-80-exec-5] INFO  c.l.d.common.shiro.RedisSessionDAO - 获取session:2e50840f-4c64-427d-8483-dc76a2413d57
2018-09-17 17:09:02.533 demo [http-nio-80-exec-5] INFO  c.l.d.common.shiro.RedisSessionDAO - 获取session:2e50840f-4c64-427d-8483-dc76a2413d57
2018-09-17 17:09:02.539 demo [http-nio-80-exec-7] INFO  c.l.d.common.shiro.RedisSessionDAO - 获取session:2e50840f-4c64-427d-8483-dc76a2413d57
2018-09-17 17:09:02.544 demo [http-nio-80-exec-10] INFO  c.l.d.common.shiro.RedisSessionDAO - 创建session:f66874f3-d87d-4268-8c9d-0f79ac330ba8
2018-09-17 17:09:02.546 demo [http-nio-80-exec-10] INFO  c.l.d.common.shiro.RedisSessionDAO - 获取session:f66874f3-d87d-4268-8c9d-0f79ac330ba8
2018-09-17 17:09:02.547 demo [http-nio-80-exec-10] INFO  c.l.d.common.shiro.RedisSessionDAO - 获取session:f66874f3-d87d-4268-8c9d-0f79ac330ba8
2018-09-17 17:09:02.555 demo [http-nio-80-exec-9] INFO  c.l.d.common.shiro.RedisSessionDAO - 获取session:f66874f3-d87d-4268-8c9d-0f79ac330ba8
2018-09-17 17:09:02.573 demo [http-nio-80-exec-1] INFO  c.l.d.common.shiro.RedisSessionDAO - 创建session:8f89093b-e130-4cd1-af8a-f113cae7e6d7
2018-09-17 17:09:02.574 demo [http-nio-80-exec-1] INFO  c.l.d.common.shiro.RedisSessionDAO - 获取session:8f89093b-e130-4cd1-af8a-f113cae7e6d7
2018-09-17 17:09:02.575 demo [http-nio-80-exec-1] INFO  c.l.d.common.shiro.RedisSessionDAO - 获取session:8f89093b-e130-4cd1-af8a-f113cae7e6d7
2018-09-17 17:09:02.584 demo [http-nio-80-exec-8] INFO  c.l.d.common.shiro.RedisSessionDAO - 获取session:8f89093b-e130-4cd1-af8a-f113cae7e6d7
2018-09-17 17:09:02.590 demo [http-nio-80-exec-2] INFO  c.l.d.common.shiro.RedisSessionDAO - 创建session:4e7c128a-94ee-47c4-8e34-4bce880e3558
2018-09-17 17:09:02.591 demo [http-nio-80-exec-2] INFO  c.l.d.common.shiro.RedisSessionDAO - 获取session:4e7c128a-94ee-47c4-8e34-4bce880e3558
2018-09-17 17:09:02.593 demo [http-nio-80-exec-2] INFO  c.l.d.common.shiro.RedisSessionDAO - 获取session:4e7c128a-94ee-47c4-8e34-4bce880e3558
2018-09-17 17:09:02.598 demo [http-nio-80-exec-3] INFO  c.l.d.common.shiro.RedisSessionDAO - 获取session:4e7c128a-94ee-47c4-8e34-4bce880e3558
2018-09-17 17:09:02.603 demo [http-nio-80-exec-4] INFO  c.l.d.common.shiro.RedisSessionDAO - 创建session:01c77bff-9d28-48d7-bd27-d878f3e455de
2018-09-17 17:09:02.604 demo [http-nio-80-exec-4] INFO  c.l.d.common.shiro.RedisSessionDAO - 获取session:01c77bff-9d28-48d7-bd27-d878f3e455de
2018-09-17 17:09:02.605 demo [http-nio-80-exec-4] INFO  c.l.d.common.shiro.RedisSessionDAO - 获取session:01c77bff-9d28-48d7-bd27-d878f3e455de
2018-09-17 17:09:02.625 demo [http-nio-80-exec-6] INFO  c.l.d.common.shiro.RedisSessionDAO - 获取session:01c77bff-9d28-48d7-bd27-d878f3e455de
2018-09-17 17:09:02.639 demo [http-nio-80-exec-5] INFO  c.l.d.common.shiro.RedisSessionDAO - 创建session:4b452775-af58-4a2c-bde1-88b4f8fdd530
2018-09-17 17:09:02.640 demo [http-nio-80-exec-5] INFO  c.l.d.common.shiro.RedisSessionDAO - 获取session:4b452775-af58-4a2c-bde1-88b4f8fdd530
2018-09-17 17:09:02.641 demo [http-nio-80-exec-5] INFO  c.l.d.common.shiro.RedisSessionDAO - 获取session:4b452775-af58-4a2c-bde1-88b4f8fdd530
2018-09-17 17:09:02.647 demo [http-nio-80-exec-7] INFO  c.l.d.common.shiro.RedisSessionDAO - 获取session:4b452775-af58-4a2c-bde1-88b4f8fdd530
2018-09-17 17:09:02.653 demo [http-nio-80-exec-10] INFO  c.l.d.common.shiro.RedisSessionDAO - 创建session:989b6100-01e8-4da6-9028-04da6335d507
2018-09-17 17:09:02.655 demo [http-nio-80-exec-10] INFO  c.l.d.common.shiro.RedisSessionDAO - 获取session:989b6100-01e8-4da6-9028-04da6335d507
2018-09-17 17:09:02.658 demo [http-nio-80-exec-10] INFO  c.l.d.common.shiro.RedisSessionDAO - 获取session:989b6100-01e8-4da6-9028-04da6335d507
2018-09-17 17:09:02.676 demo [http-nio-80-exec-9] INFO  c.l.d.common.shiro.RedisSessionDAO - 获取session:989b6100-01e8-4da6-9028-04da6335d507
2018-09-17 17:09:02.689 demo [http-nio-80-exec-1] INFO  c.l.d.common.shiro.RedisSessionDAO - 创建session:748f10d5-c17c-4c7f-b2ac-e89ad53f85c3
2018-09-17 17:09:02.691 demo [http-nio-80-exec-1] INFO  c.l.d.common.shiro.RedisSessionDAO - 获取session:748f10d5-c17c-4c7f-b2ac-e89ad53f85c3
2018-09-17 17:09:02.692 demo [http-nio-80-exec-1] INFO  c.l.d.common.shiro.RedisSessionDAO - 获取session:748f10d5-c17c-4c7f-b2ac-e89ad53f85c3
2018-09-17 17:09:02.697 demo [http-nio-80-exec-8] INFO  c.l.d.common.shiro.RedisSessionDAO - 获取session:748f10d5-c17c-4c7f-b2ac-e89ad53f85c3
2018-09-17 17:09:02.703 demo [http-nio-80-exec-2] INFO  c.l.d.common.shiro.RedisSessionDAO - 创建session:98983b2e-0e0e-4a1f-a0b6-5c9666f25dbf
2018-09-17 17:09:02.705 demo [http-nio-80-exec-2] INFO  c.l.d.common.shiro.RedisSessionDAO - 获取session:98983b2e-0e0e-4a1f-a0b6-5c9666f25dbf
2018-09-17 17:09:02.706 demo [http-nio-80-exec-2] INFO  c.l.d.common.shiro.RedisSessionDAO - 获取session:98983b2e-0e0e-4a1f-a0b6-5c9666f25dbf
2018-09-17 17:09:02.729 demo [http-nio-80-exec-3] INFO  c.l.d.common.shiro.RedisSessionDAO - 获取session:98983b2e-0e0e-4a1f-a0b6-5c9666f25dbf
2018-09-17 17:09:02.734 demo [http-nio-80-exec-4] INFO  c.l.d.common.shiro.RedisSessionDAO - 创建session:ee9e3ad7-3188-47d9-a38e-695a70af74d4
2018-09-17 17:09:02.738 demo [http-nio-80-exec-4] INFO  c.l.d.common.shiro.RedisSessionDAO - 获取session:ee9e3ad7-3188-47d9-a38e-695a70af74d4
2018-09-17 17:09:02.740 demo [http-nio-80-exec-4] INFO  c.l.d.common.shiro.RedisSessionDAO - 获取session:ee9e3ad7-3188-47d9-a38e-695a70af74d4
2018-09-17 17:09:02.749 demo [http-nio-80-exec-6] INFO  c.l.d.common.shiro.RedisSessionDAO - 获取session:ee9e3ad7-3188-47d9-a38e-695a70af74d4
2018-09-17 17:09:02.757 demo [http-nio-80-exec-5] INFO  c.l.d.common.shiro.RedisSessionDAO - 创建session:e62ce8e6-0e91-44db-91d5-1cdaa63c7ad8
2018-09-17 17:09:02.759 demo [http-nio-80-exec-5] INFO  c.l.d.common.shiro.RedisSessionDAO - 获取session:e62ce8e6-0e91-44db-91d5-1cdaa63c7ad8
2018-09-17 17:09:02.760 demo [http-nio-80-exec-5] INFO  c.l.d.common.shiro.RedisSessionDAO - 获取session:e62ce8e6-0e91-44db-91d5-1cdaa63c7ad8
2018-09-17 17:09:02.785 demo [http-nio-80-exec-7] INFO  c.l.d.common.shiro.RedisSessionDAO - 获取session:e62ce8e6-0e91-44db-91d5-1cdaa63c7ad8
2018-09-17 17:09:02.793 demo [http-nio-80-exec-10] INFO  c.l.d.common.shiro.RedisSessionDAO - 创建session:ecb81ccd-1942-4ba2-90e2-3ef793f27f2f
2018-09-17 17:09:02.795 demo [http-nio-80-exec-10] INFO  c.l.d.common.shiro.RedisSessionDAO - 获取session:ecb81ccd-1942-4ba2-90e2-3ef793f27f2f
2018-09-17 17:09:02.797 demo [http-nio-80-exec-10] INFO  c.l.d.common.shiro.RedisSessionDAO - 获取session:ecb81ccd-1942-4ba2-90e2-3ef793f27f2f
2018-09-17 17:09:02.808 demo [http-nio-80-exec-9] INFO  c.l.d.common.shiro.RedisSessionDAO - 获取session:ecb81ccd-1942-4ba2-90e2-3ef793f27f2f
2018-09-17 17:09:02.812 demo [http-nio-80-exec-1] INFO  c.l.d.common.shiro.RedisSessionDAO - 创建session:c389775a-7d5c-4817-a873-c7159ae2b7d1
2018-09-17 17:09:02.813 demo [http-nio-80-exec-1] INFO  c.l.d.common.shiro.RedisSessionDAO - 获取session:c389775a-7d5c-4817-a873-c7159ae2b7d1
2018-09-17 17:09:02.818 demo [http-nio-80-exec-1] INFO  c.l.d.common.shiro.RedisSessionDAO - 获取session:c389775a-7d5c-4817-a873-c7159ae2b7d1
2018-09-17 17:09:02.850 demo [http-nio-80-exec-8] INFO  c.l.d.common.shiro.RedisSessionDAO - 获取session:c389775a-7d5c-4817-a873-c7159ae2b7d1
2018-09-17 17:09:02.857 demo [http-nio-80-exec-2] INFO  c.l.d.common.shiro.RedisSessionDAO - 创建session:b566d2d0-44ab-4931-bb95-dbfe6f5a27d5
2018-09-17 17:09:02.858 demo [http-nio-80-exec-2] INFO  c.l.d.common.shiro.RedisSessionDAO - 获取session:b566d2d0-44ab-4931-bb95-dbfe6f5a27d5
2018-09-17 17:09:02.860 demo [http-nio-80-exec-2] INFO  c.l.d.common.shiro.RedisSessionDAO - 获取session:b566d2d0-44ab-4931-bb95-dbfe6f5a27d5
2018-09-17 17:09:02.866 demo [http-nio-80-exec-3] INFO  c.l.d.common.shiro.RedisSessionDAO - 获取session:b566d2d0-44ab-4931-bb95-dbfe6f5a27d5
2018-09-17 17:09:17.199 demo [http-nio-80-exec-4] INFO  c.l.d.common.shiro.RedisSessionDAO - 获取session:0c521426-0487-43e1-8784-c4a27c906999
2018-09-17 17:09:17.205 demo [http-nio-80-exec-4] INFO  c.l.d.common.shiro.RedisSessionDAO - 创建session:b42572a0-17b2-4f89-b26a-f1d12a58cbb6
2018-09-17 17:09:17.208 demo [http-nio-80-exec-4] INFO  c.l.d.common.shiro.RedisSessionDAO - 获取session:b42572a0-17b2-4f89-b26a-f1d12a58cbb6
2018-09-17 17:09:17.211 demo [http-nio-80-exec-4] INFO  c.l.d.common.shiro.RedisSessionDAO - 获取session:b42572a0-17b2-4f89-b26a-f1d12a58cbb6
2018-09-17 17:09:17.218 demo [http-nio-80-exec-4] INFO  c.l.d.common.shiro.RedisSessionDAO - 获取session:b42572a0-17b2-4f89-b26a-f1d12a58cbb6
2018-09-17 17:09:17.224 demo [http-nio-80-exec-4] INFO  c.l.d.m.system.service.UserService - zwb{UserService.doLogin}==>进入函数
2018-09-17 17:09:17.224 demo [http-nio-80-exec-4] INFO  c.l.d.m.system.service.UserService - zwb{UserService.doLogin}==>用户未通过认证，准备进行认证
2018-09-17 17:09:17.237 demo [http-nio-80-exec-4] INFO  c.l.d.common.shiro.RedisSessionDAO - 获取session:b42572a0-17b2-4f89-b26a-f1d12a58cbb6
2018-09-17 17:09:17.241 demo [http-nio-80-exec-4] INFO  c.l.d.common.shiro.RedisSessionDAO - 获取session:b42572a0-17b2-4f89-b26a-f1d12a58cbb6
2018-09-17 17:09:17.244 demo [http-nio-80-exec-4] INFO  c.l.d.m.system.service.UserService - zwb{UserService.doLogin}==>用户认证完成
2018-09-17 17:09:17.245 demo [http-nio-80-exec-4] INFO  c.l.d.m.system.service.UserService - zwb{UserService.doLogin}==>认证完成后获取用户信息
2018-09-17 17:09:23.204 demo [http-nio-80-exec-6] INFO  c.l.d.common.shiro.RedisSessionDAO - 获取session:b42572a0-17b2-4f89-b26a-f1d12a58cbb6
2018-09-17 17:09:23.210 demo [http-nio-80-exec-6] INFO  c.l.d.common.shiro.RedisSessionDAO - 获取session:b42572a0-17b2-4f89-b26a-f1d12a58cbb6
2018-09-17 17:09:23.213 demo [http-nio-80-exec-6] INFO  c.l.d.m.system.service.UserService - zwb{UserService.doLogin}==>进入函数
2018-09-17 17:09:23.213 demo [http-nio-80-exec-6] INFO  c.l.d.m.system.service.UserService - zwb{UserService.doLogin}==>用户已经认证通过
